<?xml version="1.0" encoding="UTF-8"?>

<!-- generated on 2025-08-15 10:56:08.629366 by randomTrips.py v1_22_0+0002-63e50f52594
<configuration>
    <net-file value="test.net.xml"/>
    <output-trip-file value="test-demo.rou.xml"/>
    <trip-attributes value="type=&quot;td_0&quot; departLane=&quot;best&quot; departSpeed=&quot;max&quot; departPos=&quot;random&quot;"/>
    <lanes value="True"/>
    <end value="1200.0"/>
    <insertion-rate value="5000.0"/>
</configuration>
-->

<routes xmlns:xsi="http://www.w3.org/2001/XMLSchema-instance" xsi:noNamespaceSchemaLocation="http://sumo.dlr.de/xsd/routes_file.xsd">
    <trip id="0" depart="0.00" from="15" to="-121" type="td_0" departLane="best" departSpeed="max" departPos="random"/>
    <trip id="1" depart="0.72" from="-38" to="-356" type="td_0" departLane="best" departSpeed="max" departPos="random"/>
    <trip id="2" depart="1.44" from="336" to="348" type="td_0" departLane="best" departSpeed="max" departPos="random"/>
    <trip id="3" depart="2.16" from="570" to="-15" type="td_0" departLane="best" departSpeed="max" departPos="random"/>
    <trip id="4" depart="2.88" from="-592" to="-121" type="td_0" departLane="best" departSpeed="max" departPos="random"/>
    <trip id="5" depart="3.60" from="-344" to="126" type="td_0" departLane="best" departSpeed="max" departPos="random"/>
    <trip id="6" depart="4.32" from="-119" to="-344" type="td_0" departLane="best" departSpeed="max" departPos="random"/>
    <trip id="7" depart="5.04" from="17" to="15" type="td_0" departLane="best" departSpeed="max" departPos="random"/>
    <trip id="8" depart="5.76" from="-344" to="313" type="td_0" departLane="best" departSpeed="max" departPos="random"/>
    <trip id="9" depart="6.48" from="379" to="-116" type="td_0" departLane="best" departSpeed="max" departPos="random"/>
    <trip id="10" depart="7.20" from="379" to="361" type="td_0" departLane="best" departSpeed="max" departPos="random"/>
    <trip id="11" depart="7.92" from="-523" to="-325" type="td_0" departLane="best" departSpeed="max" departPos="random"/>
    <trip id="12" depart="8.64" from="608" to="-570" type="td_0" departLane="best" departSpeed="max" departPos="random"/>
    <trip id="13" depart="9.36" from="-15" to="-17" type="td_0" departLane="best" departSpeed="max" departPos="random"/>
    <trip id="14" depart="10.08" from="504" to="325" type="td_0" departLane="best" departSpeed="max" departPos="random"/>
    <trip id="15" depart="10.80" from="379" to="381" type="td_0" departLane="best" departSpeed="max" departPos="random"/>
    <trip id="16" depart="11.52" from="-642" to="64" type="td_0" departLane="best" departSpeed="max" departPos="random"/>
    <trip id="17" depart="12.24" from="-570" to="17" type="td_0" departLane="best" departSpeed="max" departPos="random"/>
    <trip id="18" depart="12.96" from="383" to="326" type="td_0" departLane="best" departSpeed="max" departPos="random"/>
    <trip id="19" depart="13.68" from="517" to="25" type="td_0" departLane="best" departSpeed="max" departPos="random"/>
    <trip id="20" depart="14.40" from="325" to="-125" type="td_0" departLane="best" departSpeed="max" departPos="random"/>
    <trip id="21" depart="15.12" from="-348" to="-504" type="td_0" departLane="best" departSpeed="max" departPos="random"/>
    <trip id="22" depart="15.84" from="-13" to="-361" type="td_0" departLane="best" departSpeed="max" departPos="random"/>
    <trip id="23" depart="16.56" from="-17" to="-383" type="td_0" departLane="best" departSpeed="max" departPos="random"/>
    <trip id="24" depart="17.28" from="138" to="-588" type="td_0" departLane="best" departSpeed="max" departPos="random"/>
    <trip id="25" depart="18.00" from="-569" to="-348" type="td_0" departLane="best" departSpeed="max" departPos="random"/>
    <trip id="26" depart="18.72" from="-379" to="621" type="td_0" departLane="best" departSpeed="max" departPos="random"/>
    <trip id="27" depart="19.44" from="17" to="325" type="td_0" departLane="best" departSpeed="max" departPos="random"/>
    <trip id="28" depart="20.16" from="-326" to="381" type="td_0" departLane="best" departSpeed="max" departPos="random"/>
    <trip id="29" depart="20.88" from="-325" to="-589" type="td_0" departLane="best" departSpeed="max" departPos="random"/>
    <trip id="30" depart="21.60" from="7" to="333" type="td_0" departLane="best" departSpeed="max" departPos="random"/>
    <trip id="31" depart="22.32" from="116" to="349" type="td_0" departLane="best" departSpeed="max" departPos="random"/>
    <trip id="32" depart="23.04" from="492" to="505" type="td_0" departLane="best" departSpeed="max" departPos="random"/>
    <trip id="33" depart="23.76" from="-348" to="-121" type="td_0" departLane="best" departSpeed="max" departPos="random"/>
    <trip id="34" depart="24.48" from="-504" to="-381" type="td_0" departLane="best" departSpeed="max" departPos="random"/>
    <trip id="35" depart="25.20" from="-338" to="623" type="td_0" departLane="best" departSpeed="max" departPos="random"/>
    <trip id="36" depart="25.92" from="535" to="-523" type="td_0" departLane="best" departSpeed="max" departPos="random"/>
    <trip id="37" depart="26.64" from="19" to="-601" type="td_0" departLane="best" departSpeed="max" departPos="random"/>
    <trip id="38" depart="27.36" from="585" to="116" type="td_0" departLane="best" departSpeed="max" departPos="random"/>
    <trip id="39" depart="28.08" from="-379" to="-365" type="td_0" departLane="best" departSpeed="max" departPos="random"/>
    <trip id="40" depart="28.80" from="116" to="-38" type="td_0" departLane="best" departSpeed="max" departPos="random"/>
    <trip id="41" depart="29.52" from="121" to="608" type="td_0" departLane="best" departSpeed="max" departPos="random"/>
    <trip id="42" depart="30.24" from="-585" to="-349" type="td_0" departLane="best" departSpeed="max" departPos="random"/>
    <trip id="43" depart="30.96" from="9" to="126" type="td_0" departLane="best" departSpeed="max" departPos="random"/>
    <trip id="44" depart="31.68" from="-15" to="-125" type="td_0" departLane="best" departSpeed="max" departPos="random"/>
    <trip id="45" depart="32.40" from="-19" to="330" type="td_0" departLane="best" departSpeed="max" departPos="random"/>
    <trip id="46" depart="33.12" from="361" to="-64" type="td_0" departLane="best" departSpeed="max" departPos="random"/>
    <trip id="47" depart="33.84" from="-126" to="-592" type="td_0" departLane="best" departSpeed="max" departPos="random"/>
    <trip id="48" depart="34.56" from="9" to="138" type="td_0" departLane="best" departSpeed="max" departPos="random"/>
    <trip id="49" depart="35.28" from="614" to="589" type="td_0" departLane="best" departSpeed="max" departPos="random"/>
    <trip id="50" depart="36.00" from="-116" to="38" type="td_0" departLane="best" departSpeed="max" departPos="random"/>
    <trip id="51" depart="36.72" from="3" to="138" type="td_0" departLane="best" departSpeed="max" departPos="random"/>
    <trip id="52" depart="37.44" from="-379" to="333" type="td_0" departLane="best" departSpeed="max" departPos="random"/>
    <trip id="53" depart="38.16" from="-19" to="-7" type="td_0" departLane="best" departSpeed="max" departPos="random"/>
    <trip id="54" depart="38.88" from="-608" to="625" type="td_0" departLane="best" departSpeed="max" departPos="random"/>
    <trip id="55" depart="39.60" from="523" to="-38" type="td_0" departLane="best" departSpeed="max" departPos="random"/>
    <trip id="56" depart="40.32" from="-623" to="-333" type="td_0" departLane="best" departSpeed="max" departPos="random"/>
    <trip id="57" depart="41.04" from="585" to="592" type="td_0" departLane="best" departSpeed="max" departPos="random"/>
    <trip id="58" depart="41.76" from="-492" to="333" type="td_0" departLane="best" departSpeed="max" departPos="random"/>
    <trip id="59" depart="42.48" from="126" to="-325" type="td_0" departLane="best" departSpeed="max" departPos="random"/>
    <trip id="60" depart="43.20" from="348" to="15" type="td_0" departLane="best" departSpeed="max" departPos="random"/>
    <trip id="61" depart="43.92" from="356" to="138" type="td_0" departLane="best" departSpeed="max" departPos="random"/>
    <trip id="62" depart="44.64" from="-11" to="-535" type="td_0" departLane="best" departSpeed="max" departPos="random"/>
    <trip id="63" depart="45.36" from="-117" to="618" type="td_0" departLane="best" departSpeed="max" departPos="random"/>
    <trip id="64" depart="46.08" from="535" to="577" type="td_0" departLane="best" departSpeed="max" departPos="random"/>
    <trip id="65" depart="46.80" from="-496" to="-128" type="td_0" departLane="best" departSpeed="max" departPos="random"/>
    <trip id="66" depart="47.52" from="535" to="623" type="td_0" departLane="best" departSpeed="max" departPos="random"/>
    <trip id="67" depart="48.24" from="-138" to="121" type="td_0" departLane="best" departSpeed="max" departPos="random"/>
    <trip id="68" depart="48.96" from="-128" to="504" type="td_0" departLane="best" departSpeed="max" departPos="random"/>
    <trip id="69" depart="49.68" from="348" to="-3" type="td_0" departLane="best" departSpeed="max" departPos="random"/>
    <trip id="70" depart="50.40" from="-614" to="17" type="td_0" departLane="best" departSpeed="max" departPos="random"/>
    <trip id="71" depart="51.12" from="-379" to="592" type="td_0" departLane="best" departSpeed="max" departPos="random"/>
    <trip id="72" depart="51.84" from="-592" to="-348" type="td_0" departLane="best" departSpeed="max" departPos="random"/>
    <trip id="73" depart="52.56" from="-7" to="381" type="td_0" departLane="best" departSpeed="max" departPos="random"/>
    <trip id="74" depart="53.28" from="-336" to="-517" type="td_0" departLane="best" departSpeed="max" departPos="random"/>
    <trip id="75" depart="54.00" from="9" to="336" type="td_0" departLane="best" departSpeed="max" departPos="random"/>
    <trip id="76" depart="54.72" from="-601" to="128" type="td_0" departLane="best" departSpeed="max" departPos="random"/>
    <trip id="77" depart="55.44" from="-210" to="-356" type="td_0" departLane="best" departSpeed="max" departPos="random"/>
    <trip id="78" depart="56.16" from="-517" to="313" type="td_0" departLane="best" departSpeed="max" departPos="random"/>
    <trip id="79" depart="56.88" from="-348" to="-349" type="td_0" departLane="best" departSpeed="max" departPos="random"/>
    <trip id="80" depart="57.60" from="-128" to="332" type="td_0" departLane="best" departSpeed="max" departPos="random"/>
    <trip id="81" depart="58.32" from="-348" to="612" type="td_0" departLane="best" departSpeed="max" departPos="random"/>
    <trip id="82" depart="59.04" from="517" to="-13" type="td_0" departLane="best" departSpeed="max" departPos="random"/>
    <trip id="83" depart="59.76" from="-349" to="344" type="td_0" departLane="best" departSpeed="max" departPos="random"/>
    <trip id="84" depart="60.48" from="-338" to="-313" type="td_0" departLane="best" departSpeed="max" departPos="random"/>
    <trip id="85" depart="61.20" from="592" to="25" type="td_0" departLane="best" departSpeed="max" departPos="random"/>
    <trip id="86" depart="61.92" from="-614" to="517" type="td_0" departLane="best" departSpeed="max" departPos="random"/>
    <trip id="87" depart="62.64" from="379" to="-338" type="td_0" departLane="best" departSpeed="max" departPos="random"/>
    <trip id="88" depart="63.36" from="-15" to="-7" type="td_0" departLane="best" departSpeed="max" departPos="random"/>
    <trip id="89" depart="64.08" from="-592" to="117" type="td_0" departLane="best" departSpeed="max" departPos="random"/>
    <trip id="90" depart="64.80" from="333" to="348" type="td_0" departLane="best" departSpeed="max" departPos="random"/>
    <trip id="91" depart="65.52" from="7" to="-17" type="td_0" departLane="best" departSpeed="max" departPos="random"/>
    <trip id="92" depart="66.24" from="-585" to="-577" type="td_0" departLane="best" departSpeed="max" departPos="random"/>
    <trip id="93" depart="66.96" from="517" to="-379" type="td_0" departLane="best" departSpeed="max" departPos="random"/>
    <trip id="94" depart="67.68" from="-333" to="11" type="td_0" departLane="best" departSpeed="max" departPos="random"/>
    <trip id="95" depart="68.40" from="-592" to="-383" type="td_0" departLane="best" departSpeed="max" departPos="random"/>
    <trip id="96" depart="69.12" from="-361" to="614" type="td_0" departLane="best" departSpeed="max" departPos="random"/>
    <trip id="97" depart="69.84" from="-601" to="589" type="td_0" departLane="best" departSpeed="max" departPos="random"/>
    <trip id="98" depart="70.56" from="-9" to="-126" type="td_0" departLane="best" departSpeed="max" departPos="random"/>
    <trip id="99" depart="71.28" from="9" to="579" type="td_0" departLane="best" departSpeed="max" departPos="random"/>
    <trip id="100" depart="72.00" from="614" to="618" type="td_0" departLane="best" departSpeed="max" departPos="random"/>
    <trip id="101" depart="72.72" from="504" to="-332" type="td_0" departLane="best" departSpeed="max" departPos="random"/>
    <trip id="102" depart="73.44" from="-618" to="-348" type="td_0" departLane="best" departSpeed="max" departPos="random"/>
    <trip id="103" depart="74.16" from="-585" to="-128" type="td_0" departLane="best" departSpeed="max" departPos="random"/>
    <trip id="104" depart="74.88" from="-570" to="7" type="td_0" departLane="best" departSpeed="max" departPos="random"/>
    <trip id="105" depart="75.60" from="-379" to="517" type="td_0" departLane="best" departSpeed="max" departPos="random"/>
    <trip id="106" depart="76.32" from="-612" to="-64" type="td_0" departLane="best" departSpeed="max" departPos="random"/>
    <trip id="107" depart="77.04" from="608" to="9" type="td_0" departLane="best" departSpeed="max" departPos="random"/>
    <trip id="108" depart="77.76" from="116" to="379" type="td_0" departLane="best" departSpeed="max" departPos="random"/>
    <trip id="109" depart="78.48" from="-319" to="-504" type="td_0" departLane="best" departSpeed="max" departPos="random"/>
    <trip id="110" depart="79.20" from="614" to="3" type="td_0" departLane="best" departSpeed="max" departPos="random"/>
    <trip id="111" depart="79.92" from="-7" to="492" type="td_0" departLane="best" departSpeed="max" departPos="random"/>
    <trip id="112" depart="80.64" from="-125" to="3" type="td_0" departLane="best" departSpeed="max" departPos="random"/>
    <trip id="113" depart="81.36" from="-623" to="588" type="td_0" departLane="best" departSpeed="max" departPos="random"/>
    <trip id="114" depart="82.08" from="-325" to="639" type="td_0" departLane="best" departSpeed="max" departPos="random"/>
    <trip id="115" depart="82.80" from="-13" to="-336" type="td_0" departLane="best" departSpeed="max" departPos="random"/>
    <trip id="116" depart="83.52" from="123" to="348" type="td_0" departLane="best" departSpeed="max" departPos="random"/>
    <trip id="117" depart="84.24" from="-349" to="-25" type="td_0" departLane="best" departSpeed="max" departPos="random"/>
    <trip id="118" depart="84.96" from="570" to="-365" type="td_0" departLane="best" departSpeed="max" departPos="random"/>
    <trip id="119" depart="85.68" from="123" to="326" type="td_0" departLane="best" departSpeed="max" departPos="random"/>
    <trip id="120" depart="86.40" from="-589" to="3" type="td_0" departLane="best" departSpeed="max" departPos="random"/>
    <trip id="121" depart="87.12" from="-64" to="621" type="td_0" departLane="best" departSpeed="max" departPos="random"/>
    <trip id="122" depart="87.84" from="-336" to="379" type="td_0" departLane="best" departSpeed="max" departPos="random"/>
    <trip id="123" depart="88.56" from="-349" to="-601" type="td_0" departLane="best" departSpeed="max" departPos="random"/>
    <trip id="124" depart="89.28" from="25" to="-505" type="td_0" departLane="best" departSpeed="max" departPos="random"/>
    <trip id="125" depart="90.00" from="-504" to="492" type="td_0" departLane="best" departSpeed="max" departPos="random"/>
    <trip id="126" depart="90.72" from="-128" to="116" type="td_0" departLane="best" departSpeed="max" departPos="random"/>
    <trip id="127" depart="91.44" from="9" to="9" type="td_0" departLane="best" departSpeed="max" departPos="random"/>
    <trip id="128" depart="92.16" from="-128" to="-348" type="td_0" departLane="best" departSpeed="max" departPos="random"/>
    <trip id="129" depart="92.88" from="-379" to="618" type="td_0" departLane="best" departSpeed="max" departPos="random"/>
    <trip id="130" depart="93.60" from="535" to="597" type="td_0" departLane="best" departSpeed="max" departPos="random"/>
    <trip id="131" depart="94.32" from="-569" to="-326" type="td_0" departLane="best" departSpeed="max" departPos="random"/>
    <trip id="132" depart="95.04" from="383" to="365" type="td_0" departLane="best" departSpeed="max" departPos="random"/>
    <trip id="133" depart="95.76" from="128" to="7" type="td_0" departLane="best" departSpeed="max" departPos="random"/>
    <trip id="134" depart="96.48" from="19" to="-116" type="td_0" departLane="best" departSpeed="max" departPos="random"/>
    <trip id="135" depart="97.20" from="38" to="-505" type="td_0" departLane="best" departSpeed="max" departPos="random"/>
    <trip id="136" depart="97.92" from="210" to="621" type="td_0" departLane="best" departSpeed="max" departPos="random"/>
    <trip id="137" depart="98.64" from="-3" to="-210" type="td_0" departLane="best" departSpeed="max" departPos="random"/>
    <trip id="138" depart="99.36" from="-17" to="17" type="td_0" departLane="best" departSpeed="max" departPos="random"/>
    <trip id="139" depart="100.08" from="-379" to="325" type="td_0" departLane="best" departSpeed="max" departPos="random"/>
    <trip id="140" depart="100.80" from="326" to="-344" type="td_0" departLane="best" departSpeed="max" departPos="random"/>
    <trip id="141" depart="101.52" from="138" to="-38" type="td_0" departLane="best" departSpeed="max" departPos="random"/>
    <trip id="142" depart="102.24" from="-621" to="612" type="td_0" departLane="best" departSpeed="max" departPos="random"/>
    <trip id="143" depart="102.96" from="504" to="-17" type="td_0" departLane="best" departSpeed="max" departPos="random"/>
    <trip id="144" depart="103.68" from="-592" to="-383" type="td_0" departLane="best" departSpeed="max" departPos="random"/>
    <trip id="145" depart="104.40" from="-11" to="505" type="td_0" departLane="best" departSpeed="max" departPos="random"/>
    <trip id="146" depart="105.12" from="15" to="-38" type="td_0" departLane="best" departSpeed="max" departPos="random"/>
    <trip id="147" depart="105.84" from="336" to="17" type="td_0" departLane="best" departSpeed="max" departPos="random"/>
    <trip id="148" depart="106.56" from="-592" to="-117" type="td_0" departLane="best" departSpeed="max" departPos="random"/>
    <trip id="149" depart="107.28" from="-13" to="597" type="td_0" departLane="best" departSpeed="max" departPos="random"/>
    <trip id="150" depart="108.00" from="579" to="17" type="td_0" departLane="best" departSpeed="max" departPos="random"/>
    <trip id="151" depart="108.72" from="383" to="3" type="td_0" departLane="best" departSpeed="max" departPos="random"/>
    <trip id="152" depart="109.44" from="-313" to="-3" type="td_0" departLane="best" departSpeed="max" departPos="random"/>
    <trip id="153" depart="110.16" from="-496" to="608" type="td_0" departLane="best" departSpeed="max" departPos="random"/>
    <trip id="154" depart="110.88" from="365" to="589" type="td_0" departLane="best" departSpeed="max" departPos="random"/>
    <trip id="155" depart="111.60" from="577" to="-348" type="td_0" departLane="best" departSpeed="max" departPos="random"/>
    <trip id="156" depart="112.32" from="-361" to="-19" type="td_0" departLane="best" departSpeed="max" departPos="random"/>
    <trip id="157" depart="113.04" from="356" to="597" type="td_0" departLane="best" departSpeed="max" departPos="random"/>
    <trip id="158" depart="113.76" from="-588" to="330" type="td_0" departLane="best" departSpeed="max" departPos="random"/>
    <trip id="159" depart="114.48" from="-319" to="618" type="td_0" departLane="best" departSpeed="max" departPos="random"/>
    <trip id="160" depart="115.20" from="517" to="642" type="td_0" departLane="best" departSpeed="max" departPos="random"/>
    <trip id="161" depart="115.92" from="38" to="597" type="td_0" departLane="best" departSpeed="max" departPos="random"/>
    <trip id="162" depart="116.64" from="-117" to="383" type="td_0" departLane="best" departSpeed="max" departPos="random"/>
    <trip id="163" depart="117.36" from="-517" to="618" type="td_0" departLane="best" departSpeed="max" departPos="random"/>
    <trip id="164" depart="118.08" from="379" to="589" type="td_0" departLane="best" departSpeed="max" departPos="random"/>
    <trip id="165" depart="118.80" from="38" to="-381" type="td_0" departLane="best" departSpeed="max" departPos="random"/>
    <trip id="166" depart="119.52" from="361" to="-210" type="td_0" departLane="best" departSpeed="max" departPos="random"/>
    <trip id="167" depart="120.24" from="523" to="588" type="td_0" departLane="best" departSpeed="max" departPos="random"/>
    <trip id="168" depart="120.96" from="-344" to="569" type="td_0" departLane="best" departSpeed="max" departPos="random"/>
    <trip id="169" depart="121.68" from="-612" to="-505" type="td_0" departLane="best" departSpeed="max" departPos="random"/>
    <trip id="170" depart="122.40" from="365" to="-356" type="td_0" departLane="best" departSpeed="max" departPos="random"/>
    <trip id="171" depart="123.12" from="-117" to="-338" type="td_0" departLane="best" departSpeed="max" departPos="random"/>
    <trip id="172" depart="123.84" from="-505" to="589" type="td_0" departLane="best" departSpeed="max" departPos="random"/>
    <trip id="173" depart="124.56" from="613" to="-383" type="td_0" departLane="best" departSpeed="max" departPos="random"/>
    <trip id="174" depart="125.28" from="15" to="-608" type="td_0" departLane="best" departSpeed="max" departPos="random"/>
    <trip id="175" depart="126.00" from="64" to="138" type="td_0" departLane="best" departSpeed="max" departPos="random"/>
    <trip id="176" depart="126.72" from="592" to="-210" type="td_0" departLane="best" departSpeed="max" departPos="random"/>
    <trip id="177" depart="127.44" from="614" to="-333" type="td_0" departLane="best" departSpeed="max" departPos="random"/>
    <trip id="178" depart="128.16" from="613" to="-381" type="td_0" departLane="best" departSpeed="max" departPos="random"/>
    <trip id="179" depart="128.88" from="-19" to="-7" type="td_0" departLane="best" departSpeed="max" departPos="random"/>
    <trip id="180" depart="129.60" from="333" to="-517" type="td_0" departLane="best" departSpeed="max" departPos="random"/>
    <trip id="181" depart="130.32" from="126" to="126" type="td_0" departLane="best" departSpeed="max" departPos="random"/>
    <trip id="182" depart="131.04" from="-577" to="25" type="td_0" departLane="best" departSpeed="max" departPos="random"/>
    <trip id="183" depart="131.76" from="-361" to="365" type="td_0" departLane="best" departSpeed="max" departPos="random"/>
    <trip id="184" depart="132.48" from="-11" to="614" type="td_0" departLane="best" departSpeed="max" departPos="random"/>
    <trip id="185" depart="133.20" from="-7" to="38" type="td_0" departLane="best" departSpeed="max" departPos="random"/>
    <trip id="186" depart="133.92" from="336" to="348" type="td_0" departLane="best" departSpeed="max" departPos="random"/>
    <trip id="187" depart="134.64" from="-569" to="-13" type="td_0" departLane="best" departSpeed="max" departPos="random"/>
    <trip id="188" depart="135.36" from="210" to="-535" type="td_0" departLane="best" departSpeed="max" departPos="random"/>
    <trip id="189" depart="136.08" from="-496" to="585" type="td_0" departLane="best" departSpeed="max" departPos="random"/>
    <trip id="190" depart="136.80" from="332" to="-505" type="td_0" departLane="best" departSpeed="max" departPos="random"/>
    <trip id="191" depart="137.52" from="-496" to="-613" type="td_0" departLane="best" departSpeed="max" departPos="random"/>
    <trip id="192" depart="138.24" from="-585" to="-504" type="td_0" departLane="best" departSpeed="max" departPos="random"/>
    <trip id="193" depart="138.96" from="-25" to="-614" type="td_0" departLane="best" departSpeed="max" departPos="random"/>
    <trip id="194" depart="139.68" from="592" to="348" type="td_0" departLane="best" departSpeed="max" departPos="random"/>
    <trip id="195" depart="140.40" from="579" to="326" type="td_0" departLane="best" departSpeed="max" departPos="random"/>
    <trip id="196" depart="141.12" from="-492" to="17" type="td_0" departLane="best" departSpeed="max" departPos="random"/>
    <trip id="197" depart="141.84" from="-11" to="-492" type="td_0" departLane="best" departSpeed="max" departPos="random"/>
    <trip id="198" depart="142.56" from="-597" to="3" type="td_0" departLane="best" departSpeed="max" departPos="random"/>
    <trip id="199" depart="143.28" from="19" to="117" type="td_0" departLane="best" departSpeed="max" departPos="random"/>
    <trip id="200" depart="144.00" from="-601" to="-348" type="td_0" departLane="best" departSpeed="max" departPos="random"/>
    <trip id="201" depart="144.72" from="-614" to="612" type="td_0" departLane="best" departSpeed="max" departPos="random"/>
    <trip id="202" depart="145.44" from="365" to="-332" type="td_0" departLane="best" departSpeed="max" departPos="random"/>
    <trip id="203" depart="146.16" from="-138" to="128" type="td_0" departLane="best" departSpeed="max" departPos="random"/>
    <trip id="204" depart="146.88" from="138" to="-570" type="td_0" departLane="best" departSpeed="max" departPos="random"/>
    <trip id="205" depart="147.60" from="381" to="492" type="td_0" departLane="best" departSpeed="max" departPos="random"/>
    <trip id="206" depart="148.32" from="25" to="-356" type="td_0" departLane="best" departSpeed="max" departPos="random"/>
    <trip id="207" depart="149.04" from="-336" to="-119" type="td_0" departLane="best" departSpeed="max" departPos="random"/>
    <trip id="208" depart="149.76" from="-356" to="119" type="td_0" departLane="best" departSpeed="max" departPos="random"/>
    <trip id="209" depart="150.48" from="504" to="-13" type="td_0" departLane="best" departSpeed="max" departPos="random"/>
    <trip id="210" depart="151.20" from="-589" to="332" type="td_0" departLane="best" departSpeed="max" departPos="random"/>
    <trip id="211" depart="151.92" from="-333" to="361" type="td_0" departLane="best" departSpeed="max" departPos="random"/>
    <trip id="212" depart="152.64" from="-621" to="-365" type="td_0" departLane="best" departSpeed="max" departPos="random"/>
    <trip id="213" depart="153.36" from="19" to="-116" type="td_0" departLane="best" departSpeed="max" departPos="random"/>
    <trip id="214" depart="154.08" from="338" to="505" type="td_0" departLane="best" departSpeed="max" departPos="random"/>
    <trip id="215" depart="154.80" from="-17" to="-64" type="td_0" departLane="best" departSpeed="max" departPos="random"/>
    <trip id="216" depart="155.52" from="-330" to="625" type="td_0" departLane="best" departSpeed="max" departPos="random"/>
    <trip id="217" depart="156.24" from="-639" to="-126" type="td_0" departLane="best" departSpeed="max" departPos="random"/>
    <trip id="218" depart="156.96" from="-361" to="585" type="td_0" departLane="best" departSpeed="max" departPos="random"/>
    <trip id="219" depart="157.68" from="-612" to="533" type="td_0" departLane="best" departSpeed="max" departPos="random"/>
    <trip id="220" depart="158.40" from="210" to="7" type="td_0" departLane="best" departSpeed="max" departPos="random"/>
    <trip id="221" depart="159.12" from="125" to="623" type="td_0" departLane="best" departSpeed="max" departPos="random"/>
    <trip id="222" depart="159.84" from="570" to="326" type="td_0" departLane="best" departSpeed="max" departPos="random"/>
    <trip id="223" depart="160.56" from="332" to="126" type="td_0" departLane="best" departSpeed="max" departPos="random"/>
    <trip id="224" depart="161.28" from="383" to="17" type="td_0" departLane="best" departSpeed="max" departPos="random"/>
    <trip id="225" depart="162.00" from="577" to="383" type="td_0" departLane="best" departSpeed="max" departPos="random"/>
    <trip id="226" depart="162.72" from="-614" to="-38" type="td_0" departLane="best" departSpeed="max" departPos="random"/>
    <trip id="227" depart="163.44" from="-356" to="333" type="td_0" departLane="best" departSpeed="max" departPos="random"/>
    <trip id="228" depart="164.16" from="348" to="13" type="td_0" departLane="best" departSpeed="max" departPos="random"/>
    <trip id="229" depart="164.88" from="13" to="-383" type="td_0" departLane="best" departSpeed="max" departPos="random"/>
    <trip id="230" depart="165.60" from="-13" to="-492" type="td_0" departLane="best" departSpeed="max" departPos="random"/>
    <trip id="231" depart="166.32" from="-379" to="-523" type="td_0" departLane="best" departSpeed="max" departPos="random"/>
    <trip id="232" depart="167.04" from="-7" to="-313" type="td_0" departLane="best" departSpeed="max" departPos="random"/>
    <trip id="233" depart="167.76" from="-348" to="356" type="td_0" departLane="best" departSpeed="max" departPos="random"/>
    <trip id="234" depart="168.48" from="325" to="-128" type="td_0" departLane="best" departSpeed="max" departPos="random"/>
    <trip id="235" depart="169.20" from="-588" to="15" type="td_0" departLane="best" departSpeed="max" departPos="random"/>
    <trip id="236" depart="169.92" from="-589" to="-348" type="td_0" departLane="best" departSpeed="max" departPos="random"/>
    <trip id="237" depart="170.64" from="-589" to="612" type="td_0" departLane="best" departSpeed="max" departPos="random"/>
    <trip id="238" depart="171.36" from="121" to="361" type="td_0" departLane="best" departSpeed="max" departPos="random"/>
    <trip id="239" depart="172.08" from="505" to="504" type="td_0" departLane="best" departSpeed="max" departPos="random"/>
    <trip id="240" depart="172.80" from="-577" to="-116" type="td_0" departLane="best" departSpeed="max" departPos="random"/>
    <trip id="241" depart="173.52" from="-533" to="496" type="td_0" departLane="best" departSpeed="max" departPos="random"/>
    <trip id="242" depart="174.24" from="505" to="625" type="td_0" departLane="best" departSpeed="max" departPos="random"/>
    <trip id="243" depart="174.96" from="-589" to="492" type="td_0" departLane="best" departSpeed="max" departPos="random"/>
    <trip id="244" depart="175.68" from="-9" to="319" type="td_0" departLane="best" departSpeed="max" departPos="random"/>
    <trip id="245" depart="176.40" from="-344" to="-349" type="td_0" departLane="best" departSpeed="max" departPos="random"/>
    <trip id="246" depart="177.12" from="-597" to="-121" type="td_0" departLane="best" departSpeed="max" departPos="random"/>
    <trip id="247" depart="177.84" from="-517" to="349" type="td_0" departLane="best" departSpeed="max" departPos="random"/>
    <trip id="248" depart="178.56" from="-585" to="-326" type="td_0" departLane="best" departSpeed="max" departPos="random"/>
    <trip id="249" depart="179.28" from="-613" to="-3" type="td_0" departLane="best" departSpeed="max" departPos="random"/>
    <trip id="250" depart="180.00" from="13" to="-121" type="td_0" departLane="best" departSpeed="max" departPos="random"/>
    <trip id="251" depart="180.72" from="-579" to="210" type="td_0" departLane="best" departSpeed="max" departPos="random"/>
    <trip id="252" depart="181.44" from="-119" to="333" type="td_0" departLane="best" departSpeed="max" departPos="random"/>
    <trip id="253" depart="182.16" from="-3" to="116" type="td_0" departLane="best" departSpeed="max" departPos="random"/>
    <trip id="254" depart="182.88" from="-125" to="-589" type="td_0" departLane="best" departSpeed="max" departPos="random"/>
    <trip id="255" depart="183.60" from="-338" to="-535" type="td_0" departLane="best" departSpeed="max" departPos="random"/>
    <trip id="256" depart="184.32" from="348" to="-589" type="td_0" departLane="best" departSpeed="max" departPos="random"/>
    <trip id="257" depart="185.04" from="338" to="577" type="td_0" departLane="best" departSpeed="max" departPos="random"/>
    <trip id="258" depart="185.76" from="-361" to="-138" type="td_0" departLane="best" departSpeed="max" departPos="random"/>
    <trip id="259" depart="186.48" from="-117" to="15" type="td_0" departLane="best" departSpeed="max" departPos="random"/>
    <trip id="260" depart="187.20" from="9" to="-579" type="td_0" departLane="best" departSpeed="max" departPos="random"/>
    <trip id="261" depart="187.92" from="17" to="517" type="td_0" departLane="best" departSpeed="max" departPos="random"/>
    <trip id="262" depart="188.64" from="17" to="496" type="td_0" departLane="best" departSpeed="max" departPos="random"/>
    <trip id="263" depart="189.36" from="601" to="-344" type="td_0" departLane="best" departSpeed="max" departPos="random"/>
    <trip id="264" depart="190.08" from="-117" to="-325" type="td_0" departLane="best" departSpeed="max" departPos="random"/>
    <trip id="265" depart="190.80" from="-25" to="348" type="td_0" departLane="best" departSpeed="max" departPos="random"/>
    <trip id="266" depart="191.52" from="117" to="-349" type="td_0" departLane="best" departSpeed="max" departPos="random"/>
    <trip id="267" depart="192.24" from="319" to="504" type="td_0" departLane="best" departSpeed="max" departPos="random"/>
    <trip id="268" depart="192.96" from="-326" to="325" type="td_0" departLane="best" departSpeed="max" departPos="random"/>
    <trip id="269" depart="193.68" from="338" to="-210" type="td_0" departLane="best" departSpeed="max" departPos="random"/>
    <trip id="270" depart="194.40" from="381" to="639" type="td_0" departLane="best" departSpeed="max" departPos="random"/>
    <trip id="271" depart="195.12" from="-19" to="-121" type="td_0" departLane="best" departSpeed="max" departPos="random"/>
    <trip id="272" depart="195.84" from="-496" to="348" type="td_0" departLane="best" departSpeed="max" departPos="random"/>
    <trip id="273" depart="196.56" from="608" to="-601" type="td_0" departLane="best" departSpeed="max" departPos="random"/>
    <trip id="274" depart="197.28" from="326" to="-138" type="td_0" departLane="best" departSpeed="max" departPos="random"/>
    <trip id="275" depart="198.00" from="313" to="330" type="td_0" departLane="best" departSpeed="max" departPos="random"/>
    <trip id="276" depart="198.72" from="-17" to="505" type="td_0" departLane="best" departSpeed="max" departPos="random"/>
    <trip id="277" depart="199.44" from="504" to="319" type="td_0" departLane="best" departSpeed="max" departPos="random"/>
    <trip id="278" depart="200.16" from="-210" to="7" type="td_0" departLane="best" departSpeed="max" departPos="random"/>
    <trip id="279" depart="200.88" from="356" to="-579" type="td_0" departLane="best" departSpeed="max" departPos="random"/>
    <trip id="280" depart="201.60" from="-592" to="-588" type="td_0" departLane="best" departSpeed="max" departPos="random"/>
    <trip id="281" depart="202.32" from="-625" to="-577" type="td_0" departLane="best" departSpeed="max" departPos="random"/>
    <trip id="282" depart="203.04" from="504" to="570" type="td_0" departLane="best" departSpeed="max" departPos="random"/>
    <trip id="283" depart="203.76" from="-17" to="639" type="td_0" departLane="best" departSpeed="max" departPos="random"/>
    <trip id="284" depart="204.48" from="138" to="577" type="td_0" departLane="best" departSpeed="max" departPos="random"/>
    <trip id="285" depart="205.20" from="325" to="-7" type="td_0" departLane="best" departSpeed="max" departPos="random"/>
    <trip id="286" depart="205.92" from="333" to="639" type="td_0" departLane="best" departSpeed="max" departPos="random"/>
    <trip id="287" depart="206.64" from="-379" to="535" type="td_0" departLane="best" departSpeed="max" departPos="random"/>
    <trip id="288" depart="207.36" from="-7" to="121" type="td_0" departLane="best" departSpeed="max" departPos="random"/>
    <trip id="289" depart="208.08" from="-597" to="381" type="td_0" departLane="best" departSpeed="max" departPos="random"/>
    <trip id="290" depart="208.80" from="-379" to="588" type="td_0" departLane="best" departSpeed="max" departPos="random"/>
    <trip id="291" depart="209.52" from="383" to="-15" type="td_0" departLane="best" departSpeed="max" departPos="random"/>
    <trip id="292" depart="210.24" from="535" to="-365" type="td_0" departLane="best" departSpeed="max" departPos="random"/>
    <trip id="293" depart="210.96" from="-613" to="325" type="td_0" departLane="best" departSpeed="max" departPos="random"/>
    <trip id="294" depart="211.68" from="-570" to="-121" type="td_0" departLane="best" departSpeed="max" departPos="random"/>
    <trip id="295" depart="212.40" from="504" to="-336" type="td_0" departLane="best" departSpeed="max" departPos="random"/>
    <trip id="296" depart="213.12" from="-338" to="533" type="td_0" departLane="best" departSpeed="max" departPos="random"/>
    <trip id="297" depart="213.84" from="-523" to="597" type="td_0" departLane="best" departSpeed="max" departPos="random"/>
    <trip id="298" depart="214.56" from="319" to="-383" type="td_0" departLane="best" departSpeed="max" departPos="random"/>
    <trip id="299" depart="215.28" from="-116" to="623" type="td_0" departLane="best" departSpeed="max" departPos="random"/>
    <trip id="300" depart="216.00" from="-138" to="38" type="td_0" departLane="best" departSpeed="max" departPos="random"/>
    <trip id="301" depart="216.72" from="-621" to="496" type="td_0" departLane="best" departSpeed="max" departPos="random"/>
    <trip id="302" depart="217.44" from="313" to="336" type="td_0" departLane="best" departSpeed="max" departPos="random"/>
    <trip id="303" depart="218.16" from="-621" to="523" type="td_0" departLane="best" departSpeed="max" departPos="random"/>
    <trip id="304" depart="218.88" from="-15" to="-349" type="td_0" departLane="best" departSpeed="max" departPos="random"/>
    <trip id="305" depart="219.60" from="313" to="-517" type="td_0" departLane="best" departSpeed="max" departPos="random"/>
    <trip id="306" depart="220.32" from="121" to="119" type="td_0" departLane="best" departSpeed="max" departPos="random"/>
    <trip id="307" depart="221.04" from="-642" to="-64" type="td_0" departLane="best" departSpeed="max" departPos="random"/>
    <trip id="308" depart="221.76" from="338" to="-570" type="td_0" departLane="best" departSpeed="max" departPos="random"/>
    <trip id="309" depart="222.48" from="325" to="-381" type="td_0" departLane="best" departSpeed="max" departPos="random"/>
    <trip id="310" depart="223.20" from="-361" to="-25" type="td_0" departLane="best" departSpeed="max" departPos="random"/>
    <trip id="311" depart="223.92" from="-333" to="-25" type="td_0" departLane="best" departSpeed="max" departPos="random"/>
    <trip id="312" depart="224.64" from="-642" to="504" type="td_0" departLane="best" departSpeed="max" departPos="random"/>
    <trip id="313" depart="225.36" from="-332" to="-349" type="td_0" departLane="best" departSpeed="max" departPos="random"/>
    <trip id="314" depart="226.08" from="-618" to="38" type="td_0" departLane="best" departSpeed="max" departPos="random"/>
    <trip id="315" depart="226.80" from="64" to="13" type="td_0" departLane="best" departSpeed="max" departPos="random"/>
    <trip id="316" depart="227.52" from="-381" to="-19" type="td_0" departLane="best" departSpeed="max" departPos="random"/>
    <trip id="317" depart="228.24" from="-333" to="-356" type="td_0" departLane="best" departSpeed="max" departPos="random"/>
    <trip id="318" depart="228.96" from="-330" to="-117" type="td_0" departLane="best" departSpeed="max" departPos="random"/>
    <trip id="319" depart="229.68" from="-642" to="-383" type="td_0" departLane="best" departSpeed="max" departPos="random"/>
    <trip id="320" depart="230.40" from="614" to="17" type="td_0" departLane="best" departSpeed="max" departPos="random"/>
    <trip id="321" depart="231.12" from="319" to="-3" type="td_0" departLane="best" departSpeed="max" departPos="random"/>
    <trip id="322" depart="231.84" from="523" to="123" type="td_0" departLane="best" departSpeed="max" departPos="random"/>
    <trip id="323" depart="232.56" from="523" to="25" type="td_0" departLane="best" departSpeed="max" departPos="random"/>
    <trip id="324" depart="233.28" from="-613" to="-9" type="td_0" departLane="best" departSpeed="max" departPos="random"/>
    <trip id="325" depart="234.00" from="-332" to="-126" type="td_0" departLane="best" departSpeed="max" departPos="random"/>
    <trip id="326" depart="234.72" from="592" to="119" type="td_0" departLane="best" departSpeed="max" departPos="random"/>
    <trip id="327" depart="235.44" from="381" to="-608" type="td_0" departLane="best" departSpeed="max" departPos="random"/>
    <trip id="328" depart="236.16" from="-128" to="332" type="td_0" departLane="best" departSpeed="max" departPos="random"/>
    <trip id="329" depart="236.88" from="-125" to="-325" type="td_0" departLane="best" departSpeed="max" departPos="random"/>
    <trip id="330" depart="237.60" from="117" to="-505" type="td_0" departLane="best" departSpeed="max" departPos="random"/>
    <trip id="331" depart="238.32" from="9" to="-25" type="td_0" departLane="best" departSpeed="max" departPos="random"/>
    <trip id="332" depart="239.04" from="348" to="325" type="td_0" departLane="best" departSpeed="max" departPos="random"/>
    <trip id="333" depart="239.76" from="361" to="-356" type="td_0" departLane="best" departSpeed="max" departPos="random"/>
    <trip id="334" depart="240.48" from="-64" to="11" type="td_0" departLane="best" departSpeed="max" departPos="random"/>
    <trip id="335" depart="241.20" from="-601" to="589" type="td_0" departLane="best" departSpeed="max" departPos="random"/>
    <trip id="336" depart="241.92" from="7" to="-505" type="td_0" departLane="best" departSpeed="max" departPos="random"/>
    <trip id="337" depart="242.64" from="13" to="325" type="td_0" departLane="best" departSpeed="max" departPos="random"/>
    <trip id="338" depart="243.36" from="336" to="623" type="td_0" departLane="best" departSpeed="max" departPos="random"/>
    <trip id="339" depart="244.08" from="-338" to="-348" type="td_0" departLane="best" departSpeed="max" departPos="random"/>
    <trip id="340" depart="244.80" from="19" to="-326" type="td_0" departLane="best" departSpeed="max" departPos="random"/>
    <trip id="341" depart="245.52" from="-330" to="-138" type="td_0" departLane="best" departSpeed="max" departPos="random"/>
    <trip id="342" depart="246.24" from="-11" to="11" type="td_0" departLane="best" departSpeed="max" departPos="random"/>
    <trip id="343" depart="246.96" from="123" to="-504" type="td_0" departLane="best" departSpeed="max" departPos="random"/>
    <trip id="344" depart="247.68" from="-349" to="365" type="td_0" departLane="best" departSpeed="max" departPos="random"/>
    <trip id="345" depart="248.40" from="325" to="11" type="td_0" departLane="best" departSpeed="max" departPos="random"/>
    <trip id="346" depart="249.12" from="313" to="614" type="td_0" departLane="best" departSpeed="max" departPos="random"/>
    <trip id="347" depart="249.84" from="361" to="330" type="td_0" departLane="best" departSpeed="max" departPos="random"/>
    <trip id="348" depart="250.56" from="210" to="618" type="td_0" departLane="best" departSpeed="max" departPos="random"/>
    <trip id="349" depart="251.28" from="-592" to="15" type="td_0" departLane="best" departSpeed="max" departPos="random"/>
    <trip id="350" depart="252.00" from="17" to="612" type="td_0" departLane="best" departSpeed="max" departPos="random"/>
    <trip id="351" depart="252.72" from="383" to="-13" type="td_0" departLane="best" departSpeed="max" departPos="random"/>
    <trip id="352" depart="253.44" from="-326" to="-517" type="td_0" departLane="best" departSpeed="max" departPos="random"/>
    <trip id="353" depart="254.16" from="338" to="210" type="td_0" departLane="best" departSpeed="max" departPos="random"/>
    <trip id="354" depart="254.88" from="-381" to="-3" type="td_0" departLane="best" departSpeed="max" departPos="random"/>
    <trip id="355" depart="255.60" from="313" to="361" type="td_0" departLane="best" departSpeed="max" departPos="random"/>
    <trip id="356" depart="256.32" from="601" to="125" type="td_0" departLane="best" departSpeed="max" departPos="random"/>
    <trip id="357" depart="257.04" from="-621" to="-138" type="td_0" departLane="best" departSpeed="max" departPos="random"/>
    <trip id="358" depart="257.76" from="-121" to="-7" type="td_0" departLane="best" departSpeed="max" departPos="random"/>
    <trip id="359" depart="258.48" from="-505" to="-379" type="td_0" departLane="best" departSpeed="max" departPos="random"/>
    <trip id="360" depart="259.20" from="-15" to="639" type="td_0" departLane="best" departSpeed="max" departPos="random"/>
    <trip id="361" depart="259.92" from="492" to="25" type="td_0" departLane="best" departSpeed="max" departPos="random"/>
    <trip id="362" depart="260.64" from="608" to="9" type="td_0" departLane="best" departSpeed="max" departPos="random"/>
    <trip id="363" depart="261.36" from="25" to="-381" type="td_0" departLane="best" departSpeed="max" departPos="random"/>
    <trip id="364" depart="262.08" from="-121" to="496" type="td_0" departLane="best" departSpeed="max" departPos="random"/>
    <trip id="365" depart="262.80" from="-613" to="336" type="td_0" departLane="best" departSpeed="max" departPos="random"/>
    <trip id="366" depart="263.52" from="585" to="-333" type="td_0" departLane="best" departSpeed="max" departPos="random"/>
    <trip id="367" depart="264.24" from="121" to="332" type="td_0" departLane="best" departSpeed="max" departPos="random"/>
    <trip id="368" depart="264.96" from="-621" to="-17" type="td_0" departLane="best" departSpeed="max" departPos="random"/>
    <trip id="369" depart="265.68" from="-533" to="-570" type="td_0" departLane="best" departSpeed="max" departPos="random"/>
    <trip id="370" depart="266.40" from="25" to="588" type="td_0" departLane="best" departSpeed="max" departPos="random"/>
    <trip id="371" depart="267.12" from="-505" to="356" type="td_0" departLane="best" departSpeed="max" departPos="random"/>
    <trip id="372" depart="267.84" from="-381" to="623" type="td_0" departLane="best" departSpeed="max" departPos="random"/>
    <trip id="373" depart="268.56" from="38" to="17" type="td_0" departLane="best" departSpeed="max" departPos="random"/>
    <trip id="374" depart="269.28" from="-612" to="-523" type="td_0" departLane="best" departSpeed="max" departPos="random"/>
    <trip id="375" depart="270.00" from="-505" to="64" type="td_0" departLane="best" departSpeed="max" departPos="random"/>
    <trip id="376" depart="270.72" from="-585" to="128" type="td_0" departLane="best" departSpeed="max" departPos="random"/>
    <trip id="377" depart="271.44" from="7" to="338" type="td_0" departLane="best" departSpeed="max" departPos="random"/>
    <trip id="378" depart="272.16" from="-7" to="-614" type="td_0" departLane="best" departSpeed="max" departPos="random"/>
    <trip id="379" depart="272.88" from="-332" to="-585" type="td_0" departLane="best" departSpeed="max" departPos="random"/>
    <trip id="380" depart="273.60" from="344" to="330" type="td_0" departLane="best" departSpeed="max" departPos="random"/>
    <trip id="381" depart="274.32" from="344" to="-344" type="td_0" departLane="best" departSpeed="max" departPos="random"/>
    <trip id="382" depart="275.04" from="-9" to="618" type="td_0" departLane="best" departSpeed="max" departPos="random"/>
    <trip id="383" depart="275.76" from="-601" to="361" type="td_0" departLane="best" departSpeed="max" departPos="random"/>
    <trip id="384" depart="276.48" from="-210" to="64" type="td_0" departLane="best" departSpeed="max" departPos="random"/>
    <trip id="385" depart="277.20" from="126" to="-361" type="td_0" departLane="best" departSpeed="max" departPos="random"/>
    <trip id="386" depart="277.92" from="-325" to="17" type="td_0" departLane="best" departSpeed="max" departPos="random"/>
    <trip id="387" depart="278.64" from="-9" to="-17" type="td_0" departLane="best" departSpeed="max" departPos="random"/>
    <trip id="388" depart="279.36" from="9" to="613" type="td_0" departLane="best" departSpeed="max" departPos="random"/>
    <trip id="389" depart="280.08" from="-612" to="-25" type="td_0" departLane="best" departSpeed="max" departPos="random"/>
    <trip id="390" depart="280.80" from="383" to="125" type="td_0" departLane="best" departSpeed="max" departPos="random"/>
    <trip id="391" depart="281.52" from="326" to="126" type="td_0" departLane="best" departSpeed="max" departPos="random"/>
    <trip id="392" depart="282.24" from="-38" to="579" type="td_0" departLane="best" departSpeed="max" departPos="random"/>
    <trip id="393" depart="282.96" from="64" to="-365" type="td_0" departLane="best" departSpeed="max" departPos="random"/>
    <trip id="394" depart="283.68" from="-9" to="-592" type="td_0" departLane="best" departSpeed="max" departPos="random"/>
    <trip id="395" depart="284.40" from="588" to="126" type="td_0" departLane="best" departSpeed="max" departPos="random"/>
    <trip id="396" depart="285.12" from="535" to="589" type="td_0" departLane="best" departSpeed="max" departPos="random"/>
    <trip id="397" depart="285.84" from="-38" to="523" type="td_0" departLane="best" departSpeed="max" departPos="random"/>
    <trip id="398" depart="286.56" from="-589" to="621" type="td_0" departLane="best" departSpeed="max" departPos="random"/>
    <trip id="399" depart="287.28" from="-625" to="570" type="td_0" departLane="best" departSpeed="max" departPos="random"/>
    <trip id="400" depart="288.00" from="-381" to="-505" type="td_0" departLane="best" departSpeed="max" departPos="random"/>
    <trip id="401" depart="288.72" from="123" to="9" type="td_0" departLane="best" departSpeed="max" departPos="random"/>
    <trip id="402" depart="289.44" from="-621" to="-319" type="td_0" departLane="best" departSpeed="max" departPos="random"/>
    <trip id="403" depart="290.16" from="-7" to="-577" type="td_0" departLane="best" departSpeed="max" departPos="random"/>
    <trip id="404" depart="290.88" from="-9" to="15" type="td_0" departLane="best" departSpeed="max" departPos="random"/>
    <trip id="405" depart="291.60" from="-612" to="-523" type="td_0" departLane="best" departSpeed="max" departPos="random"/>
    <trip id="406" depart="292.32" from="-332" to="361" type="td_0" departLane="best" departSpeed="max" departPos="random"/>
    <trip id="407" depart="293.04" from="119" to="-361" type="td_0" departLane="best" departSpeed="max" departPos="random"/>
    <trip id="408" depart="293.76" from="349" to="-125" type="td_0" departLane="best" departSpeed="max" departPos="random"/>
    <trip id="409" depart="294.48" from="338" to="365" type="td_0" departLane="best" departSpeed="max" departPos="random"/>
    <trip id="410" depart="295.20" from="38" to="-592" type="td_0" departLane="best" departSpeed="max" departPos="random"/>
    <trip id="411" depart="295.92" from="210" to="570" type="td_0" departLane="best" departSpeed="max" departPos="random"/>
    <trip id="412" depart="296.64" from="64" to="123" type="td_0" departLane="best" departSpeed="max" departPos="random"/>
    <trip id="413" depart="297.36" from="-121" to="125" type="td_0" departLane="best" departSpeed="max" departPos="random"/>
    <trip id="414" depart="298.08" from="123" to="592" type="td_0" departLane="best" departSpeed="max" departPos="random"/>
    <trip id="415" depart="298.80" from="523" to="-9" type="td_0" departLane="best" departSpeed="max" departPos="random"/>
    <trip id="416" depart="299.52" from="-64" to="116" type="td_0" departLane="best" departSpeed="max" departPos="random"/>
    <trip id="417" depart="300.24" from="332" to="-613" type="td_0" departLane="best" departSpeed="max" departPos="random"/>
    <trip id="418" depart="300.96" from="19" to="-325" type="td_0" departLane="best" departSpeed="max" departPos="random"/>
    <trip id="419" depart="301.68" from="-613" to="64" type="td_0" departLane="best" departSpeed="max" departPos="random"/>
    <trip id="420" depart="302.40" from="-517" to="356" type="td_0" departLane="best" departSpeed="max" departPos="random"/>
    <trip id="421" depart="303.12" from="17" to="588" type="td_0" departLane="best" departSpeed="max" departPos="random"/>
    <trip id="422" depart="303.84" from="505" to="588" type="td_0" departLane="best" departSpeed="max" departPos="random"/>
    <trip id="423" depart="304.56" from="-570" to="-523" type="td_0" departLane="best" departSpeed="max" departPos="random"/>
    <trip id="424" depart="305.28" from="326" to="496" type="td_0" departLane="best" departSpeed="max" departPos="random"/>
    <trip id="425" depart="306.00" from="523" to="-123" type="td_0" departLane="best" departSpeed="max" departPos="random"/>
    <trip id="426" depart="306.72" from="-128" to="332" type="td_0" departLane="best" departSpeed="max" departPos="random"/>
    <trip id="427" depart="307.44" from="588" to="9" type="td_0" departLane="best" departSpeed="max" departPos="random"/>
    <trip id="428" depart="308.16" from="338" to="-7" type="td_0" departLane="best" departSpeed="max" departPos="random"/>
    <trip id="429" depart="308.88" from="-15" to="332" type="td_0" departLane="best" departSpeed="max" departPos="random"/>
    <trip id="430" depart="309.60" from="523" to="-9" type="td_0" departLane="best" departSpeed="max" departPos="random"/>
    <trip id="431" depart="310.32" from="313" to="612" type="td_0" departLane="best" departSpeed="max" departPos="random"/>
    <trip id="432" depart="311.04" from="-123" to="533" type="td_0" departLane="best" departSpeed="max" departPos="random"/>
    <trip id="433" depart="311.76" from="-383" to="-589" type="td_0" departLane="best" departSpeed="max" departPos="random"/>
    <trip id="434" depart="312.48" from="-313" to="138" type="td_0" departLane="best" departSpeed="max" departPos="random"/>
    <trip id="435" depart="313.20" from="117" to="523" type="td_0" departLane="best" departSpeed="max" departPos="random"/>
    <trip id="436" depart="313.92" from="-326" to="-138" type="td_0" departLane="best" departSpeed="max" departPos="random"/>
    <trip id="437" depart="314.64" from="523" to="326" type="td_0" departLane="best" departSpeed="max" departPos="random"/>
    <trip id="438" depart="315.36" from="-356" to="613" type="td_0" departLane="best" departSpeed="max" departPos="random"/>
    <trip id="439" depart="316.08" from="-313" to="116" type="td_0" departLane="best" departSpeed="max" departPos="random"/>
    <trip id="440" depart="316.80" from="-361" to="-379" type="td_0" departLane="best" departSpeed="max" departPos="random"/>
    <trip id="441" depart="317.52" from="-116" to="535" type="td_0" departLane="best" departSpeed="max" departPos="random"/>
    <trip id="442" depart="318.24" from="579" to="348" type="td_0" departLane="best" departSpeed="max" departPos="random"/>
    <trip id="443" depart="318.96" from="-325" to="-9" type="td_0" departLane="best" departSpeed="max" departPos="random"/>
    <trip id="444" depart="319.68" from="-523" to="313" type="td_0" departLane="best" departSpeed="max" departPos="random"/>
    <trip id="445" depart="320.40" from="15" to="-64" type="td_0" departLane="best" departSpeed="max" departPos="random"/>
    <trip id="446" depart="321.12" from="-361" to="585" type="td_0" departLane="best" departSpeed="max" departPos="random"/>
    <trip id="447" depart="321.84" from="-336" to="-592" type="td_0" departLane="best" departSpeed="max" departPos="random"/>
    <trip id="448" depart="322.56" from="-618" to="-361" type="td_0" departLane="best" departSpeed="max" departPos="random"/>
    <trip id="449" depart="323.28" from="119" to="25" type="td_0" departLane="best" departSpeed="max" departPos="random"/>
    <trip id="450" depart="324.00" from="9" to="-504" type="td_0" departLane="best" departSpeed="max" departPos="random"/>
    <trip id="451" depart="324.72" from="64" to="338" type="td_0" departLane="best" departSpeed="max" departPos="random"/>
    <trip id="452" depart="325.44" from="-38" to="210" type="td_0" departLane="best" departSpeed="max" departPos="random"/>
    <trip id="453" depart="326.16" from="3" to="492" type="td_0" departLane="best" departSpeed="max" departPos="random"/>
    <trip id="454" depart="326.88" from="-123" to="325" type="td_0" departLane="best" departSpeed="max" departPos="random"/>
    <trip id="455" depart="327.60" from="-623" to="612" type="td_0" departLane="best" departSpeed="max" departPos="random"/>
    <trip id="456" depart="328.32" from="-381" to="533" type="td_0" departLane="best" departSpeed="max" departPos="random"/>
    <trip id="457" depart="329.04" from="126" to="-579" type="td_0" departLane="best" departSpeed="max" departPos="random"/>
    <trip id="458" depart="329.76" from="15" to="330" type="td_0" departLane="best" departSpeed="max" departPos="random"/>
    <trip id="459" depart="330.48" from="3" to="38" type="td_0" departLane="best" departSpeed="max" departPos="random"/>
    <trip id="460" depart="331.20" from="19" to="579" type="td_0" departLane="best" departSpeed="max" departPos="random"/>
    <trip id="461" depart="331.92" from="138" to="612" type="td_0" departLane="best" departSpeed="max" departPos="random"/>
    <trip id="462" depart="332.64" from="17" to="-517" type="td_0" departLane="best" departSpeed="max" departPos="random"/>
    <trip id="463" depart="333.36" from="-601" to="3" type="td_0" departLane="best" departSpeed="max" departPos="random"/>
    <trip id="464" depart="334.08" from="333" to="-15" type="td_0" departLane="best" departSpeed="max" departPos="random"/>
    <trip id="465" depart="334.80" from="-383" to="492" type="td_0" departLane="best" departSpeed="max" departPos="random"/>
    <trip id="466" depart="335.52" from="-330" to="-3" type="td_0" departLane="best" departSpeed="max" departPos="random"/>
    <trip id="467" depart="336.24" from="-7" to="64" type="td_0" departLane="best" departSpeed="max" departPos="random"/>
    <trip id="468" depart="336.96" from="-642" to="613" type="td_0" departLane="best" departSpeed="max" departPos="random"/>
    <trip id="469" depart="337.68" from="383" to="-38" type="td_0" departLane="best" departSpeed="max" departPos="random"/>
    <trip id="470" depart="338.40" from="381" to="121" type="td_0" departLane="best" departSpeed="max" departPos="random"/>
    <trip id="471" depart="339.12" from="379" to="492" type="td_0" departLane="best" departSpeed="max" departPos="random"/>
    <trip id="472" depart="339.84" from="-517" to="-210" type="td_0" departLane="best" departSpeed="max" departPos="random"/>
    <trip id="473" depart="340.56" from="613" to="-319" type="td_0" departLane="best" departSpeed="max" departPos="random"/>
    <trip id="474" depart="341.28" from="613" to="589" type="td_0" departLane="best" departSpeed="max" departPos="random"/>
    <trip id="475" depart="342.00" from="332" to="642" type="td_0" departLane="best" departSpeed="max" departPos="random"/>
    <trip id="476" depart="342.72" from="614" to="535" type="td_0" departLane="best" departSpeed="max" departPos="random"/>
    <trip id="477" depart="343.44" from="-569" to="523" type="td_0" departLane="best" departSpeed="max" departPos="random"/>
    <trip id="478" depart="344.16" from="-116" to="138" type="td_0" departLane="best" departSpeed="max" departPos="random"/>
    <trip id="479" depart="344.88" from="-612" to="348" type="td_0" departLane="best" departSpeed="max" departPos="random"/>
    <trip id="480" depart="345.60" from="25" to="3" type="td_0" departLane="best" departSpeed="max" departPos="random"/>
    <trip id="481" depart="346.32" from="381" to="621" type="td_0" departLane="best" departSpeed="max" departPos="random"/>
    <trip id="482" depart="347.04" from="-19" to="-361" type="td_0" departLane="best" departSpeed="max" departPos="random"/>
    <trip id="483" depart="347.76" from="-119" to="597" type="td_0" departLane="best" departSpeed="max" departPos="random"/>
    <trip id="484" depart="348.48" from="116" to="613" type="td_0" departLane="best" departSpeed="max" departPos="random"/>
    <trip id="485" depart="349.20" from="-344" to="-128" type="td_0" departLane="best" departSpeed="max" departPos="random"/>
    <trip id="486" depart="349.92" from="381" to="613" type="td_0" departLane="best" departSpeed="max" departPos="random"/>
    <trip id="487" depart="350.64" from="-492" to="-613" type="td_0" departLane="best" departSpeed="max" departPos="random"/>
    <trip id="488" depart="351.36" from="-3" to="623" type="td_0" departLane="best" departSpeed="max" departPos="random"/>
    <trip id="489" depart="352.08" from="-492" to="123" type="td_0" departLane="best" departSpeed="max" departPos="random"/>
    <trip id="490" depart="352.80" from="-15" to="601" type="td_0" departLane="best" departSpeed="max" departPos="random"/>
    <trip id="491" depart="353.52" from="-3" to="11" type="td_0" departLane="best" departSpeed="max" departPos="random"/>
    <trip id="492" depart="354.24" from="25" to="383" type="td_0" departLane="best" departSpeed="max" departPos="random"/>
    <trip id="493" depart="354.96" from="601" to="-614" type="td_0" departLane="best" departSpeed="max" departPos="random"/>
    <trip id="494" depart="355.68" from="336" to="-325" type="td_0" departLane="best" departSpeed="max" departPos="random"/>
    <trip id="495" depart="356.40" from="-589" to="-17" type="td_0" departLane="best" departSpeed="max" departPos="random"/>
    <trip id="496" depart="357.12" from="-621" to="-613" type="td_0" departLane="best" departSpeed="max" departPos="random"/>
    <trip id="497" depart="357.84" from="608" to="-121" type="td_0" departLane="best" departSpeed="max" departPos="random"/>
    <trip id="498" depart="358.56" from="-569" to="-9" type="td_0" departLane="best" departSpeed="max" departPos="random"/>
    <trip id="499" depart="359.28" from="608" to="588" type="td_0" departLane="best" departSpeed="max" departPos="random"/>
    <trip id="500" depart="360.00" from="-17" to="349" type="td_0" departLane="best" departSpeed="max" departPos="random"/>
    <trip id="501" depart="360.72" from="-7" to="642" type="td_0" departLane="best" departSpeed="max" departPos="random"/>
    <trip id="502" depart="361.44" from="-535" to="-608" type="td_0" departLane="best" departSpeed="max" departPos="random"/>
    <trip id="503" depart="362.16" from="-332" to="-25" type="td_0" departLane="best" departSpeed="max" departPos="random"/>
    <trip id="504" depart="362.88" from="504" to="116" type="td_0" departLane="best" departSpeed="max" departPos="random"/>
    <trip id="505" depart="363.60" from="210" to="333" type="td_0" departLane="best" departSpeed="max" departPos="random"/>
    <trip id="506" depart="364.32" from="125" to="-119" type="td_0" departLane="best" departSpeed="max" departPos="random"/>
    <trip id="507" depart="365.04" from="361" to="-365" type="td_0" departLane="best" departSpeed="max" departPos="random"/>
    <trip id="508" depart="365.76" from="-25" to="210" type="td_0" departLane="best" departSpeed="max" departPos="random"/>
    <trip id="509" depart="366.48" from="-128" to="504" type="td_0" departLane="best" departSpeed="max" departPos="random"/>
    <trip id="510" depart="367.20" from="-338" to="-349" type="td_0" departLane="best" departSpeed="max" departPos="random"/>
    <trip id="511" depart="367.92" from="523" to="-535" type="td_0" departLane="best" departSpeed="max" departPos="random"/>
    <trip id="512" depart="368.64" from="-313" to="608" type="td_0" departLane="best" departSpeed="max" departPos="random"/>
    <trip id="513" depart="369.36" from="-11" to="588" type="td_0" departLane="best" departSpeed="max" departPos="random"/>
    <trip id="514" depart="370.08" from="-313" to="-3" type="td_0" departLane="best" departSpeed="max" departPos="random"/>
    <trip id="515" depart="370.80" from="-361" to="-333" type="td_0" departLane="best" departSpeed="max" departPos="random"/>
    <trip id="516" depart="371.52" from="19" to="-121" type="td_0" departLane="best" departSpeed="max" departPos="random"/>
    <trip id="517" depart="372.24" from="-116" to="523" type="td_0" departLane="best" departSpeed="max" departPos="random"/>
    <trip id="518" depart="372.96" from="-349" to="-535" type="td_0" departLane="best" departSpeed="max" departPos="random"/>
    <trip id="519" depart="373.68" from="-330" to="-126" type="td_0" departLane="best" departSpeed="max" departPos="random"/>
    <trip id="520" depart="374.40" from="336" to="13" type="td_0" departLane="best" departSpeed="max" departPos="random"/>
    <trip id="521" depart="375.12" from="338" to="119" type="td_0" departLane="best" departSpeed="max" departPos="random"/>
    <trip id="522" depart="375.84" from="356" to="128" type="td_0" departLane="best" departSpeed="max" departPos="random"/>
    <trip id="523" depart="376.56" from="-19" to="125" type="td_0" departLane="best" departSpeed="max" departPos="random"/>
    <trip id="524" depart="377.28" from="601" to="-125" type="td_0" departLane="best" departSpeed="max" departPos="random"/>
    <trip id="525" depart="378.00" from="356" to="589" type="td_0" departLane="best" departSpeed="max" departPos="random"/>
    <trip id="526" depart="378.72" from="-64" to="116" type="td_0" departLane="best" departSpeed="max" departPos="random"/>
    <trip id="527" depart="379.44" from="613" to="-128" type="td_0" departLane="best" departSpeed="max" departPos="random"/>
    <trip id="528" depart="380.16" from="-614" to="-608" type="td_0" departLane="best" departSpeed="max" departPos="random"/>
    <trip id="529" depart="380.88" from="313" to="123" type="td_0" departLane="best" departSpeed="max" departPos="random"/>
    <trip id="530" depart="381.60" from="585" to="-13" type="td_0" departLane="best" departSpeed="max" departPos="random"/>
    <trip id="531" depart="382.32" from="-13" to="325" type="td_0" departLane="best" departSpeed="max" departPos="random"/>
    <trip id="532" depart="383.04" from="-126" to="-383" type="td_0" departLane="best" departSpeed="max" departPos="random"/>
    <trip id="533" depart="383.76" from="138" to="17" type="td_0" departLane="best" departSpeed="max" departPos="random"/>
    <trip id="534" depart="384.48" from="-505" to="9" type="td_0" departLane="best" departSpeed="max" departPos="random"/>
    <trip id="535" depart="385.20" from="-642" to="11" type="td_0" departLane="best" departSpeed="max" departPos="random"/>
    <trip id="536" depart="385.92" from="126" to="-19" type="td_0" departLane="best" departSpeed="max" departPos="random"/>
    <trip id="537" depart="386.64" from="319" to="588" type="td_0" departLane="best" departSpeed="max" departPos="random"/>
    <trip id="538" depart="387.36" from="17" to="505" type="td_0" departLane="best" departSpeed="max" departPos="random"/>
    <trip id="539" depart="388.08" from="332" to="-349" type="td_0" departLane="best" departSpeed="max" departPos="random"/>
    <trip id="540" depart="388.80" from="-608" to="-356" type="td_0" departLane="best" departSpeed="max" departPos="random"/>
    <trip id="541" depart="389.52" from="-523" to="11" type="td_0" departLane="best" departSpeed="max" departPos="random"/>
    <trip id="542" depart="390.24" from="-589" to="-17" type="td_0" departLane="best" departSpeed="max" departPos="random"/>
    <trip id="543" depart="390.96" from="-592" to="344" type="td_0" departLane="best" departSpeed="max" departPos="random"/>
    <trip id="544" depart="391.68" from="-570" to="-325" type="td_0" departLane="best" departSpeed="max" departPos="random"/>
    <trip id="545" depart="392.40" from="588" to="-13" type="td_0" departLane="best" departSpeed="max" departPos="random"/>
    <trip id="546" depart="393.12" from="383" to="-17" type="td_0" departLane="best" departSpeed="max" departPos="random"/>
    <trip id="547" depart="393.84" from="-15" to="383" type="td_0" departLane="best" departSpeed="max" departPos="random"/>
    <trip id="548" depart="394.56" from="38" to="19" type="td_0" departLane="best" departSpeed="max" departPos="random"/>
    <trip id="549" depart="395.28" from="121" to="19" type="td_0" departLane="best" departSpeed="max" departPos="random"/>
    <trip id="550" depart="396.00" from="-505" to="-25" type="td_0" departLane="best" departSpeed="max" departPos="random"/>
    <trip id="551" depart="396.72" from="-533" to="344" type="td_0" departLane="best" departSpeed="max" departPos="random"/>
    <trip id="552" depart="397.44" from="338" to="592" type="td_0" departLane="best" departSpeed="max" departPos="random"/>
    <trip id="553" depart="398.16" from="332" to="64" type="td_0" departLane="best" departSpeed="max" departPos="random"/>
    <trip id="554" depart="398.88" from="125" to="-579" type="td_0" departLane="best" departSpeed="max" departPos="random"/>
    <trip id="555" depart="399.60" from="119" to="-348" type="td_0" departLane="best" departSpeed="max" departPos="random"/>
    <trip id="556" depart="400.32" from="19" to="-356" type="td_0" departLane="best" departSpeed="max" departPos="random"/>
    <trip id="557" depart="401.04" from="-19" to="585" type="td_0" departLane="best" departSpeed="max" departPos="random"/>
    <trip id="558" depart="401.76" from="-569" to="504" type="td_0" departLane="best" departSpeed="max" departPos="random"/>
    <trip id="559" depart="402.48" from="119" to="535" type="td_0" departLane="best" departSpeed="max" departPos="random"/>
    <trip id="560" depart="403.20" from="504" to="64" type="td_0" departLane="best" departSpeed="max" departPos="random"/>
    <trip id="561" depart="403.92" from="381" to="326" type="td_0" departLane="best" departSpeed="max" departPos="random"/>
    <trip id="562" depart="404.64" from="15" to="-121" type="td_0" departLane="best" departSpeed="max" departPos="random"/>
    <trip id="563" depart="405.36" from="589" to="577" type="td_0" departLane="best" departSpeed="max" departPos="random"/>
    <trip id="564" depart="406.08" from="-379" to="-333" type="td_0" departLane="best" departSpeed="max" departPos="random"/>
    <trip id="565" depart="406.80" from="325" to="-517" type="td_0" departLane="best" departSpeed="max" departPos="random"/>
    <trip id="566" depart="407.52" from="-523" to="-116" type="td_0" departLane="best" departSpeed="max" departPos="random"/>
    <trip id="567" depart="408.24" from="523" to="210" type="td_0" departLane="best" departSpeed="max" departPos="random"/>
    <trip id="568" depart="408.96" from="-585" to="-319" type="td_0" departLane="best" departSpeed="max" departPos="random"/>
    <trip id="569" depart="409.68" from="138" to="-121" type="td_0" departLane="best" departSpeed="max" departPos="random"/>
    <trip id="570" depart="410.40" from="338" to="-349" type="td_0" departLane="best" departSpeed="max" departPos="random"/>
    <trip id="571" depart="411.12" from="-589" to="-577" type="td_0" departLane="best" departSpeed="max" departPos="random"/>
    <trip id="572" depart="411.84" from="-569" to="38" type="td_0" departLane="best" departSpeed="max" departPos="random"/>
    <trip id="573" depart="412.56" from="349" to="210" type="td_0" departLane="best" departSpeed="max" departPos="random"/>
    <trip id="574" depart="413.28" from="-138" to="-126" type="td_0" departLane="best" departSpeed="max" departPos="random"/>
    <trip id="575" depart="414.00" from="-325" to="326" type="td_0" departLane="best" departSpeed="max" departPos="random"/>
    <trip id="576" depart="414.72" from="25" to="-381" type="td_0" departLane="best" departSpeed="max" departPos="random"/>
    <trip id="577" depart="415.44" from="210" to="121" type="td_0" departLane="best" departSpeed="max" departPos="random"/>
    <trip id="578" depart="416.16" from="-601" to="-383" type="td_0" departLane="best" departSpeed="max" departPos="random"/>
    <trip id="579" depart="416.88" from="344" to="-210" type="td_0" departLane="best" departSpeed="max" departPos="random"/>
    <trip id="580" depart="417.60" from="-597" to="-492" type="td_0" departLane="best" departSpeed="max" departPos="random"/>
    <trip id="581" depart="418.32" from="3" to="121" type="td_0" departLane="best" departSpeed="max" departPos="random"/>
    <trip id="582" depart="419.04" from="210" to="-125" type="td_0" departLane="best" departSpeed="max" departPos="random"/>
    <trip id="583" depart="419.76" from="-579" to="319" type="td_0" departLane="best" departSpeed="max" departPos="random"/>
    <trip id="584" depart="420.48" from="-11" to="-505" type="td_0" departLane="best" departSpeed="max" departPos="random"/>
    <trip id="585" depart="421.20" from="-338" to="-313" type="td_0" departLane="best" departSpeed="max" departPos="random"/>
    <trip id="586" depart="421.92" from="-361" to="-535" type="td_0" departLane="best" departSpeed="max" departPos="random"/>
    <trip id="587" depart="422.64" from="-11" to="492" type="td_0" departLane="best" departSpeed="max" departPos="random"/>
    <trip id="588" depart="423.36" from="-330" to="-592" type="td_0" departLane="best" departSpeed="max" departPos="random"/>
    <trip id="589" depart="424.08" from="325" to="125" type="td_0" departLane="best" departSpeed="max" departPos="random"/>
    <trip id="590" depart="424.80" from="383" to="535" type="td_0" departLane="best" departSpeed="max" departPos="random"/>
    <trip id="591" depart="425.52" from="-128" to="589" type="td_0" departLane="best" departSpeed="max" departPos="random"/>
    <trip id="592" depart="426.24" from="-123" to="-119" type="td_0" departLane="best" departSpeed="max" departPos="random"/>
    <trip id="593" depart="426.96" from="588" to="589" type="td_0" departLane="best" departSpeed="max" departPos="random"/>
    <trip id="594" depart="427.68" from="119" to="25" type="td_0" departLane="best" departSpeed="max" departPos="random"/>
    <trip id="595" depart="428.40" from="325" to="-614" type="td_0" departLane="best" departSpeed="max" departPos="random"/>
    <trip id="596" depart="429.12" from="-19" to="-119" type="td_0" departLane="best" departSpeed="max" departPos="random"/>
    <trip id="597" depart="429.84" from="-505" to="533" type="td_0" departLane="best" departSpeed="max" departPos="random"/>
    <trip id="598" depart="430.56" from="128" to="577" type="td_0" departLane="best" departSpeed="max" departPos="random"/>
    <trip id="599" depart="431.28" from="588" to="-15" type="td_0" departLane="best" departSpeed="max" departPos="random"/>
    <trip id="600" depart="432.00" from="504" to="-365" type="td_0" departLane="best" departSpeed="max" departPos="random"/>
    <trip id="601" depart="432.72" from="123" to="13" type="td_0" departLane="best" departSpeed="max" departPos="random"/>
    <trip id="602" depart="433.44" from="-579" to="-517" type="td_0" departLane="best" departSpeed="max" departPos="random"/>
    <trip id="603" depart="434.16" from="-523" to="-570" type="td_0" departLane="best" departSpeed="max" departPos="random"/>
    <trip id="604" depart="434.88" from="-326" to="126" type="td_0" departLane="best" departSpeed="max" departPos="random"/>
    <trip id="605" depart="435.60" from="-19" to="126" type="td_0" departLane="best" departSpeed="max" departPos="random"/>
    <trip id="606" depart="436.32" from="579" to="-579" type="td_0" departLane="best" departSpeed="max" departPos="random"/>
    <trip id="607" depart="437.04" from="333" to="570" type="td_0" departLane="best" departSpeed="max" departPos="random"/>
    <trip id="608" depart="437.76" from="38" to="-361" type="td_0" departLane="best" departSpeed="max" departPos="random"/>
    <trip id="609" depart="438.48" from="-313" to="-338" type="td_0" departLane="best" departSpeed="max" departPos="random"/>
    <trip id="610" depart="439.20" from="125" to="496" type="td_0" departLane="best" departSpeed="max" departPos="random"/>
    <trip id="611" depart="439.92" from="19" to="-333" type="td_0" departLane="best" departSpeed="max" departPos="random"/>
    <trip id="612" depart="440.64" from="349" to="123" type="td_0" departLane="best" departSpeed="max" departPos="random"/>
    <trip id="613" depart="441.36" from="344" to="496" type="td_0" departLane="best" departSpeed="max" departPos="random"/>
    <trip id="614" depart="442.08" from="-608" to="614" type="td_0" departLane="best" departSpeed="max" departPos="random"/>
    <trip id="615" depart="442.80" from="117" to="332" type="td_0" departLane="best" departSpeed="max" departPos="random"/>
    <trip id="616" depart="443.52" from="13" to="589" type="td_0" departLane="best" departSpeed="max" departPos="random"/>
    <trip id="617" depart="444.24" from="13" to="-325" type="td_0" departLane="best" departSpeed="max" departPos="random"/>
    <trip id="618" depart="444.96" from="-128" to="-9" type="td_0" departLane="best" departSpeed="max" departPos="random"/>
    <trip id="619" depart="445.68" from="-492" to="-383" type="td_0" departLane="best" departSpeed="max" departPos="random"/>
    <trip id="620" depart="446.40" from="-125" to="126" type="td_0" departLane="best" departSpeed="max" departPos="random"/>
    <trip id="621" depart="447.12" from="-496" to="11" type="td_0" departLane="best" departSpeed="max" departPos="random"/>
    <trip id="622" depart="447.84" from="-125" to="577" type="td_0" departLane="best" departSpeed="max" departPos="random"/>
    <trip id="623" depart="448.56" from="-13" to="589" type="td_0" departLane="best" departSpeed="max" departPos="random"/>
    <trip id="624" depart="449.28" from="505" to="326" type="td_0" departLane="best" departSpeed="max" departPos="random"/>
    <trip id="625" depart="450.00" from="-625" to="116" type="td_0" departLane="best" departSpeed="max" departPos="random"/>
    <trip id="626" depart="450.72" from="116" to="523" type="td_0" departLane="best" departSpeed="max" departPos="random"/>
    <trip id="627" depart="451.44" from="577" to="11" type="td_0" departLane="best" departSpeed="max" departPos="random"/>
    <trip id="628" depart="452.16" from="379" to="336" type="td_0" departLane="best" departSpeed="max" departPos="random"/>
    <trip id="629" depart="452.88" from="-504" to="119" type="td_0" departLane="best" departSpeed="max" departPos="random"/>
    <trip id="630" depart="453.60" from="-319" to="-128" type="td_0" departLane="best" departSpeed="max" departPos="random"/>
    <trip id="631" depart="454.32" from="-17" to="608" type="td_0" departLane="best" departSpeed="max" departPos="random"/>
    <trip id="632" depart="455.04" from="-523" to="379" type="td_0" departLane="best" departSpeed="max" departPos="random"/>
    <trip id="633" depart="455.76" from="-625" to="-332" type="td_0" departLane="best" departSpeed="max" departPos="random"/>
    <trip id="634" depart="456.48" from="-356" to="-7" type="td_0" departLane="best" departSpeed="max" departPos="random"/>
    <trip id="635" depart="457.20" from="-601" to="13" type="td_0" departLane="best" departSpeed="max" departPos="random"/>
    <trip id="636" depart="457.92" from="-325" to="-589" type="td_0" departLane="best" departSpeed="max" departPos="random"/>
    <trip id="637" depart="458.64" from="-381" to="-613" type="td_0" departLane="best" departSpeed="max" departPos="random"/>
    <trip id="638" depart="459.36" from="-517" to="319" type="td_0" departLane="best" departSpeed="max" departPos="random"/>
    <trip id="639" depart="460.08" from="361" to="336" type="td_0" departLane="best" departSpeed="max" departPos="random"/>
    <trip id="640" depart="460.80" from="-126" to="-17" type="td_0" departLane="best" departSpeed="max" departPos="random"/>
    <trip id="641" depart="461.52" from="3" to="-492" type="td_0" departLane="best" departSpeed="max" departPos="random"/>
    <trip id="642" depart="462.24" from="332" to="338" type="td_0" departLane="best" departSpeed="max" departPos="random"/>
    <trip id="643" depart="462.96" from="579" to="592" type="td_0" departLane="best" departSpeed="max" departPos="random"/>
    <trip id="644" depart="463.68" from="-517" to="3" type="td_0" departLane="best" departSpeed="max" departPos="random"/>
    <trip id="645" depart="464.40" from="-313" to="-579" type="td_0" departLane="best" departSpeed="max" departPos="random"/>
    <trip id="646" depart="465.12" from="614" to="361" type="td_0" departLane="best" departSpeed="max" departPos="random"/>
    <trip id="647" depart="465.84" from="-579" to="313" type="td_0" departLane="best" departSpeed="max" departPos="random"/>
    <trip id="648" depart="466.56" from="592" to="-517" type="td_0" departLane="best" departSpeed="max" departPos="random"/>
    <trip id="649" depart="467.28" from="-570" to="523" type="td_0" departLane="best" departSpeed="max" departPos="random"/>
    <trip id="650" depart="468.00" from="38" to="348" type="td_0" departLane="best" departSpeed="max" departPos="random"/>
    <trip id="651" depart="468.72" from="383" to="383" type="td_0" departLane="best" departSpeed="max" departPos="random"/>
    <trip id="652" depart="469.44" from="3" to="13" type="td_0" departLane="best" departSpeed="max" departPos="random"/>
    <trip id="653" depart="470.16" from="17" to="-64" type="td_0" departLane="best" departSpeed="max" departPos="random"/>
    <trip id="654" depart="470.88" from="-535" to="-585" type="td_0" departLane="best" departSpeed="max" departPos="random"/>
    <trip id="655" depart="471.60" from="-330" to="-348" type="td_0" departLane="best" departSpeed="max" departPos="random"/>
    <trip id="656" depart="472.32" from="601" to="121" type="td_0" departLane="best" departSpeed="max" departPos="random"/>
    <trip id="657" depart="473.04" from="-348" to="-313" type="td_0" departLane="best" departSpeed="max" departPos="random"/>
    <trip id="658" depart="473.76" from="-13" to="585" type="td_0" departLane="best" departSpeed="max" departPos="random"/>
    <trip id="659" depart="474.48" from="-17" to="505" type="td_0" departLane="best" departSpeed="max" departPos="random"/>
    <trip id="660" depart="475.20" from="492" to="597" type="td_0" departLane="best" departSpeed="max" departPos="random"/>
    <trip id="661" depart="475.92" from="-121" to="-570" type="td_0" departLane="best" departSpeed="max" departPos="random"/>
    <trip id="662" depart="476.64" from="348" to="-3" type="td_0" departLane="best" departSpeed="max" departPos="random"/>
    <trip id="663" depart="477.36" from="-570" to="-326" type="td_0" departLane="best" departSpeed="max" departPos="random"/>
    <trip id="664" depart="478.08" from="383" to="505" type="td_0" departLane="best" departSpeed="max" departPos="random"/>
    <trip id="665" depart="478.80" from="379" to="-332" type="td_0" departLane="best" departSpeed="max" departPos="random"/>
    <trip id="666" depart="479.52" from="-597" to="-613" type="td_0" departLane="best" departSpeed="max" departPos="random"/>
    <trip id="667" depart="480.24" from="25" to="-361" type="td_0" departLane="best" departSpeed="max" departPos="random"/>
    <trip id="668" depart="480.96" from="-601" to="-492" type="td_0" departLane="best" departSpeed="max" departPos="random"/>
    <trip id="669" depart="481.68" from="338" to="11" type="td_0" departLane="best" departSpeed="max" departPos="random"/>
    <trip id="670" depart="482.40" from="-642" to="-517" type="td_0" departLane="best" departSpeed="max" departPos="random"/>
    <trip id="671" depart="483.12" from="379" to="117" type="td_0" departLane="best" departSpeed="max" departPos="random"/>
    <trip id="672" depart="483.84" from="492" to="-588" type="td_0" departLane="best" departSpeed="max" departPos="random"/>
    <trip id="673" depart="484.56" from="601" to="7" type="td_0" departLane="best" departSpeed="max" departPos="random"/>
    <trip id="674" depart="485.28" from="-612" to="-492" type="td_0" departLane="best" departSpeed="max" departPos="random"/>
    <trip id="675" depart="486.00" from="-577" to="13" type="td_0" departLane="best" departSpeed="max" departPos="random"/>
    <trip id="676" depart="486.72" from="613" to="569" type="td_0" departLane="best" departSpeed="max" departPos="random"/>
    <trip id="677" depart="487.44" from="365" to="-313" type="td_0" departLane="best" departSpeed="max" departPos="random"/>
    <trip id="678" depart="488.16" from="-361" to="333" type="td_0" departLane="best" departSpeed="max" departPos="random"/>
    <trip id="679" depart="488.88" from="523" to="19" type="td_0" departLane="best" departSpeed="max" departPos="random"/>
    <trip id="680" depart="489.60" from="-17" to="585" type="td_0" departLane="best" departSpeed="max" departPos="random"/>
    <trip id="681" depart="490.32" from="504" to="-492" type="td_0" departLane="best" departSpeed="max" departPos="random"/>
    <trip id="682" depart="491.04" from="348" to="-383" type="td_0" departLane="best" departSpeed="max" departPos="random"/>
    <trip id="683" depart="491.76" from="579" to="-319" type="td_0" departLane="best" departSpeed="max" departPos="random"/>
    <trip id="684" depart="492.48" from="-597" to="623" type="td_0" departLane="best" departSpeed="max" departPos="random"/>
    <trip id="685" depart="493.20" from="-344" to="11" type="td_0" departLane="best" departSpeed="max" departPos="random"/>
    <trip id="686" depart="493.92" from="-533" to="-121" type="td_0" departLane="best" departSpeed="max" departPos="random"/>
    <trip id="687" depart="494.64" from="-125" to="125" type="td_0" departLane="best" departSpeed="max" departPos="random"/>
    <trip id="688" depart="495.36" from="-349" to="9" type="td_0" departLane="best" departSpeed="max" departPos="random"/>
    <trip id="689" depart="496.08" from="-570" to="-121" type="td_0" departLane="best" departSpeed="max" departPos="random"/>
    <trip id="690" depart="496.80" from="589" to="579" type="td_0" departLane="best" departSpeed="max" departPos="random"/>
    <trip id="691" depart="497.52" from="17" to="523" type="td_0" departLane="best" departSpeed="max" departPos="random"/>
    <trip id="692" depart="498.24" from="-3" to="-492" type="td_0" departLane="best" departSpeed="max" departPos="random"/>
    <trip id="693" depart="498.96" from="383" to="361" type="td_0" departLane="best" departSpeed="max" departPos="random"/>
    <trip id="694" depart="499.68" from="-3" to="365" type="td_0" departLane="best" departSpeed="max" departPos="random"/>
    <trip id="695" depart="500.40" from="-608" to="-116" type="td_0" departLane="best" departSpeed="max" departPos="random"/>
    <trip id="696" depart="501.12" from="-13" to="-379" type="td_0" departLane="best" departSpeed="max" departPos="random"/>
    <trip id="697" depart="501.84" from="492" to="17" type="td_0" departLane="best" departSpeed="max" departPos="random"/>
    <trip id="698" depart="502.56" from="332" to="13" type="td_0" departLane="best" departSpeed="max" departPos="random"/>
    <trip id="699" depart="503.28" from="-19" to="-492" type="td_0" departLane="best" departSpeed="max" departPos="random"/>
    <trip id="700" depart="504.00" from="-492" to="-125" type="td_0" departLane="best" departSpeed="max" departPos="random"/>
    <trip id="701" depart="504.72" from="-589" to="533" type="td_0" departLane="best" departSpeed="max" departPos="random"/>
    <trip id="702" depart="505.44" from="-612" to="-210" type="td_0" departLane="best" departSpeed="max" departPos="random"/>
    <trip id="703" depart="506.16" from="579" to="319" type="td_0" departLane="best" departSpeed="max" departPos="random"/>
    <trip id="704" depart="506.88" from="-116" to="128" type="td_0" departLane="best" departSpeed="max" departPos="random"/>
    <trip id="705" depart="507.60" from="-356" to="-319" type="td_0" departLane="best" departSpeed="max" departPos="random"/>
    <trip id="706" depart="508.32" from="-592" to="326" type="td_0" departLane="best" departSpeed="max" departPos="random"/>
    <trip id="707" depart="509.04" from="-356" to="-614" type="td_0" departLane="best" departSpeed="max" departPos="random"/>
    <trip id="708" depart="509.76" from="210" to="-15" type="td_0" departLane="best" departSpeed="max" departPos="random"/>
    <trip id="709" depart="510.48" from="614" to="-13" type="td_0" departLane="best" departSpeed="max" departPos="random"/>
    <trip id="710" depart="511.20" from="-64" to="126" type="td_0" departLane="best" departSpeed="max" departPos="random"/>
    <trip id="711" depart="511.92" from="7" to="19" type="td_0" departLane="best" departSpeed="max" departPos="random"/>
    <trip id="712" depart="512.64" from="-579" to="117" type="td_0" departLane="best" departSpeed="max" departPos="random"/>
    <trip id="713" depart="513.36" from="138" to="642" type="td_0" departLane="best" departSpeed="max" departPos="random"/>
    <trip id="714" depart="514.08" from="-361" to="-117" type="td_0" departLane="best" departSpeed="max" departPos="random"/>
    <trip id="715" depart="514.80" from="361" to="-577" type="td_0" departLane="best" departSpeed="max" departPos="random"/>
    <trip id="716" depart="515.52" from="333" to="332" type="td_0" departLane="best" departSpeed="max" departPos="random"/>
    <trip id="717" depart="516.24" from="349" to="381" type="td_0" departLane="best" departSpeed="max" departPos="random"/>
    <trip id="718" depart="516.96" from="-517" to="-125" type="td_0" departLane="best" departSpeed="max" departPos="random"/>
    <trip id="719" depart="517.68" from="-9" to="569" type="td_0" departLane="best" departSpeed="max" departPos="random"/>
    <trip id="720" depart="518.40" from="-330" to="517" type="td_0" departLane="best" departSpeed="max" departPos="random"/>
    <trip id="721" depart="519.12" from="-613" to="361" type="td_0" departLane="best" departSpeed="max" departPos="random"/>
    <trip id="722" depart="519.84" from="138" to="569" type="td_0" departLane="best" departSpeed="max" departPos="random"/>
    <trip id="723" depart="520.56" from="-126" to="505" type="td_0" departLane="best" departSpeed="max" departPos="random"/>
    <trip id="724" depart="521.28" from="-612" to="-504" type="td_0" departLane="best" departSpeed="max" departPos="random"/>
    <trip id="725" depart="522.00" from="-123" to="-344" type="td_0" departLane="best" departSpeed="max" departPos="random"/>
    <trip id="726" depart="522.72" from="-123" to="618" type="td_0" departLane="best" departSpeed="max" departPos="random"/>
    <trip id="727" depart="523.44" from="-639" to="7" type="td_0" departLane="best" departSpeed="max" departPos="random"/>
    <trip id="728" depart="524.16" from="-7" to="-379" type="td_0" departLane="best" departSpeed="max" departPos="random"/>
    <trip id="729" depart="524.88" from="344" to="-338" type="td_0" departLane="best" departSpeed="max" departPos="random"/>
    <trip id="730" depart="525.60" from="-535" to="517" type="td_0" departLane="best" departSpeed="max" departPos="random"/>
    <trip id="731" depart="526.32" from="517" to="-570" type="td_0" departLane="best" departSpeed="max" departPos="random"/>
    <trip id="732" depart="527.04" from="-25" to="-588" type="td_0" departLane="best" departSpeed="max" departPos="random"/>
    <trip id="733" depart="527.76" from="570" to="383" type="td_0" departLane="best" departSpeed="max" departPos="random"/>
    <trip id="734" depart="528.48" from="577" to="-592" type="td_0" departLane="best" departSpeed="max" departPos="random"/>
    <trip id="735" depart="529.20" from="614" to="125" type="td_0" departLane="best" departSpeed="max" departPos="random"/>
    <trip id="736" depart="529.92" from="-623" to="614" type="td_0" departLane="best" departSpeed="max" departPos="random"/>
    <trip id="737" depart="530.64" from="-639" to="533" type="td_0" departLane="best" departSpeed="max" departPos="random"/>
    <trip id="738" depart="531.36" from="332" to="-138" type="td_0" departLane="best" departSpeed="max" departPos="random"/>
    <trip id="739" depart="532.08" from="125" to="570" type="td_0" departLane="best" departSpeed="max" departPos="random"/>
    <trip id="740" depart="532.80" from="-9" to="-523" type="td_0" departLane="best" departSpeed="max" departPos="random"/>
    <trip id="741" depart="533.52" from="-13" to="338" type="td_0" departLane="best" departSpeed="max" departPos="random"/>
    <trip id="742" depart="534.24" from="-496" to="319" type="td_0" departLane="best" departSpeed="max" departPos="random"/>
    <trip id="743" depart="534.96" from="-592" to="356" type="td_0" departLane="best" departSpeed="max" departPos="random"/>
    <trip id="744" depart="535.68" from="-533" to="-125" type="td_0" departLane="best" departSpeed="max" departPos="random"/>
    <trip id="745" depart="536.40" from="523" to="-579" type="td_0" departLane="best" departSpeed="max" departPos="random"/>
    <trip id="746" depart="537.12" from="9" to="-383" type="td_0" departLane="best" departSpeed="max" departPos="random"/>
    <trip id="747" depart="537.84" from="64" to="623" type="td_0" departLane="best" departSpeed="max" departPos="random"/>
    <trip id="748" depart="538.56" from="-13" to="333" type="td_0" departLane="best" departSpeed="max" departPos="random"/>
    <trip id="749" depart="539.28" from="-535" to="533" type="td_0" departLane="best" departSpeed="max" departPos="random"/>
    <trip id="750" depart="540.00" from="3" to="625" type="td_0" departLane="best" departSpeed="max" departPos="random"/>
    <trip id="751" depart="540.72" from="-313" to="325" type="td_0" departLane="best" departSpeed="max" departPos="random"/>
    <trip id="752" depart="541.44" from="356" to="-123" type="td_0" departLane="best" departSpeed="max" departPos="random"/>
    <trip id="753" depart="542.16" from="-128" to="517" type="td_0" departLane="best" departSpeed="max" departPos="random"/>
    <trip id="754" depart="542.88" from="-569" to="-592" type="td_0" departLane="best" departSpeed="max" departPos="random"/>
    <trip id="755" depart="543.60" from="117" to="325" type="td_0" departLane="best" departSpeed="max" departPos="random"/>
    <trip id="756" depart="544.32" from="3" to="623" type="td_0" departLane="best" departSpeed="max" departPos="random"/>
    <trip id="757" depart="545.04" from="-570" to="504" type="td_0" departLane="best" departSpeed="max" departPos="random"/>
    <trip id="758" depart="545.76" from="119" to="138" type="td_0" departLane="best" departSpeed="max" departPos="random"/>
    <trip id="759" depart="546.48" from="-585" to="336" type="td_0" departLane="best" departSpeed="max" departPos="random"/>
    <trip id="760" depart="547.20" from="-361" to="-210" type="td_0" departLane="best" departSpeed="max" departPos="random"/>
    <trip id="761" depart="547.92" from="336" to="125" type="td_0" departLane="best" departSpeed="max" departPos="random"/>
    <trip id="762" depart="548.64" from="-577" to="19" type="td_0" departLane="best" departSpeed="max" departPos="random"/>
    <trip id="763" depart="549.36" from="-365" to="-38" type="td_0" departLane="best" departSpeed="max" departPos="random"/>
    <trip id="764" depart="550.08" from="-601" to="9" type="td_0" departLane="best" departSpeed="max" departPos="random"/>
    <trip id="765" depart="550.80" from="-381" to="613" type="td_0" departLane="best" departSpeed="max" departPos="random"/>
    <trip id="766" depart="551.52" from="-621" to="-25" type="td_0" departLane="best" departSpeed="max" departPos="random"/>
    <trip id="767" depart="552.24" from="505" to="11" type="td_0" departLane="best" departSpeed="max" departPos="random"/>
    <trip id="768" depart="552.96" from="577" to="-9" type="td_0" departLane="best" departSpeed="max" departPos="random"/>
    <trip id="769" depart="553.68" from="-138" to="349" type="td_0" departLane="best" departSpeed="max" departPos="random"/>
    <trip id="770" depart="554.40" from="504" to="-523" type="td_0" departLane="best" departSpeed="max" departPos="random"/>
    <trip id="771" depart="555.12" from="-533" to="-128" type="td_0" departLane="best" departSpeed="max" departPos="random"/>
    <trip id="772" depart="555.84" from="-7" to="601" type="td_0" departLane="best" departSpeed="max" departPos="random"/>
    <trip id="773" depart="556.56" from="505" to="379" type="td_0" departLane="best" departSpeed="max" departPos="random"/>
    <trip id="774" depart="557.28" from="589" to="333" type="td_0" departLane="best" departSpeed="max" departPos="random"/>
    <trip id="775" depart="558.00" from="365" to="126" type="td_0" departLane="best" departSpeed="max" departPos="random"/>
    <trip id="776" depart="558.72" from="-210" to="-344" type="td_0" departLane="best" departSpeed="max" departPos="random"/>
    <trip id="777" depart="559.44" from="-3" to="523" type="td_0" departLane="best" departSpeed="max" departPos="random"/>
    <trip id="778" depart="560.16" from="-119" to="19" type="td_0" departLane="best" departSpeed="max" departPos="random"/>
    <trip id="779" depart="560.88" from="-569" to="535" type="td_0" departLane="best" departSpeed="max" departPos="random"/>
    <trip id="780" depart="561.60" from="-9" to="326" type="td_0" departLane="best" departSpeed="max" departPos="random"/>
    <trip id="781" depart="562.32" from="-138" to="-517" type="td_0" departLane="best" departSpeed="max" departPos="random"/>
    <trip id="782" depart="563.04" from="9" to="379" type="td_0" departLane="best" departSpeed="max" departPos="random"/>
    <trip id="783" depart="563.76" from="-64" to="505" type="td_0" departLane="best" departSpeed="max" departPos="random"/>
    <trip id="784" depart="564.48" from="381" to="-13" type="td_0" departLane="best" departSpeed="max" departPos="random"/>
    <trip id="785" depart="565.20" from="614" to="333" type="td_0" departLane="best" departSpeed="max" departPos="random"/>
    <trip id="786" depart="565.92" from="-608" to="349" type="td_0" departLane="best" departSpeed="max" departPos="random"/>
    <trip id="787" depart="566.64" from="-523" to="597" type="td_0" departLane="best" departSpeed="max" departPos="random"/>
    <trip id="788" depart="567.36" from="356" to="333" type="td_0" departLane="best" departSpeed="max" departPos="random"/>
    <trip id="789" depart="568.08" from="-332" to="639" type="td_0" departLane="best" departSpeed="max" departPos="random"/>
    <trip id="790" depart="568.80" from="-597" to="613" type="td_0" departLane="best" departSpeed="max" departPos="random"/>
    <trip id="791" depart="569.52" from="-125" to="-3" type="td_0" departLane="best" departSpeed="max" departPos="random"/>
    <trip id="792" depart="570.24" from="-319" to="-326" type="td_0" departLane="best" departSpeed="max" departPos="random"/>
    <trip id="793" depart="570.96" from="-505" to="365" type="td_0" departLane="best" departSpeed="max" departPos="random"/>
    <trip id="794" depart="571.68" from="-523" to="621" type="td_0" departLane="best" departSpeed="max" departPos="random"/>
    <trip id="795" depart="572.40" from="577" to="585" type="td_0" departLane="best" departSpeed="max" departPos="random"/>
    <trip id="796" depart="573.12" from="-361" to="332" type="td_0" departLane="best" departSpeed="max" departPos="random"/>
    <trip id="797" depart="573.84" from="-9" to="-3" type="td_0" departLane="best" departSpeed="max" departPos="random"/>
    <trip id="798" depart="574.56" from="-492" to="138" type="td_0" departLane="best" departSpeed="max" departPos="random"/>
    <trip id="799" depart="575.28" from="-623" to="-332" type="td_0" departLane="best" departSpeed="max" departPos="random"/>
    <trip id="800" depart="576.00" from="592" to="-325" type="td_0" departLane="best" departSpeed="max" departPos="random"/>
    <trip id="801" depart="576.72" from="19" to="38" type="td_0" departLane="best" departSpeed="max" departPos="random"/>
    <trip id="802" depart="577.44" from="126" to="579" type="td_0" departLane="best" departSpeed="max" departPos="random"/>
    <trip id="803" depart="578.16" from="117" to="570" type="td_0" departLane="best" departSpeed="max" departPos="random"/>
    <trip id="804" depart="578.88" from="-119" to="-125" type="td_0" departLane="best" departSpeed="max" departPos="random"/>
    <trip id="805" depart="579.60" from="15" to="25" type="td_0" departLane="best" departSpeed="max" departPos="random"/>
    <trip id="806" depart="580.32" from="17" to="504" type="td_0" departLane="best" departSpeed="max" departPos="random"/>
    <trip id="807" depart="581.04" from="-589" to="333" type="td_0" departLane="best" departSpeed="max" departPos="random"/>
    <trip id="808" depart="581.76" from="-623" to="330" type="td_0" departLane="best" departSpeed="max" departPos="random"/>
    <trip id="809" depart="582.48" from="-383" to="625" type="td_0" departLane="best" departSpeed="max" departPos="random"/>
    <trip id="810" depart="583.20" from="-618" to="535" type="td_0" departLane="best" departSpeed="max" departPos="random"/>
    <trip id="811" depart="583.92" from="3" to="-504" type="td_0" departLane="best" departSpeed="max" departPos="random"/>
    <trip id="812" depart="584.64" from="-128" to="-128" type="td_0" departLane="best" departSpeed="max" departPos="random"/>
    <trip id="813" depart="585.36" from="-601" to="121" type="td_0" departLane="best" departSpeed="max" departPos="random"/>
    <trip id="814" depart="586.08" from="-336" to="325" type="td_0" departLane="best" departSpeed="max" departPos="random"/>
    <trip id="815" depart="586.80" from="-496" to="379" type="td_0" departLane="best" departSpeed="max" departPos="random"/>
    <trip id="816" depart="587.52" from="333" to="589" type="td_0" departLane="best" departSpeed="max" departPos="random"/>
    <trip id="817" depart="588.24" from="64" to="-3" type="td_0" departLane="best" departSpeed="max" departPos="random"/>
    <trip id="818" depart="588.96" from="-569" to="19" type="td_0" departLane="best" departSpeed="max" departPos="random"/>
    <trip id="819" depart="589.68" from="-504" to="117" type="td_0" departLane="best" departSpeed="max" departPos="random"/>
    <trip id="820" depart="590.40" from="-379" to="-365" type="td_0" departLane="best" departSpeed="max" departPos="random"/>
    <trip id="821" depart="591.12" from="-15" to="-504" type="td_0" departLane="best" departSpeed="max" departPos="random"/>
    <trip id="822" depart="591.84" from="-577" to="326" type="td_0" departLane="best" departSpeed="max" departPos="random"/>
    <trip id="823" depart="592.56" from="-361" to="589" type="td_0" departLane="best" departSpeed="max" departPos="random"/>
    <trip id="824" depart="593.28" from="-325" to="-535" type="td_0" departLane="best" departSpeed="max" departPos="random"/>
    <trip id="825" depart="594.00" from="119" to="-517" type="td_0" departLane="best" departSpeed="max" departPos="random"/>
    <trip id="826" depart="594.72" from="348" to="125" type="td_0" departLane="best" departSpeed="max" departPos="random"/>
    <trip id="827" depart="595.44" from="-639" to="125" type="td_0" departLane="best" departSpeed="max" departPos="random"/>
    <trip id="828" depart="596.16" from="-496" to="-119" type="td_0" departLane="best" departSpeed="max" departPos="random"/>
    <trip id="829" depart="596.88" from="601" to="126" type="td_0" departLane="best" departSpeed="max" departPos="random"/>
    <trip id="830" depart="597.60" from="613" to="-349" type="td_0" departLane="best" departSpeed="max" departPos="random"/>
    <trip id="831" depart="598.32" from="-533" to="-126" type="td_0" departLane="best" departSpeed="max" departPos="random"/>
    <trip id="832" depart="599.04" from="-621" to="597" type="td_0" departLane="best" departSpeed="max" departPos="random"/>
    <trip id="833" depart="599.76" from="19" to="117" type="td_0" departLane="best" departSpeed="max" departPos="random"/>
    <trip id="834" depart="600.48" from="-642" to="585" type="td_0" departLane="best" departSpeed="max" departPos="random"/>
    <trip id="835" depart="601.20" from="-597" to="597" type="td_0" departLane="best" departSpeed="max" departPos="random"/>
    <trip id="836" depart="601.92" from="333" to="504" type="td_0" departLane="best" departSpeed="max" departPos="random"/>
    <trip id="837" depart="602.64" from="-569" to="-608" type="td_0" departLane="best" departSpeed="max" departPos="random"/>
    <trip id="838" depart="603.36" from="119" to="-338" type="td_0" departLane="best" departSpeed="max" departPos="random"/>
    <trip id="839" depart="604.08" from="-9" to="-13" type="td_0" departLane="best" departSpeed="max" departPos="random"/>
    <trip id="840" depart="604.80" from="-625" to="504" type="td_0" departLane="best" departSpeed="max" departPos="random"/>
    <trip id="841" depart="605.52" from="-38" to="7" type="td_0" departLane="best" departSpeed="max" departPos="random"/>
    <trip id="842" depart="606.24" from="3" to="-25" type="td_0" departLane="best" departSpeed="max" departPos="random"/>
    <trip id="843" depart="606.96" from="614" to="-601" type="td_0" departLane="best" departSpeed="max" departPos="random"/>
    <trip id="844" depart="607.68" from="365" to="-577" type="td_0" departLane="best" departSpeed="max" departPos="random"/>
    <trip id="845" depart="608.40" from="592" to="496" type="td_0" departLane="best" departSpeed="max" departPos="random"/>
    <trip id="846" depart="609.12" from="-336" to="126" type="td_0" departLane="best" departSpeed="max" departPos="random"/>
    <trip id="847" depart="609.84" from="-623" to="-125" type="td_0" departLane="best" departSpeed="max" departPos="random"/>
    <trip id="848" depart="610.56" from="-3" to="-570" type="td_0" departLane="best" departSpeed="max" departPos="random"/>
    <trip id="849" depart="611.28" from="-614" to="116" type="td_0" departLane="best" departSpeed="max" departPos="random"/>
    <trip id="850" depart="612.00" from="126" to="128" type="td_0" departLane="best" departSpeed="max" departPos="random"/>
    <trip id="851" depart="612.72" from="-505" to="326" type="td_0" departLane="best" departSpeed="max" departPos="random"/>
    <trip id="852" depart="613.44" from="-325" to="7" type="td_0" departLane="best" departSpeed="max" departPos="random"/>
    <trip id="853" depart="614.16" from="336" to="-505" type="td_0" departLane="best" departSpeed="max" departPos="random"/>
    <trip id="854" depart="614.88" from="-517" to="577" type="td_0" departLane="best" departSpeed="max" departPos="random"/>
    <trip id="855" depart="615.60" from="-642" to="365" type="td_0" departLane="best" departSpeed="max" departPos="random"/>
    <trip id="856" depart="616.32" from="-492" to="569" type="td_0" departLane="best" departSpeed="max" departPos="random"/>
    <trip id="857" depart="617.04" from="-569" to="348" type="td_0" departLane="best" departSpeed="max" departPos="random"/>
    <trip id="858" depart="617.76" from="64" to="3" type="td_0" departLane="best" departSpeed="max" departPos="random"/>
    <trip id="859" depart="618.48" from="365" to="38" type="td_0" departLane="best" departSpeed="max" departPos="random"/>
    <trip id="860" depart="619.20" from="313" to="-121" type="td_0" departLane="best" departSpeed="max" departPos="random"/>
    <trip id="861" depart="619.92" from="-614" to="64" type="td_0" departLane="best" departSpeed="max" departPos="random"/>
    <trip id="862" depart="620.64" from="356" to="505" type="td_0" departLane="best" departSpeed="max" departPos="random"/>
    <trip id="863" depart="621.36" from="119" to="38" type="td_0" departLane="best" departSpeed="max" departPos="random"/>
    <trip id="864" depart="622.08" from="121" to="-332" type="td_0" departLane="best" departSpeed="max" departPos="random"/>
    <trip id="865" depart="622.80" from="138" to="326" type="td_0" departLane="best" departSpeed="max" departPos="random"/>
    <trip id="866" depart="623.52" from="492" to="-319" type="td_0" departLane="best" departSpeed="max" departPos="random"/>
    <trip id="867" depart="624.24" from="3" to="-121" type="td_0" departLane="best" departSpeed="max" departPos="random"/>
    <trip id="868" depart="624.96" from="601" to="-210" type="td_0" departLane="best" departSpeed="max" departPos="random"/>
    <trip id="869" depart="625.68" from="-117" to="-517" type="td_0" departLane="best" departSpeed="max" departPos="random"/>
    <trip id="870" depart="626.40" from="-319" to="356" type="td_0" departLane="best" departSpeed="max" departPos="random"/>
    <trip id="871" depart="627.12" from="-588" to="505" type="td_0" departLane="best" departSpeed="max" departPos="random"/>
    <trip id="872" depart="627.84" from="588" to="592" type="td_0" departLane="best" departSpeed="max" departPos="random"/>
    <trip id="873" depart="628.56" from="336" to="-128" type="td_0" departLane="best" departSpeed="max" departPos="random"/>
    <trip id="874" depart="629.28" from="-3" to="-348" type="td_0" departLane="best" departSpeed="max" departPos="random"/>
    <trip id="875" depart="630.00" from="-505" to="344" type="td_0" departLane="best" departSpeed="max" departPos="random"/>
    <trip id="876" depart="630.72" from="-64" to="-517" type="td_0" departLane="best" departSpeed="max" departPos="random"/>
    <trip id="877" depart="631.44" from="-326" to="613" type="td_0" departLane="best" departSpeed="max" departPos="random"/>
    <trip id="878" depart="632.16" from="-523" to="-579" type="td_0" departLane="best" departSpeed="max" departPos="random"/>
    <trip id="879" depart="632.88" from="349" to="38" type="td_0" departLane="best" departSpeed="max" departPos="random"/>
    <trip id="880" depart="633.60" from="15" to="356" type="td_0" departLane="best" departSpeed="max" departPos="random"/>
    <trip id="881" depart="634.32" from="126" to="-338" type="td_0" departLane="best" departSpeed="max" departPos="random"/>
    <trip id="882" depart="635.04" from="-356" to="19" type="td_0" departLane="best" departSpeed="max" departPos="random"/>
    <trip id="883" depart="635.76" from="-348" to="64" type="td_0" departLane="best" departSpeed="max" departPos="random"/>
    <trip id="884" depart="636.48" from="-492" to="-492" type="td_0" departLane="best" departSpeed="max" departPos="random"/>
    <trip id="885" depart="637.20" from="-338" to="365" type="td_0" departLane="best" departSpeed="max" departPos="random"/>
    <trip id="886" depart="637.92" from="-504" to="-579" type="td_0" departLane="best" departSpeed="max" departPos="random"/>
    <trip id="887" depart="638.64" from="589" to="533" type="td_0" departLane="best" departSpeed="max" departPos="random"/>
    <trip id="888" depart="639.36" from="-38" to="-25" type="td_0" departLane="best" departSpeed="max" departPos="random"/>
    <trip id="889" depart="640.08" from="25" to="-589" type="td_0" departLane="best" departSpeed="max" departPos="random"/>
    <trip id="890" depart="640.80" from="64" to="570" type="td_0" departLane="best" departSpeed="max" departPos="random"/>
    <trip id="891" depart="641.52" from="608" to="535" type="td_0" departLane="best" departSpeed="max" departPos="random"/>
    <trip id="892" depart="642.24" from="-383" to="-492" type="td_0" departLane="best" departSpeed="max" departPos="random"/>
    <trip id="893" depart="642.96" from="326" to="-577" type="td_0" departLane="best" departSpeed="max" departPos="random"/>
    <trip id="894" depart="643.68" from="-601" to="-38" type="td_0" departLane="best" departSpeed="max" departPos="random"/>
    <trip id="895" depart="644.40" from="-614" to="-344" type="td_0" departLane="best" departSpeed="max" departPos="random"/>
    <trip id="896" depart="645.12" from="-7" to="618" type="td_0" departLane="best" departSpeed="max" departPos="random"/>
    <trip id="897" depart="645.84" from="319" to="-313" type="td_0" departLane="best" departSpeed="max" departPos="random"/>
    <trip id="898" depart="646.56" from="128" to="313" type="td_0" departLane="best" departSpeed="max" departPos="random"/>
    <trip id="899" depart="647.28" from="-356" to="348" type="td_0" departLane="best" departSpeed="max" departPos="random"/>
    <trip id="900" depart="648.00" from="-642" to="333" type="td_0" departLane="best" departSpeed="max" departPos="random"/>
    <trip id="901" depart="648.72" from="-125" to="-614" type="td_0" departLane="best" departSpeed="max" departPos="random"/>
    <trip id="902" depart="649.44" from="326" to="-19" type="td_0" departLane="best" departSpeed="max" departPos="random"/>
    <trip id="903" depart="650.16" from="349" to="-116" type="td_0" departLane="best" departSpeed="max" departPos="random"/>
    <trip id="904" depart="650.88" from="-9" to="618" type="td_0" departLane="best" departSpeed="max" departPos="random"/>
    <trip id="905" depart="651.60" from="-588" to="621" type="td_0" departLane="best" departSpeed="max" departPos="random"/>
    <trip id="906" depart="652.32" from="535" to="119" type="td_0" departLane="best" departSpeed="max" departPos="random"/>
    <trip id="907" depart="653.04" from="-336" to="639" type="td_0" departLane="best" departSpeed="max" departPos="random"/>
    <trip id="908" depart="653.76" from="-504" to="336" type="td_0" departLane="best" departSpeed="max" departPos="random"/>
    <trip id="909" depart="654.48" from="579" to="-15" type="td_0" departLane="best" departSpeed="max" departPos="random"/>
    <trip id="910" depart="655.20" from="119" to="138" type="td_0" departLane="best" departSpeed="max" departPos="random"/>
    <trip id="911" depart="655.92" from="332" to="621" type="td_0" departLane="best" departSpeed="max" departPos="random"/>
    <trip id="912" depart="656.64" from="585" to="-333" type="td_0" departLane="best" departSpeed="max" departPos="random"/>
    <trip id="913" depart="657.36" from="535" to="-333" type="td_0" departLane="best" departSpeed="max" departPos="random"/>
    <trip id="914" depart="658.08" from="588" to="9" type="td_0" departLane="best" departSpeed="max" departPos="random"/>
    <trip id="915" depart="658.80" from="-585" to="123" type="td_0" departLane="best" departSpeed="max" departPos="random"/>
    <trip id="916" depart="659.52" from="592" to="639" type="td_0" departLane="best" departSpeed="max" departPos="random"/>
    <trip id="917" depart="660.24" from="589" to="597" type="td_0" departLane="best" departSpeed="max" departPos="random"/>
    <trip id="918" depart="660.96" from="-116" to="210" type="td_0" departLane="best" departSpeed="max" departPos="random"/>
    <trip id="919" depart="661.68" from="-17" to="642" type="td_0" departLane="best" departSpeed="max" departPos="random"/>
    <trip id="920" depart="662.40" from="-381" to="7" type="td_0" departLane="best" departSpeed="max" departPos="random"/>
    <trip id="921" depart="663.12" from="-7" to="123" type="td_0" departLane="best" departSpeed="max" departPos="random"/>
    <trip id="922" depart="663.84" from="592" to="585" type="td_0" departLane="best" departSpeed="max" departPos="random"/>
    <trip id="923" depart="664.56" from="-613" to="-338" type="td_0" departLane="best" departSpeed="max" departPos="random"/>
    <trip id="924" depart="665.28" from="-19" to="-326" type="td_0" departLane="best" departSpeed="max" departPos="random"/>
    <trip id="925" depart="666.00" from="-612" to="-38" type="td_0" departLane="best" departSpeed="max" departPos="random"/>
    <trip id="926" depart="666.72" from="-332" to="383" type="td_0" departLane="best" departSpeed="max" departPos="random"/>
    <trip id="927" depart="667.44" from="361" to="210" type="td_0" departLane="best" departSpeed="max" departPos="random"/>
    <trip id="928" depart="668.16" from="344" to="-333" type="td_0" departLane="best" departSpeed="max" departPos="random"/>
    <trip id="929" depart="668.88" from="505" to="608" type="td_0" departLane="best" departSpeed="max" departPos="random"/>
    <trip id="930" depart="669.60" from="383" to="128" type="td_0" departLane="best" departSpeed="max" departPos="random"/>
    <trip id="931" depart="670.32" from="-138" to="344" type="td_0" departLane="best" departSpeed="max" departPos="random"/>
    <trip id="932" depart="671.04" from="-332" to="-319" type="td_0" departLane="best" departSpeed="max" departPos="random"/>
    <trip id="933" depart="671.76" from="-505" to="-379" type="td_0" departLane="best" departSpeed="max" departPos="random"/>
    <trip id="934" depart="672.48" from="-365" to="-361" type="td_0" departLane="best" departSpeed="max" departPos="random"/>
    <trip id="935" depart="673.20" from="344" to="625" type="td_0" departLane="best" departSpeed="max" departPos="random"/>
    <trip id="936" depart="673.92" from="-492" to="38" type="td_0" departLane="best" departSpeed="max" departPos="random"/>
    <trip id="937" depart="674.64" from="-116" to="338" type="td_0" departLane="best" departSpeed="max" departPos="random"/>
    <trip id="938" depart="675.36" from="313" to="-128" type="td_0" departLane="best" departSpeed="max" departPos="random"/>
    <trip id="939" depart="676.08" from="-210" to="-517" type="td_0" departLane="best" departSpeed="max" departPos="random"/>
    <trip id="940" depart="676.80" from="-588" to="125" type="td_0" departLane="best" departSpeed="max" departPos="random"/>
    <trip id="941" depart="677.52" from="577" to="365" type="td_0" departLane="best" departSpeed="max" departPos="random"/>
    <trip id="942" depart="678.24" from="-496" to="-25" type="td_0" departLane="best" departSpeed="max" departPos="random"/>
    <trip id="943" depart="678.96" from="585" to="-504" type="td_0" departLane="best" departSpeed="max" departPos="random"/>
    <trip id="944" depart="679.68" from="128" to="-349" type="td_0" departLane="best" departSpeed="max" departPos="random"/>
    <trip id="945" depart="680.40" from="-3" to="-325" type="td_0" departLane="best" departSpeed="max" departPos="random"/>
    <trip id="946" depart="681.12" from="338" to="325" type="td_0" departLane="best" departSpeed="max" departPos="random"/>
    <trip id="947" depart="681.84" from="-589" to="17" type="td_0" departLane="best" departSpeed="max" departPos="random"/>
    <trip id="948" depart="682.56" from="-613" to="15" type="td_0" departLane="best" departSpeed="max" departPos="random"/>
    <trip id="949" depart="683.28" from="210" to="-349" type="td_0" departLane="best" departSpeed="max" departPos="random"/>
    <trip id="950" depart="684.00" from="-356" to="496" type="td_0" departLane="best" departSpeed="max" departPos="random"/>
    <trip id="951" depart="684.72" from="523" to="-138" type="td_0" departLane="best" departSpeed="max" departPos="random"/>
    <trip id="952" depart="685.44" from="-608" to="365" type="td_0" departLane="best" departSpeed="max" departPos="random"/>
    <trip id="953" depart="686.16" from="-13" to="210" type="td_0" departLane="best" departSpeed="max" departPos="random"/>
    <trip id="954" depart="686.88" from="-126" to="17" type="td_0" departLane="best" departSpeed="max" departPos="random"/>
    <trip id="955" depart="687.60" from="-625" to="25" type="td_0" departLane="best" departSpeed="max" departPos="random"/>
    <trip id="956" depart="688.32" from="-319" to="-535" type="td_0" departLane="best" departSpeed="max" departPos="random"/>
    <trip id="957" depart="689.04" from="-639" to="-25" type="td_0" departLane="best" departSpeed="max" departPos="random"/>
    <trip id="958" depart="689.76" from="-336" to="3" type="td_0" departLane="best" departSpeed="max" departPos="random"/>
    <trip id="959" depart="690.48" from="-15" to="126" type="td_0" departLane="best" departSpeed="max" departPos="random"/>
    <trip id="960" depart="691.20" from="379" to="11" type="td_0" departLane="best" departSpeed="max" departPos="random"/>
    <trip id="961" depart="691.92" from="-639" to="116" type="td_0" departLane="best" departSpeed="max" departPos="random"/>
    <trip id="962" depart="692.64" from="-125" to="116" type="td_0" departLane="best" departSpeed="max" departPos="random"/>
    <trip id="963" depart="693.36" from="379" to="38" type="td_0" departLane="best" departSpeed="max" departPos="random"/>
    <trip id="964" depart="694.08" from="-579" to="569" type="td_0" departLane="best" departSpeed="max" departPos="random"/>
    <trip id="965" depart="694.80" from="338" to="25" type="td_0" departLane="best" departSpeed="max" departPos="random"/>
    <trip id="966" depart="695.52" from="-123" to="-577" type="td_0" departLane="best" departSpeed="max" departPos="random"/>
    <trip id="967" depart="696.24" from="-126" to="9" type="td_0" departLane="best" departSpeed="max" departPos="random"/>
    <trip id="968" depart="696.96" from="592" to="-13" type="td_0" departLane="best" departSpeed="max" departPos="random"/>
    <trip id="969" depart="697.68" from="589" to="-121" type="td_0" departLane="best" departSpeed="max" departPos="random"/>
    <trip id="970" depart="698.40" from="-588" to="505" type="td_0" departLane="best" departSpeed="max" departPos="random"/>
    <trip id="971" depart="699.12" from="348" to="642" type="td_0" departLane="best" departSpeed="max" departPos="random"/>
    <trip id="972" depart="699.84" from="17" to="-614" type="td_0" departLane="best" departSpeed="max" departPos="random"/>
    <trip id="973" depart="700.56" from="9" to="-592" type="td_0" departLane="best" departSpeed="max" departPos="random"/>
    <trip id="974" depart="701.28" from="523" to="612" type="td_0" departLane="best" departSpeed="max" departPos="random"/>
    <trip id="975" depart="702.00" from="-570" to="349" type="td_0" departLane="best" departSpeed="max" departPos="random"/>
    <trip id="976" depart="702.72" from="210" to="15" type="td_0" departLane="best" departSpeed="max" departPos="random"/>
    <trip id="977" depart="703.44" from="19" to="-579" type="td_0" departLane="best" departSpeed="max" departPos="random"/>
    <trip id="978" depart="704.16" from="-330" to="15" type="td_0" departLane="best" departSpeed="max" departPos="random"/>
    <trip id="979" depart="704.88" from="-64" to="381" type="td_0" departLane="best" departSpeed="max" departPos="random"/>
    <trip id="980" depart="705.60" from="-344" to="-116" type="td_0" departLane="best" departSpeed="max" departPos="random"/>
    <trip id="981" depart="706.32" from="-117" to="-505" type="td_0" departLane="best" departSpeed="max" departPos="random"/>
    <trip id="982" depart="707.04" from="25" to="15" type="td_0" departLane="best" departSpeed="max" departPos="random"/>
    <trip id="983" depart="707.76" from="-642" to="570" type="td_0" departLane="best" departSpeed="max" departPos="random"/>
    <trip id="984" depart="708.48" from="-356" to="-577" type="td_0" departLane="best" departSpeed="max" departPos="random"/>
    <trip id="985" depart="709.20" from="-38" to="621" type="td_0" departLane="best" departSpeed="max" departPos="random"/>
    <trip id="986" depart="709.92" from="332" to="-210" type="td_0" departLane="best" departSpeed="max" departPos="random"/>
    <trip id="987" depart="710.64" from="379" to="-614" type="td_0" departLane="best" departSpeed="max" departPos="random"/>
    <trip id="988" depart="711.36" from="348" to="597" type="td_0" departLane="best" departSpeed="max" departPos="random"/>
    <trip id="989" depart="712.08" from="-116" to="-344" type="td_0" departLane="best" departSpeed="max" departPos="random"/>
    <trip id="990" depart="712.80" from="-17" to="-123" type="td_0" departLane="best" departSpeed="max" departPos="random"/>
    <trip id="991" depart="713.52" from="125" to="365" type="td_0" departLane="best" departSpeed="max" departPos="random"/>
    <trip id="992" depart="714.24" from="-123" to="383" type="td_0" departLane="best" departSpeed="max" departPos="random"/>
    <trip id="993" depart="714.96" from="-585" to="-361" type="td_0" departLane="best" departSpeed="max" departPos="random"/>
    <trip id="994" depart="715.68" from="-344" to="589" type="td_0" departLane="best" departSpeed="max" departPos="random"/>
    <trip id="995" depart="716.40" from="-125" to="125" type="td_0" departLane="best" departSpeed="max" departPos="random"/>
    <trip id="996" depart="717.12" from="-383" to="569" type="td_0" departLane="best" departSpeed="max" departPos="random"/>
    <trip id="997" depart="717.84" from="333" to="-523" type="td_0" departLane="best" departSpeed="max" departPos="random"/>
    <trip id="998" depart="718.56" from="125" to="348" type="td_0" departLane="best" departSpeed="max" departPos="random"/>
    <trip id="999" depart="719.28" from="-504" to="-505" type="td_0" departLane="best" departSpeed="max" departPos="random"/>
    <trip id="1000" depart="720.00" from="-313" to="338" type="td_0" departLane="best" departSpeed="max" departPos="random"/>
    <trip id="1001" depart="720.72" from="-344" to="-505" type="td_0" departLane="best" departSpeed="max" departPos="random"/>
    <trip id="1002" depart="721.44" from="-126" to="623" type="td_0" departLane="best" departSpeed="max" departPos="random"/>
    <trip id="1003" depart="722.16" from="535" to="613" type="td_0" departLane="best" departSpeed="max" departPos="random"/>
    <trip id="1004" depart="722.88" from="13" to="-64" type="td_0" departLane="best" departSpeed="max" departPos="random"/>
    <trip id="1005" depart="723.60" from="-621" to="64" type="td_0" departLane="best" departSpeed="max" departPos="random"/>
    <trip id="1006" depart="724.32" from="592" to="348" type="td_0" departLane="best" departSpeed="max" departPos="random"/>
    <trip id="1007" depart="725.04" from="361" to="-523" type="td_0" departLane="best" departSpeed="max" departPos="random"/>
    <trip id="1008" depart="725.76" from="-589" to="-325" type="td_0" departLane="best" departSpeed="max" departPos="random"/>
    <trip id="1009" depart="726.48" from="-570" to="496" type="td_0" departLane="best" departSpeed="max" departPos="random"/>
    <trip id="1010" depart="727.20" from="-614" to="585" type="td_0" departLane="best" departSpeed="max" departPos="random"/>
    <trip id="1011" depart="727.92" from="-492" to="365" type="td_0" departLane="best" departSpeed="max" departPos="random"/>
    <trip id="1012" depart="728.64" from="379" to="613" type="td_0" departLane="best" departSpeed="max" departPos="random"/>
    <trip id="1013" depart="729.36" from="117" to="64" type="td_0" departLane="best" departSpeed="max" departPos="random"/>
    <trip id="1014" depart="730.08" from="116" to="-313" type="td_0" departLane="best" departSpeed="max" departPos="random"/>
    <trip id="1015" depart="730.80" from="-356" to="-344" type="td_0" departLane="best" departSpeed="max" departPos="random"/>
    <trip id="1016" depart="731.52" from="17" to="614" type="td_0" departLane="best" departSpeed="max" departPos="random"/>
    <trip id="1017" depart="732.24" from="504" to="-17" type="td_0" departLane="best" departSpeed="max" departPos="random"/>
    <trip id="1018" depart="732.96" from="332" to="-338" type="td_0" departLane="best" departSpeed="max" departPos="random"/>
    <trip id="1019" depart="733.68" from="-379" to="348" type="td_0" departLane="best" departSpeed="max" departPos="random"/>
    <trip id="1020" depart="734.40" from="125" to="592" type="td_0" departLane="best" departSpeed="max" departPos="random"/>
    <trip id="1021" depart="735.12" from="-332" to="504" type="td_0" departLane="best" departSpeed="max" departPos="random"/>
    <trip id="1022" depart="735.84" from="332" to="19" type="td_0" departLane="best" departSpeed="max" departPos="random"/>
    <trip id="1023" depart="736.56" from="-618" to="592" type="td_0" departLane="best" departSpeed="max" departPos="random"/>
    <trip id="1024" depart="737.28" from="-517" to="625" type="td_0" departLane="best" departSpeed="max" departPos="random"/>
    <trip id="1025" depart="738.00" from="-116" to="621" type="td_0" departLane="best" departSpeed="max" departPos="random"/>
    <trip id="1026" depart="738.72" from="613" to="-25" type="td_0" departLane="best" departSpeed="max" departPos="random"/>
    <trip id="1027" depart="739.44" from="9" to="119" type="td_0" departLane="best" departSpeed="max" departPos="random"/>
    <trip id="1028" depart="740.16" from="-356" to="325" type="td_0" departLane="best" departSpeed="max" departPos="random"/>
    <trip id="1029" depart="740.88" from="-336" to="613" type="td_0" departLane="best" departSpeed="max" departPos="random"/>
    <trip id="1030" depart="741.60" from="-9" to="505" type="td_0" departLane="best" departSpeed="max" departPos="random"/>
    <trip id="1031" depart="742.32" from="-577" to="138" type="td_0" departLane="best" departSpeed="max" departPos="random"/>
    <trip id="1032" depart="743.04" from="-535" to="-38" type="td_0" departLane="best" departSpeed="max" departPos="random"/>
    <trip id="1033" depart="743.76" from="-639" to="125" type="td_0" departLane="best" departSpeed="max" departPos="random"/>
    <trip id="1034" depart="744.48" from="-15" to="642" type="td_0" departLane="best" departSpeed="max" departPos="random"/>
    <trip id="1035" depart="745.20" from="-613" to="579" type="td_0" departLane="best" departSpeed="max" departPos="random"/>
    <trip id="1036" depart="745.92" from="585" to="-588" type="td_0" departLane="best" departSpeed="max" departPos="random"/>
    <trip id="1037" depart="746.64" from="-589" to="210" type="td_0" departLane="best" departSpeed="max" departPos="random"/>
    <trip id="1038" depart="747.36" from="-344" to="-319" type="td_0" departLane="best" departSpeed="max" departPos="random"/>
    <trip id="1039" depart="748.08" from="-365" to="621" type="td_0" departLane="best" departSpeed="max" departPos="random"/>
    <trip id="1040" depart="748.80" from="121" to="-614" type="td_0" departLane="best" departSpeed="max" departPos="random"/>
    <trip id="1041" depart="749.52" from="-319" to="-535" type="td_0" departLane="best" departSpeed="max" departPos="random"/>
    <trip id="1042" depart="750.24" from="-570" to="577" type="td_0" departLane="best" departSpeed="max" departPos="random"/>
    <trip id="1043" depart="750.96" from="-623" to="338" type="td_0" departLane="best" departSpeed="max" departPos="random"/>
    <trip id="1044" depart="751.68" from="3" to="-38" type="td_0" departLane="best" departSpeed="max" departPos="random"/>
    <trip id="1045" depart="752.40" from="381" to="639" type="td_0" departLane="best" departSpeed="max" departPos="random"/>
    <trip id="1046" depart="753.12" from="15" to="123" type="td_0" departLane="best" departSpeed="max" departPos="random"/>
    <trip id="1047" depart="753.84" from="-326" to="533" type="td_0" departLane="best" departSpeed="max" departPos="random"/>
    <trip id="1048" depart="754.56" from="-326" to="38" type="td_0" departLane="best" departSpeed="max" departPos="random"/>
    <trip id="1049" depart="755.28" from="-621" to="613" type="td_0" departLane="best" departSpeed="max" departPos="random"/>
    <trip id="1050" depart="756.00" from="-7" to="333" type="td_0" departLane="best" departSpeed="max" departPos="random"/>
    <trip id="1051" depart="756.72" from="-126" to="-123" type="td_0" departLane="best" departSpeed="max" departPos="random"/>
    <trip id="1052" depart="757.44" from="504" to="623" type="td_0" departLane="best" departSpeed="max" departPos="random"/>
    <trip id="1053" depart="758.16" from="210" to="504" type="td_0" departLane="best" departSpeed="max" departPos="random"/>
    <trip id="1054" depart="758.88" from="-588" to="579" type="td_0" departLane="best" departSpeed="max" departPos="random"/>
    <trip id="1055" depart="759.60" from="-349" to="365" type="td_0" departLane="best" departSpeed="max" departPos="random"/>
    <trip id="1056" depart="760.32" from="-116" to="126" type="td_0" departLane="best" departSpeed="max" departPos="random"/>
    <trip id="1057" depart="761.04" from="-570" to="326" type="td_0" departLane="best" departSpeed="max" departPos="random"/>
    <trip id="1058" depart="761.76" from="210" to="326" type="td_0" departLane="best" departSpeed="max" departPos="random"/>
    <trip id="1059" depart="762.48" from="-618" to="123" type="td_0" departLane="best" departSpeed="max" departPos="random"/>
    <trip id="1060" depart="763.20" from="-11" to="17" type="td_0" departLane="best" departSpeed="max" departPos="random"/>
    <trip id="1061" depart="763.92" from="-116" to="138" type="td_0" departLane="best" departSpeed="max" departPos="random"/>
    <trip id="1062" depart="764.64" from="-38" to="642" type="td_0" departLane="best" departSpeed="max" departPos="random"/>
    <trip id="1063" depart="765.36" from="-117" to="569" type="td_0" departLane="best" departSpeed="max" departPos="random"/>
    <trip id="1064" depart="766.08" from="25" to="535" type="td_0" departLane="best" departSpeed="max" departPos="random"/>
    <trip id="1065" depart="766.80" from="585" to="-19" type="td_0" departLane="best" departSpeed="max" departPos="random"/>
    <trip id="1066" depart="767.52" from="-15" to="-325" type="td_0" departLane="best" departSpeed="max" departPos="random"/>
    <trip id="1067" depart="768.24" from="-333" to="13" type="td_0" departLane="best" departSpeed="max" departPos="random"/>
    <trip id="1068" depart="768.96" from="38" to="-381" type="td_0" departLane="best" departSpeed="max" departPos="random"/>
    <trip id="1069" depart="769.68" from="-585" to="-589" type="td_0" departLane="best" departSpeed="max" departPos="random"/>
    <trip id="1070" depart="770.40" from="-588" to="210" type="td_0" departLane="best" departSpeed="max" departPos="random"/>
    <trip id="1071" depart="771.12" from="7" to="-356" type="td_0" departLane="best" departSpeed="max" departPos="random"/>
    <trip id="1072" depart="771.84" from="3" to="585" type="td_0" departLane="best" departSpeed="max" departPos="random"/>
    <trip id="1073" depart="772.56" from="19" to="588" type="td_0" departLane="best" departSpeed="max" departPos="random"/>
    <trip id="1074" depart="773.28" from="344" to="-17" type="td_0" departLane="best" departSpeed="max" departPos="random"/>
    <trip id="1075" depart="774.00" from="-570" to="17" type="td_0" departLane="best" departSpeed="max" departPos="random"/>
    <trip id="1076" depart="774.72" from="-125" to="-117" type="td_0" departLane="best" departSpeed="max" departPos="random"/>
    <trip id="1077" depart="775.44" from="-326" to="125" type="td_0" departLane="best" departSpeed="max" departPos="random"/>
    <trip id="1078" depart="776.16" from="-597" to="517" type="td_0" departLane="best" departSpeed="max" departPos="random"/>
    <trip id="1079" depart="776.88" from="117" to="588" type="td_0" departLane="best" departSpeed="max" departPos="random"/>
    <trip id="1080" depart="777.60" from="-15" to="13" type="td_0" departLane="best" departSpeed="max" departPos="random"/>
    <trip id="1081" depart="778.32" from="-123" to="-348" type="td_0" departLane="best" departSpeed="max" departPos="random"/>
    <trip id="1082" depart="779.04" from="523" to="601" type="td_0" departLane="best" departSpeed="max" departPos="random"/>
    <trip id="1083" depart="779.76" from="-614" to="-125" type="td_0" departLane="best" departSpeed="max" departPos="random"/>
    <trip id="1084" depart="780.48" from="-128" to="614" type="td_0" departLane="best" departSpeed="max" departPos="random"/>
    <trip id="1085" depart="781.20" from="577" to="210" type="td_0" departLane="best" departSpeed="max" departPos="random"/>
    <trip id="1086" depart="781.92" from="-119" to="618" type="td_0" departLane="best" departSpeed="max" departPos="random"/>
    <trip id="1087" depart="782.64" from="-504" to="639" type="td_0" departLane="best" departSpeed="max" departPos="random"/>
    <trip id="1088" depart="783.36" from="123" to="496" type="td_0" departLane="best" departSpeed="max" departPos="random"/>
    <trip id="1089" depart="784.08" from="326" to="-608" type="td_0" departLane="best" departSpeed="max" departPos="random"/>
    <trip id="1090" depart="784.80" from="-13" to="-326" type="td_0" departLane="best" departSpeed="max" departPos="random"/>
    <trip id="1091" depart="785.52" from="-356" to="577" type="td_0" departLane="best" departSpeed="max" departPos="random"/>
    <trip id="1092" depart="786.24" from="-579" to="608" type="td_0" departLane="best" departSpeed="max" departPos="random"/>
    <trip id="1093" depart="786.96" from="-517" to="496" type="td_0" departLane="best" departSpeed="max" departPos="random"/>
    <trip id="1094" depart="787.68" from="-3" to="7" type="td_0" departLane="best" departSpeed="max" departPos="random"/>
    <trip id="1095" depart="788.40" from="332" to="125" type="td_0" departLane="best" departSpeed="max" departPos="random"/>
    <trip id="1096" depart="789.12" from="614" to="-126" type="td_0" departLane="best" departSpeed="max" departPos="random"/>
    <trip id="1097" depart="789.84" from="-597" to="579" type="td_0" departLane="best" departSpeed="max" departPos="random"/>
    <trip id="1098" depart="790.56" from="-523" to="505" type="td_0" departLane="best" departSpeed="max" departPos="random"/>
    <trip id="1099" depart="791.28" from="608" to="-608" type="td_0" departLane="best" departSpeed="max" departPos="random"/>
    <trip id="1100" depart="792.00" from="349" to="-121" type="td_0" departLane="best" departSpeed="max" departPos="random"/>
    <trip id="1101" depart="792.72" from="-38" to="9" type="td_0" departLane="best" departSpeed="max" departPos="random"/>
    <trip id="1102" depart="793.44" from="-621" to="-585" type="td_0" departLane="best" departSpeed="max" departPos="random"/>
    <trip id="1103" depart="794.16" from="592" to="-7" type="td_0" departLane="best" departSpeed="max" departPos="random"/>
    <trip id="1104" depart="794.88" from="3" to="338" type="td_0" departLane="best" departSpeed="max" departPos="random"/>
    <trip id="1105" depart="795.60" from="-138" to="326" type="td_0" departLane="best" departSpeed="max" departPos="random"/>
    <trip id="1106" depart="796.32" from="365" to="379" type="td_0" departLane="best" departSpeed="max" departPos="random"/>
    <trip id="1107" depart="797.04" from="-13" to="-325" type="td_0" departLane="best" departSpeed="max" departPos="random"/>
    <trip id="1108" depart="797.76" from="326" to="332" type="td_0" departLane="best" departSpeed="max" departPos="random"/>
    <trip id="1109" depart="798.48" from="336" to="-523" type="td_0" departLane="best" departSpeed="max" departPos="random"/>
    <trip id="1110" depart="799.20" from="-17" to="-116" type="td_0" departLane="best" departSpeed="max" departPos="random"/>
    <trip id="1111" depart="799.92" from="-496" to="-585" type="td_0" departLane="best" departSpeed="max" departPos="random"/>
    <trip id="1112" depart="800.64" from="-379" to="-313" type="td_0" departLane="best" departSpeed="max" departPos="random"/>
    <trip id="1113" depart="801.36" from="-332" to="11" type="td_0" departLane="best" departSpeed="max" departPos="random"/>
    <trip id="1114" depart="802.08" from="116" to="-613" type="td_0" departLane="best" departSpeed="max" departPos="random"/>
    <trip id="1115" depart="802.80" from="-119" to="-579" type="td_0" departLane="best" departSpeed="max" departPos="random"/>
    <trip id="1116" depart="803.52" from="-15" to="319" type="td_0" departLane="best" departSpeed="max" departPos="random"/>
    <trip id="1117" depart="804.24" from="-505" to="-592" type="td_0" departLane="best" departSpeed="max" departPos="random"/>
    <trip id="1118" depart="804.96" from="-383" to="-592" type="td_0" departLane="best" departSpeed="max" departPos="random"/>
    <trip id="1119" depart="805.68" from="-138" to="612" type="td_0" departLane="best" departSpeed="max" departPos="random"/>
    <trip id="1120" depart="806.40" from="579" to="642" type="td_0" departLane="best" departSpeed="max" departPos="random"/>
    <trip id="1121" depart="807.12" from="119" to="-332" type="td_0" departLane="best" departSpeed="max" departPos="random"/>
    <trip id="1122" depart="807.84" from="-577" to="-313" type="td_0" departLane="best" departSpeed="max" departPos="random"/>
    <trip id="1123" depart="808.56" from="-492" to="123" type="td_0" departLane="best" departSpeed="max" departPos="random"/>
    <trip id="1124" depart="809.28" from="-126" to="-7" type="td_0" departLane="best" departSpeed="max" departPos="random"/>
    <trip id="1125" depart="810.00" from="-589" to="121" type="td_0" departLane="best" departSpeed="max" departPos="random"/>
    <trip id="1126" depart="810.72" from="-13" to="-379" type="td_0" departLane="best" departSpeed="max" departPos="random"/>
    <trip id="1127" depart="811.44" from="-356" to="330" type="td_0" departLane="best" departSpeed="max" departPos="random"/>
    <trip id="1128" depart="812.16" from="123" to="-338" type="td_0" departLane="best" departSpeed="max" departPos="random"/>
    <trip id="1129" depart="812.88" from="-17" to="-505" type="td_0" departLane="best" departSpeed="max" departPos="random"/>
    <trip id="1130" depart="813.60" from="601" to="-570" type="td_0" departLane="best" departSpeed="max" departPos="random"/>
    <trip id="1131" depart="814.32" from="13" to="535" type="td_0" departLane="best" departSpeed="max" departPos="random"/>
    <trip id="1132" depart="815.04" from="-505" to="-570" type="td_0" departLane="best" departSpeed="max" departPos="random"/>
    <trip id="1133" depart="815.76" from="38" to="589" type="td_0" departLane="best" departSpeed="max" departPos="random"/>
    <trip id="1134" depart="816.48" from="614" to="-313" type="td_0" departLane="best" departSpeed="max" departPos="random"/>
    <trip id="1135" depart="817.20" from="-504" to="623" type="td_0" departLane="best" departSpeed="max" departPos="random"/>
    <trip id="1136" depart="817.92" from="-336" to="-523" type="td_0" departLane="best" departSpeed="max" departPos="random"/>
    <trip id="1137" depart="818.64" from="613" to="64" type="td_0" departLane="best" departSpeed="max" departPos="random"/>
    <trip id="1138" depart="819.36" from="-383" to="361" type="td_0" departLane="best" departSpeed="max" departPos="random"/>
    <trip id="1139" depart="820.08" from="-621" to="25" type="td_0" departLane="best" departSpeed="max" departPos="random"/>
    <trip id="1140" depart="820.80" from="-356" to="-589" type="td_0" departLane="best" departSpeed="max" departPos="random"/>
    <trip id="1141" depart="821.52" from="38" to="-601" type="td_0" departLane="best" departSpeed="max" departPos="random"/>
    <trip id="1142" depart="822.24" from="-19" to="210" type="td_0" departLane="best" departSpeed="max" departPos="random"/>
    <trip id="1143" depart="822.96" from="123" to="17" type="td_0" departLane="best" departSpeed="max" departPos="random"/>
    <trip id="1144" depart="823.68" from="3" to="17" type="td_0" departLane="best" departSpeed="max" departPos="random"/>
    <trip id="1145" depart="824.40" from="608" to="116" type="td_0" departLane="best" departSpeed="max" departPos="random"/>
    <trip id="1146" depart="825.12" from="325" to="-9" type="td_0" departLane="best" departSpeed="max" departPos="random"/>
    <trip id="1147" depart="825.84" from="-383" to="356" type="td_0" departLane="best" departSpeed="max" departPos="random"/>
    <trip id="1148" depart="826.56" from="381" to="533" type="td_0" departLane="best" departSpeed="max" departPos="random"/>
    <trip id="1149" depart="827.28" from="-588" to="125" type="td_0" departLane="best" departSpeed="max" departPos="random"/>
    <trip id="1150" depart="828.00" from="138" to="-365" type="td_0" departLane="best" departSpeed="max" departPos="random"/>
    <trip id="1151" depart="828.72" from="19" to="379" type="td_0" departLane="best" departSpeed="max" departPos="random"/>
    <trip id="1152" depart="829.44" from="361" to="-13" type="td_0" departLane="best" departSpeed="max" departPos="random"/>
    <trip id="1153" depart="830.16" from="7" to="119" type="td_0" departLane="best" departSpeed="max" departPos="random"/>
    <trip id="1154" depart="830.88" from="-585" to="126" type="td_0" departLane="best" departSpeed="max" departPos="random"/>
    <trip id="1155" depart="831.60" from="588" to="356" type="td_0" departLane="best" departSpeed="max" departPos="random"/>
    <trip id="1156" depart="832.32" from="-7" to="523" type="td_0" departLane="best" departSpeed="max" departPos="random"/>
    <trip id="1157" depart="833.04" from="-535" to="608" type="td_0" departLane="best" departSpeed="max" departPos="random"/>
    <trip id="1158" depart="833.76" from="-642" to="333" type="td_0" departLane="best" departSpeed="max" departPos="random"/>
    <trip id="1159" depart="834.48" from="-138" to="505" type="td_0" departLane="best" departSpeed="max" departPos="random"/>
    <trip id="1160" depart="835.20" from="19" to="-579" type="td_0" departLane="best" departSpeed="max" departPos="random"/>
    <trip id="1161" depart="835.92" from="17" to="-125" type="td_0" departLane="best" departSpeed="max" departPos="random"/>
    <trip id="1162" depart="836.64" from="7" to="348" type="td_0" departLane="best" departSpeed="max" departPos="random"/>
    <trip id="1163" depart="837.36" from="-585" to="496" type="td_0" departLane="best" departSpeed="max" departPos="random"/>
    <trip id="1164" depart="838.08" from="613" to="-7" type="td_0" departLane="best" departSpeed="max" departPos="random"/>
    <trip id="1165" depart="838.80" from="-116" to="-38" type="td_0" departLane="best" departSpeed="max" departPos="random"/>
    <trip id="1166" depart="839.52" from="-625" to="128" type="td_0" departLane="best" departSpeed="max" departPos="random"/>
    <trip id="1167" depart="840.24" from="121" to="25" type="td_0" departLane="best" departSpeed="max" departPos="random"/>
    <trip id="1168" depart="840.96" from="-601" to="-601" type="td_0" departLane="best" departSpeed="max" departPos="random"/>
    <trip id="1169" depart="841.68" from="349" to="313" type="td_0" departLane="best" departSpeed="max" departPos="random"/>
    <trip id="1170" depart="842.40" from="-623" to="-577" type="td_0" departLane="best" departSpeed="max" departPos="random"/>
    <trip id="1171" depart="843.12" from="-117" to="-19" type="td_0" departLane="best" departSpeed="max" departPos="random"/>
    <trip id="1172" depart="843.84" from="-589" to="639" type="td_0" departLane="best" departSpeed="max" departPos="random"/>
    <trip id="1173" depart="844.56" from="-210" to="621" type="td_0" departLane="best" departSpeed="max" departPos="random"/>
    <trip id="1174" depart="845.28" from="-313" to="-517" type="td_0" departLane="best" departSpeed="max" departPos="random"/>
    <trip id="1175" depart="846.00" from="-612" to="-348" type="td_0" departLane="best" departSpeed="max" departPos="random"/>
    <trip id="1176" depart="846.72" from="-618" to="119" type="td_0" departLane="best" departSpeed="max" departPos="random"/>
    <trip id="1177" depart="847.44" from="-601" to="361" type="td_0" departLane="best" departSpeed="max" departPos="random"/>
    <trip id="1178" depart="848.16" from="-504" to="-505" type="td_0" departLane="best" departSpeed="max" departPos="random"/>
    <trip id="1179" depart="848.88" from="38" to="-210" type="td_0" departLane="best" departSpeed="max" departPos="random"/>
    <trip id="1180" depart="849.60" from="504" to="336" type="td_0" departLane="best" departSpeed="max" departPos="random"/>
    <trip id="1181" depart="850.32" from="25" to="-326" type="td_0" departLane="best" departSpeed="max" departPos="random"/>
    <trip id="1182" depart="851.04" from="7" to="-365" type="td_0" departLane="best" departSpeed="max" departPos="random"/>
    <trip id="1183" depart="851.76" from="-330" to="-326" type="td_0" departLane="best" departSpeed="max" departPos="random"/>
    <trip id="1184" depart="852.48" from="116" to="625" type="td_0" departLane="best" departSpeed="max" departPos="random"/>
    <trip id="1185" depart="853.20" from="-349" to="-613" type="td_0" departLane="best" departSpeed="max" departPos="random"/>
    <trip id="1186" depart="853.92" from="-332" to="333" type="td_0" departLane="best" departSpeed="max" departPos="random"/>
    <trip id="1187" depart="854.64" from="-597" to="-121" type="td_0" departLane="best" departSpeed="max" departPos="random"/>
    <trip id="1188" depart="855.36" from="128" to="-338" type="td_0" departLane="best" departSpeed="max" departPos="random"/>
    <trip id="1189" depart="856.08" from="123" to="-601" type="td_0" departLane="best" departSpeed="max" departPos="random"/>
    <trip id="1190" depart="856.80" from="325" to="-344" type="td_0" departLane="best" departSpeed="max" departPos="random"/>
    <trip id="1191" depart="857.52" from="344" to="535" type="td_0" departLane="best" departSpeed="max" departPos="random"/>
    <trip id="1192" depart="858.24" from="-126" to="-19" type="td_0" departLane="best" departSpeed="max" departPos="random"/>
    <trip id="1193" depart="858.96" from="523" to="-336" type="td_0" departLane="best" departSpeed="max" departPos="random"/>
    <trip id="1194" depart="859.68" from="-505" to="116" type="td_0" departLane="best" departSpeed="max" departPos="random"/>
    <trip id="1195" depart="860.40" from="-365" to="589" type="td_0" departLane="best" departSpeed="max" departPos="random"/>
    <trip id="1196" depart="861.12" from="-64" to="333" type="td_0" departLane="best" departSpeed="max" departPos="random"/>
    <trip id="1197" depart="861.84" from="125" to="325" type="td_0" departLane="best" departSpeed="max" departPos="random"/>
    <trip id="1198" depart="862.56" from="123" to="-579" type="td_0" departLane="best" departSpeed="max" departPos="random"/>
    <trip id="1199" depart="863.28" from="504" to="326" type="td_0" departLane="best" departSpeed="max" departPos="random"/>
    <trip id="1200" depart="864.00" from="38" to="365" type="td_0" departLane="best" departSpeed="max" departPos="random"/>
    <trip id="1201" depart="864.72" from="-383" to="326" type="td_0" departLane="best" departSpeed="max" departPos="random"/>
    <trip id="1202" depart="865.44" from="-138" to="-313" type="td_0" departLane="best" departSpeed="max" departPos="random"/>
    <trip id="1203" depart="866.16" from="-210" to="-505" type="td_0" departLane="best" departSpeed="max" departPos="random"/>
    <trip id="1204" depart="866.88" from="-332" to="356" type="td_0" departLane="best" departSpeed="max" departPos="random"/>
    <trip id="1205" depart="867.60" from="-625" to="-614" type="td_0" departLane="best" departSpeed="max" departPos="random"/>
    <trip id="1206" depart="868.32" from="-3" to="-592" type="td_0" departLane="best" departSpeed="max" departPos="random"/>
    <trip id="1207" depart="869.04" from="-332" to="332" type="td_0" departLane="best" departSpeed="max" departPos="random"/>
    <trip id="1208" depart="869.76" from="313" to="336" type="td_0" departLane="best" departSpeed="max" departPos="random"/>
    <trip id="1209" depart="870.48" from="9" to="19" type="td_0" departLane="best" departSpeed="max" departPos="random"/>
    <trip id="1210" depart="871.20" from="-621" to="-313" type="td_0" departLane="best" departSpeed="max" departPos="random"/>
    <trip id="1211" depart="871.92" from="-504" to="11" type="td_0" departLane="best" departSpeed="max" departPos="random"/>
    <trip id="1212" depart="872.64" from="-125" to="-585" type="td_0" departLane="best" departSpeed="max" departPos="random"/>
    <trip id="1213" depart="873.36" from="-116" to="-313" type="td_0" departLane="best" departSpeed="max" departPos="random"/>
    <trip id="1214" depart="874.08" from="38" to="639" type="td_0" departLane="best" departSpeed="max" departPos="random"/>
    <trip id="1215" depart="874.80" from="-625" to="123" type="td_0" departLane="best" departSpeed="max" departPos="random"/>
    <trip id="1216" depart="875.52" from="3" to="-614" type="td_0" departLane="best" departSpeed="max" departPos="random"/>
    <trip id="1217" depart="876.24" from="492" to="123" type="td_0" departLane="best" departSpeed="max" departPos="random"/>
    <trip id="1218" depart="876.96" from="-138" to="-121" type="td_0" departLane="best" departSpeed="max" departPos="random"/>
    <trip id="1219" depart="877.68" from="348" to="-504" type="td_0" departLane="best" departSpeed="max" departPos="random"/>
    <trip id="1220" depart="878.40" from="-38" to="15" type="td_0" departLane="best" departSpeed="max" departPos="random"/>
    <trip id="1221" depart="879.12" from="-326" to="116" type="td_0" departLane="best" departSpeed="max" departPos="random"/>
    <trip id="1222" depart="879.84" from="336" to="504" type="td_0" departLane="best" departSpeed="max" departPos="random"/>
    <trip id="1223" depart="880.56" from="-9" to="-210" type="td_0" departLane="best" departSpeed="max" departPos="random"/>
    <trip id="1224" depart="881.28" from="-19" to="505" type="td_0" departLane="best" departSpeed="max" departPos="random"/>
    <trip id="1225" depart="882.00" from="381" to="-588" type="td_0" departLane="best" departSpeed="max" departPos="random"/>
    <trip id="1226" depart="882.72" from="381" to="-125" type="td_0" departLane="best" departSpeed="max" departPos="random"/>
    <trip id="1227" depart="883.44" from="326" to="17" type="td_0" departLane="best" departSpeed="max" departPos="random"/>
    <trip id="1228" depart="884.16" from="7" to="-19" type="td_0" departLane="best" departSpeed="max" departPos="random"/>
    <trip id="1229" depart="884.88" from="383" to="492" type="td_0" departLane="best" departSpeed="max" departPos="random"/>
    <trip id="1230" depart="885.60" from="-492" to="9" type="td_0" departLane="best" departSpeed="max" departPos="random"/>
    <trip id="1231" depart="886.32" from="-608" to="-579" type="td_0" departLane="best" departSpeed="max" departPos="random"/>
    <trip id="1232" depart="887.04" from="38" to="-9" type="td_0" departLane="best" departSpeed="max" departPos="random"/>
    <trip id="1233" depart="887.76" from="9" to="505" type="td_0" departLane="best" departSpeed="max" departPos="random"/>
    <trip id="1234" depart="888.48" from="-349" to="569" type="td_0" departLane="best" departSpeed="max" departPos="random"/>
    <trip id="1235" depart="889.20" from="123" to="-579" type="td_0" departLane="best" departSpeed="max" departPos="random"/>
    <trip id="1236" depart="889.92" from="326" to="332" type="td_0" departLane="best" departSpeed="max" departPos="random"/>
    <trip id="1237" depart="890.64" from="-326" to="-313" type="td_0" departLane="best" departSpeed="max" departPos="random"/>
    <trip id="1238" depart="891.36" from="-338" to="-348" type="td_0" departLane="best" departSpeed="max" departPos="random"/>
    <trip id="1239" depart="892.08" from="-126" to="-579" type="td_0" departLane="best" departSpeed="max" departPos="random"/>
    <trip id="1240" depart="892.80" from="-381" to="15" type="td_0" departLane="best" departSpeed="max" departPos="random"/>
    <trip id="1241" depart="893.52" from="-505" to="365" type="td_0" departLane="best" departSpeed="max" departPos="random"/>
    <trip id="1242" depart="894.24" from="-383" to="-381" type="td_0" departLane="best" departSpeed="max" departPos="random"/>
    <trip id="1243" depart="894.96" from="505" to="7" type="td_0" departLane="best" departSpeed="max" departPos="random"/>
    <trip id="1244" depart="895.68" from="3" to="-17" type="td_0" departLane="best" departSpeed="max" departPos="random"/>
    <trip id="1245" depart="896.40" from="613" to="523" type="td_0" departLane="best" departSpeed="max" departPos="random"/>
    <trip id="1246" depart="897.12" from="588" to="9" type="td_0" departLane="best" departSpeed="max" departPos="random"/>
    <trip id="1247" depart="897.84" from="517" to="-3" type="td_0" departLane="best" departSpeed="max" departPos="random"/>
    <trip id="1248" depart="898.56" from="517" to="-379" type="td_0" departLane="best" departSpeed="max" departPos="random"/>
    <trip id="1249" depart="899.28" from="326" to="577" type="td_0" departLane="best" departSpeed="max" departPos="random"/>
    <trip id="1250" depart="900.00" from="348" to="348" type="td_0" departLane="best" departSpeed="max" departPos="random"/>
    <trip id="1251" depart="900.72" from="-621" to="25" type="td_0" departLane="best" departSpeed="max" departPos="random"/>
    <trip id="1252" depart="901.44" from="-379" to="-614" type="td_0" departLane="best" departSpeed="max" departPos="random"/>
    <trip id="1253" depart="902.16" from="-608" to="332" type="td_0" departLane="best" departSpeed="max" departPos="random"/>
    <trip id="1254" depart="902.88" from="535" to="-17" type="td_0" departLane="best" departSpeed="max" departPos="random"/>
    <trip id="1255" depart="903.60" from="-639" to="-383" type="td_0" departLane="best" departSpeed="max" departPos="random"/>
    <trip id="1256" depart="904.32" from="592" to="-588" type="td_0" departLane="best" departSpeed="max" departPos="random"/>
    <trip id="1257" depart="905.04" from="601" to="-535" type="td_0" departLane="best" departSpeed="max" departPos="random"/>
    <trip id="1258" depart="905.76" from="-11" to="505" type="td_0" departLane="best" departSpeed="max" departPos="random"/>
    <trip id="1259" depart="906.48" from="333" to="381" type="td_0" departLane="best" departSpeed="max" departPos="random"/>
    <trip id="1260" depart="907.20" from="-612" to="344" type="td_0" departLane="best" departSpeed="max" departPos="random"/>
    <trip id="1261" depart="907.92" from="-535" to="-128" type="td_0" departLane="best" departSpeed="max" departPos="random"/>
    <trip id="1262" depart="908.64" from="-642" to="-349" type="td_0" departLane="best" departSpeed="max" departPos="random"/>
    <trip id="1263" depart="909.36" from="-592" to="-348" type="td_0" departLane="best" departSpeed="max" departPos="random"/>
    <trip id="1264" depart="910.08" from="-379" to="577" type="td_0" departLane="best" departSpeed="max" departPos="random"/>
    <trip id="1265" depart="910.80" from="-517" to="25" type="td_0" departLane="best" departSpeed="max" departPos="random"/>
    <trip id="1266" depart="911.52" from="117" to="121" type="td_0" departLane="best" departSpeed="max" departPos="random"/>
    <trip id="1267" depart="912.24" from="-523" to="349" type="td_0" departLane="best" departSpeed="max" departPos="random"/>
    <trip id="1268" depart="912.96" from="-123" to="-19" type="td_0" departLane="best" departSpeed="max" departPos="random"/>
    <trip id="1269" depart="913.68" from="356" to="116" type="td_0" departLane="best" departSpeed="max" departPos="random"/>
    <trip id="1270" depart="914.40" from="-25" to="588" type="td_0" departLane="best" departSpeed="max" departPos="random"/>
    <trip id="1271" depart="915.12" from="-601" to="-116" type="td_0" departLane="best" departSpeed="max" departPos="random"/>
    <trip id="1272" depart="915.84" from="608" to="-344" type="td_0" departLane="best" departSpeed="max" departPos="random"/>
    <trip id="1273" depart="916.56" from="313" to="-3" type="td_0" departLane="best" departSpeed="max" departPos="random"/>
    <trip id="1274" depart="917.28" from="17" to="-326" type="td_0" departLane="best" departSpeed="max" departPos="random"/>
    <trip id="1275" depart="918.00" from="589" to="-383" type="td_0" departLane="best" departSpeed="max" departPos="random"/>
    <trip id="1276" depart="918.72" from="19" to="-379" type="td_0" departLane="best" departSpeed="max" departPos="random"/>
    <trip id="1277" depart="919.44" from="-569" to="612" type="td_0" departLane="best" departSpeed="max" departPos="random"/>
    <trip id="1278" depart="920.16" from="-326" to="-601" type="td_0" departLane="best" departSpeed="max" departPos="random"/>
    <trip id="1279" depart="920.88" from="-492" to="361" type="td_0" departLane="best" departSpeed="max" departPos="random"/>
    <trip id="1280" depart="921.60" from="-349" to="338" type="td_0" departLane="best" departSpeed="max" departPos="random"/>
    <trip id="1281" depart="922.32" from="325" to="-116" type="td_0" departLane="best" departSpeed="max" departPos="random"/>
    <trip id="1282" depart="923.04" from="-614" to="-313" type="td_0" departLane="best" departSpeed="max" departPos="random"/>
    <trip id="1283" depart="923.76" from="-348" to="349" type="td_0" departLane="best" departSpeed="max" departPos="random"/>
    <trip id="1284" depart="924.48" from="-116" to="361" type="td_0" departLane="best" departSpeed="max" departPos="random"/>
    <trip id="1285" depart="925.20" from="38" to="7" type="td_0" departLane="best" departSpeed="max" departPos="random"/>
    <trip id="1286" depart="925.92" from="-592" to="-3" type="td_0" departLane="best" departSpeed="max" departPos="random"/>
    <trip id="1287" depart="926.64" from="-128" to="-592" type="td_0" departLane="best" departSpeed="max" departPos="random"/>
    <trip id="1288" depart="927.36" from="333" to="-19" type="td_0" departLane="best" departSpeed="max" departPos="random"/>
    <trip id="1289" depart="928.08" from="-496" to="597" type="td_0" departLane="best" departSpeed="max" departPos="random"/>
    <trip id="1290" depart="928.80" from="-3" to="505" type="td_0" departLane="best" departSpeed="max" departPos="random"/>
    <trip id="1291" depart="929.52" from="344" to="-313" type="td_0" departLane="best" departSpeed="max" departPos="random"/>
    <trip id="1292" depart="930.24" from="9" to="-319" type="td_0" departLane="best" departSpeed="max" departPos="random"/>
    <trip id="1293" depart="930.96" from="-642" to="-117" type="td_0" departLane="best" departSpeed="max" departPos="random"/>
    <trip id="1294" depart="931.68" from="17" to="-9" type="td_0" departLane="best" departSpeed="max" departPos="random"/>
    <trip id="1295" depart="932.40" from="332" to="330" type="td_0" departLane="best" departSpeed="max" departPos="random"/>
    <trip id="1296" depart="933.12" from="-319" to="-613" type="td_0" departLane="best" departSpeed="max" departPos="random"/>
    <trip id="1297" depart="933.84" from="313" to="589" type="td_0" departLane="best" departSpeed="max" departPos="random"/>
    <trip id="1298" depart="934.56" from="-138" to="-19" type="td_0" departLane="best" departSpeed="max" departPos="random"/>
    <trip id="1299" depart="935.28" from="344" to="313" type="td_0" departLane="best" departSpeed="max" departPos="random"/>
    <trip id="1300" depart="936.00" from="-577" to="639" type="td_0" departLane="best" departSpeed="max" departPos="random"/>
    <trip id="1301" depart="936.72" from="-504" to="-313" type="td_0" departLane="best" departSpeed="max" departPos="random"/>
    <trip id="1302" depart="937.44" from="-38" to="-15" type="td_0" departLane="best" departSpeed="max" departPos="random"/>
    <trip id="1303" depart="938.16" from="-9" to="319" type="td_0" departLane="best" departSpeed="max" departPos="random"/>
    <trip id="1304" depart="938.88" from="126" to="517" type="td_0" departLane="best" departSpeed="max" departPos="random"/>
    <trip id="1305" depart="939.60" from="313" to="585" type="td_0" departLane="best" departSpeed="max" departPos="random"/>
    <trip id="1306" depart="940.32" from="19" to="-505" type="td_0" departLane="best" departSpeed="max" departPos="random"/>
    <trip id="1307" depart="941.04" from="-639" to="126" type="td_0" departLane="best" departSpeed="max" departPos="random"/>
    <trip id="1308" depart="941.76" from="338" to="-504" type="td_0" departLane="best" departSpeed="max" departPos="random"/>
    <trip id="1309" depart="942.48" from="-125" to="608" type="td_0" departLane="best" departSpeed="max" departPos="random"/>
    <trip id="1310" depart="943.20" from="608" to="123" type="td_0" departLane="best" departSpeed="max" departPos="random"/>
    <trip id="1311" depart="943.92" from="-19" to="125" type="td_0" departLane="best" departSpeed="max" departPos="random"/>
    <trip id="1312" depart="944.64" from="123" to="13" type="td_0" departLane="best" departSpeed="max" departPos="random"/>
    <trip id="1313" depart="945.36" from="64" to="7" type="td_0" departLane="best" departSpeed="max" departPos="random"/>
    <trip id="1314" depart="946.08" from="592" to="-3" type="td_0" departLane="best" departSpeed="max" departPos="random"/>
    <trip id="1315" depart="946.80" from="517" to="210" type="td_0" departLane="best" departSpeed="max" departPos="random"/>
    <trip id="1316" depart="947.52" from="-569" to="349" type="td_0" departLane="best" departSpeed="max" departPos="random"/>
    <trip id="1317" depart="948.24" from="348" to="625" type="td_0" departLane="best" departSpeed="max" departPos="random"/>
    <trip id="1318" depart="948.96" from="349" to="-119" type="td_0" departLane="best" departSpeed="max" departPos="random"/>
    <trip id="1319" depart="949.68" from="-128" to="-38" type="td_0" departLane="best" departSpeed="max" departPos="random"/>
    <trip id="1320" depart="950.40" from="-121" to="-128" type="td_0" departLane="best" departSpeed="max" departPos="random"/>
    <trip id="1321" depart="951.12" from="361" to="126" type="td_0" departLane="best" departSpeed="max" departPos="random"/>
    <trip id="1322" depart="951.84" from="138" to="125" type="td_0" departLane="best" departSpeed="max" departPos="random"/>
    <trip id="1323" depart="952.56" from="-589" to="361" type="td_0" departLane="best" departSpeed="max" departPos="random"/>
    <trip id="1324" depart="953.28" from="-13" to="138" type="td_0" departLane="best" departSpeed="max" departPos="random"/>
    <trip id="1325" depart="954.00" from="128" to="-383" type="td_0" departLane="best" departSpeed="max" departPos="random"/>
    <trip id="1326" depart="954.72" from="-496" to="126" type="td_0" departLane="best" departSpeed="max" departPos="random"/>
    <trip id="1327" depart="955.44" from="-336" to="535" type="td_0" departLane="best" departSpeed="max" departPos="random"/>
    <trip id="1328" depart="956.16" from="-642" to="-601" type="td_0" departLane="best" departSpeed="max" departPos="random"/>
    <trip id="1329" depart="956.88" from="138" to="577" type="td_0" departLane="best" departSpeed="max" departPos="random"/>
    <trip id="1330" depart="957.60" from="3" to="-128" type="td_0" departLane="best" departSpeed="max" departPos="random"/>
    <trip id="1331" depart="958.32" from="319" to="381" type="td_0" departLane="best" departSpeed="max" departPos="random"/>
    <trip id="1332" depart="959.04" from="504" to="-128" type="td_0" departLane="best" departSpeed="max" departPos="random"/>
    <trip id="1333" depart="959.76" from="-138" to="-7" type="td_0" departLane="best" departSpeed="max" departPos="random"/>
    <trip id="1334" depart="960.48" from="-608" to="325" type="td_0" departLane="best" departSpeed="max" departPos="random"/>
    <trip id="1335" depart="961.20" from="-496" to="383" type="td_0" departLane="best" departSpeed="max" departPos="random"/>
    <trip id="1336" depart="961.92" from="336" to="-25" type="td_0" departLane="best" departSpeed="max" departPos="random"/>
    <trip id="1337" depart="962.64" from="325" to="361" type="td_0" departLane="best" departSpeed="max" departPos="random"/>
    <trip id="1338" depart="963.36" from="-325" to="625" type="td_0" departLane="best" departSpeed="max" departPos="random"/>
    <trip id="1339" depart="964.08" from="-64" to="517" type="td_0" departLane="best" departSpeed="max" departPos="random"/>
    <trip id="1340" depart="964.80" from="332" to="-332" type="td_0" departLane="best" departSpeed="max" departPos="random"/>
    <trip id="1341" depart="965.52" from="-25" to="517" type="td_0" departLane="best" departSpeed="max" departPos="random"/>
    <trip id="1342" depart="966.24" from="-379" to="601" type="td_0" departLane="best" departSpeed="max" departPos="random"/>
    <trip id="1343" depart="966.96" from="349" to="-121" type="td_0" departLane="best" departSpeed="max" departPos="random"/>
    <trip id="1344" depart="967.68" from="379" to="-381" type="td_0" departLane="best" departSpeed="max" departPos="random"/>
    <trip id="1345" depart="968.40" from="-126" to="379" type="td_0" departLane="best" departSpeed="max" departPos="random"/>
    <trip id="1346" depart="969.12" from="119" to="-138" type="td_0" departLane="best" departSpeed="max" departPos="random"/>
    <trip id="1347" depart="969.84" from="-612" to="-585" type="td_0" departLane="best" departSpeed="max" departPos="random"/>
    <trip id="1348" depart="970.56" from="-623" to="210" type="td_0" departLane="best" departSpeed="max" departPos="random"/>
    <trip id="1349" depart="971.28" from="-569" to="-379" type="td_0" departLane="best" departSpeed="max" departPos="random"/>
    <trip id="1350" depart="972.00" from="-17" to="25" type="td_0" departLane="best" departSpeed="max" departPos="random"/>
    <trip id="1351" depart="972.72" from="332" to="-356" type="td_0" departLane="best" departSpeed="max" departPos="random"/>
    <trip id="1352" depart="973.44" from="-625" to="-125" type="td_0" departLane="best" departSpeed="max" departPos="random"/>
    <trip id="1353" depart="974.16" from="517" to="-365" type="td_0" departLane="best" departSpeed="max" departPos="random"/>
    <trip id="1354" depart="974.88" from="-614" to="-592" type="td_0" departLane="best" departSpeed="max" departPos="random"/>
    <trip id="1355" depart="975.60" from="-319" to="618" type="td_0" departLane="best" departSpeed="max" departPos="random"/>
    <trip id="1356" depart="976.32" from="505" to="17" type="td_0" departLane="best" departSpeed="max" departPos="random"/>
    <trip id="1357" depart="977.04" from="585" to="383" type="td_0" departLane="best" departSpeed="max" departPos="random"/>
    <trip id="1358" depart="977.76" from="-589" to="-523" type="td_0" departLane="best" departSpeed="max" departPos="random"/>
    <trip id="1359" depart="978.48" from="-589" to="38" type="td_0" departLane="best" departSpeed="max" departPos="random"/>
    <trip id="1360" depart="979.20" from="-379" to="-138" type="td_0" departLane="best" departSpeed="max" departPos="random"/>
    <trip id="1361" depart="979.92" from="-570" to="125" type="td_0" departLane="best" departSpeed="max" departPos="random"/>
    <trip id="1362" depart="980.64" from="579" to="-333" type="td_0" departLane="best" departSpeed="max" departPos="random"/>
    <trip id="1363" depart="981.36" from="379" to="642" type="td_0" departLane="best" departSpeed="max" departPos="random"/>
    <trip id="1364" depart="982.08" from="608" to="-13" type="td_0" departLane="best" departSpeed="max" departPos="random"/>
    <trip id="1365" depart="982.80" from="-613" to="-492" type="td_0" departLane="best" departSpeed="max" departPos="random"/>
    <trip id="1366" depart="983.52" from="504" to="-535" type="td_0" departLane="best" departSpeed="max" departPos="random"/>
    <trip id="1367" depart="984.24" from="-9" to="-116" type="td_0" departLane="best" departSpeed="max" departPos="random"/>
    <trip id="1368" depart="984.96" from="-336" to="210" type="td_0" departLane="best" departSpeed="max" departPos="random"/>
    <trip id="1369" depart="985.68" from="-492" to="330" type="td_0" departLane="best" departSpeed="max" departPos="random"/>
    <trip id="1370" depart="986.40" from="-613" to="313" type="td_0" departLane="best" departSpeed="max" departPos="random"/>
    <trip id="1371" depart="987.12" from="-621" to="505" type="td_0" departLane="best" departSpeed="max" departPos="random"/>
    <trip id="1372" depart="987.84" from="-333" to="608" type="td_0" departLane="best" departSpeed="max" departPos="random"/>
    <trip id="1373" depart="988.56" from="348" to="-365" type="td_0" departLane="best" departSpeed="max" departPos="random"/>
    <trip id="1374" depart="989.28" from="-11" to="-613" type="td_0" departLane="best" departSpeed="max" departPos="random"/>
    <trip id="1375" depart="990.00" from="-349" to="-577" type="td_0" departLane="best" departSpeed="max" departPos="random"/>
    <trip id="1376" depart="990.72" from="492" to="597" type="td_0" departLane="best" departSpeed="max" departPos="random"/>
    <trip id="1377" depart="991.44" from="608" to="-116" type="td_0" departLane="best" departSpeed="max" departPos="random"/>
    <trip id="1378" depart="992.16" from="19" to="585" type="td_0" departLane="best" departSpeed="max" departPos="random"/>
    <trip id="1379" depart="992.88" from="332" to="-19" type="td_0" departLane="best" departSpeed="max" departPos="random"/>
    <trip id="1380" depart="993.60" from="-642" to="-361" type="td_0" departLane="best" departSpeed="max" departPos="random"/>
    <trip id="1381" depart="994.32" from="-621" to="-128" type="td_0" departLane="best" departSpeed="max" departPos="random"/>
    <trip id="1382" depart="995.04" from="9" to="379" type="td_0" departLane="best" departSpeed="max" departPos="random"/>
    <trip id="1383" depart="995.76" from="-15" to="614" type="td_0" departLane="best" departSpeed="max" departPos="random"/>
    <trip id="1384" depart="996.48" from="577" to="128" type="td_0" departLane="best" departSpeed="max" departPos="random"/>
    <trip id="1385" depart="997.20" from="319" to="-589" type="td_0" departLane="best" departSpeed="max" departPos="random"/>
    <trip id="1386" depart="997.92" from="614" to="-15" type="td_0" departLane="best" departSpeed="max" departPos="random"/>
    <trip id="1387" depart="998.64" from="-15" to="-313" type="td_0" departLane="best" departSpeed="max" departPos="random"/>
    <trip id="1388" depart="999.36" from="381" to="-138" type="td_0" departLane="best" departSpeed="max" departPos="random"/>
    <trip id="1389" depart="1000.08" from="117" to="-7" type="td_0" departLane="best" departSpeed="max" departPos="random"/>
    <trip id="1390" depart="1000.80" from="613" to="-361" type="td_0" departLane="best" departSpeed="max" departPos="random"/>
    <trip id="1391" depart="1001.52" from="-365" to="-523" type="td_0" departLane="best" departSpeed="max" departPos="random"/>
    <trip id="1392" depart="1002.24" from="365" to="361" type="td_0" departLane="best" departSpeed="max" departPos="random"/>
    <trip id="1393" depart="1002.96" from="333" to="-523" type="td_0" departLane="best" departSpeed="max" departPos="random"/>
    <trip id="1394" depart="1003.68" from="-379" to="-138" type="td_0" departLane="best" departSpeed="max" departPos="random"/>
    <trip id="1395" depart="1004.40" from="-336" to="517" type="td_0" departLane="best" departSpeed="max" departPos="random"/>
    <trip id="1396" depart="1005.12" from="121" to="-325" type="td_0" departLane="best" departSpeed="max" departPos="random"/>
    <trip id="1397" depart="1005.84" from="-325" to="117" type="td_0" departLane="best" departSpeed="max" departPos="random"/>
    <trip id="1398" depart="1006.56" from="-588" to="138" type="td_0" departLane="best" departSpeed="max" departPos="random"/>
    <trip id="1399" depart="1007.28" from="613" to="-348" type="td_0" departLane="best" departSpeed="max" departPos="random"/>
    <trip id="1400" depart="1008.00" from="-496" to="-381" type="td_0" departLane="best" departSpeed="max" departPos="random"/>
    <trip id="1401" depart="1008.72" from="-210" to="-326" type="td_0" departLane="best" departSpeed="max" departPos="random"/>
    <trip id="1402" depart="1009.44" from="313" to="570" type="td_0" departLane="best" departSpeed="max" departPos="random"/>
    <trip id="1403" depart="1010.16" from="319" to="-123" type="td_0" departLane="best" departSpeed="max" departPos="random"/>
    <trip id="1404" depart="1010.88" from="492" to="-535" type="td_0" departLane="best" departSpeed="max" departPos="random"/>
    <trip id="1405" depart="1011.60" from="-15" to="-379" type="td_0" departLane="best" departSpeed="max" departPos="random"/>
    <trip id="1406" depart="1012.32" from="-535" to="128" type="td_0" departLane="best" departSpeed="max" departPos="random"/>
    <trip id="1407" depart="1013.04" from="25" to="-38" type="td_0" departLane="best" departSpeed="max" departPos="random"/>
    <trip id="1408" depart="1013.76" from="7" to="-121" type="td_0" departLane="best" departSpeed="max" departPos="random"/>
    <trip id="1409" depart="1014.48" from="-585" to="11" type="td_0" departLane="best" departSpeed="max" departPos="random"/>
    <trip id="1410" depart="1015.20" from="338" to="-379" type="td_0" departLane="best" departSpeed="max" departPos="random"/>
    <trip id="1411" depart="1015.92" from="-612" to="535" type="td_0" departLane="best" departSpeed="max" departPos="random"/>
    <trip id="1412" depart="1016.64" from="-3" to="-117" type="td_0" departLane="best" departSpeed="max" departPos="random"/>
    <trip id="1413" depart="1017.36" from="383" to="642" type="td_0" departLane="best" departSpeed="max" departPos="random"/>
    <trip id="1414" depart="1018.08" from="-25" to="570" type="td_0" departLane="best" departSpeed="max" departPos="random"/>
    <trip id="1415" depart="1018.80" from="-570" to="332" type="td_0" departLane="best" departSpeed="max" departPos="random"/>
    <trip id="1416" depart="1019.52" from="17" to="3" type="td_0" departLane="best" departSpeed="max" departPos="random"/>
    <trip id="1417" depart="1020.24" from="-365" to="569" type="td_0" departLane="best" departSpeed="max" departPos="random"/>
    <trip id="1418" depart="1020.96" from="-117" to="-128" type="td_0" departLane="best" departSpeed="max" departPos="random"/>
    <trip id="1419" depart="1021.68" from="579" to="-9" type="td_0" departLane="best" departSpeed="max" departPos="random"/>
    <trip id="1420" depart="1022.40" from="-25" to="612" type="td_0" departLane="best" departSpeed="max" departPos="random"/>
    <trip id="1421" depart="1023.12" from="383" to="-570" type="td_0" departLane="best" departSpeed="max" departPos="random"/>
    <trip id="1422" depart="1023.84" from="-123" to="116" type="td_0" departLane="best" departSpeed="max" departPos="random"/>
    <trip id="1423" depart="1024.56" from="-326" to="25" type="td_0" departLane="best" departSpeed="max" departPos="random"/>
    <trip id="1424" depart="1025.28" from="381" to="-601" type="td_0" departLane="best" departSpeed="max" departPos="random"/>
    <trip id="1425" depart="1026.00" from="-119" to="349" type="td_0" departLane="best" departSpeed="max" departPos="random"/>
    <trip id="1426" depart="1026.72" from="-326" to="-348" type="td_0" departLane="best" departSpeed="max" departPos="random"/>
    <trip id="1427" depart="1027.44" from="-332" to="-383" type="td_0" departLane="best" departSpeed="max" departPos="random"/>
    <trip id="1428" depart="1028.16" from="535" to="-123" type="td_0" departLane="best" departSpeed="max" departPos="random"/>
    <trip id="1429" depart="1028.88" from="128" to="-365" type="td_0" departLane="best" departSpeed="max" departPos="random"/>
    <trip id="1430" depart="1029.60" from="-383" to="-613" type="td_0" departLane="best" departSpeed="max" departPos="random"/>
    <trip id="1431" depart="1030.32" from="-9" to="-128" type="td_0" departLane="best" departSpeed="max" departPos="random"/>
    <trip id="1432" depart="1031.04" from="-38" to="-313" type="td_0" departLane="best" departSpeed="max" departPos="random"/>
    <trip id="1433" depart="1031.76" from="-336" to="601" type="td_0" departLane="best" departSpeed="max" departPos="random"/>
    <trip id="1434" depart="1032.48" from="-64" to="332" type="td_0" departLane="best" departSpeed="max" departPos="random"/>
    <trip id="1435" depart="1033.20" from="379" to="533" type="td_0" departLane="best" departSpeed="max" departPos="random"/>
    <trip id="1436" depart="1033.92" from="7" to="517" type="td_0" departLane="best" departSpeed="max" departPos="random"/>
    <trip id="1437" depart="1034.64" from="-535" to="15" type="td_0" departLane="best" departSpeed="max" departPos="random"/>
    <trip id="1438" depart="1035.36" from="-618" to="613" type="td_0" departLane="best" departSpeed="max" departPos="random"/>
    <trip id="1439" depart="1036.08" from="-623" to="-592" type="td_0" departLane="best" departSpeed="max" departPos="random"/>
    <trip id="1440" depart="1036.80" from="-330" to="-523" type="td_0" departLane="best" departSpeed="max" departPos="random"/>
    <trip id="1441" depart="1037.52" from="-344" to="608" type="td_0" departLane="best" departSpeed="max" departPos="random"/>
    <trip id="1442" depart="1038.24" from="356" to="-128" type="td_0" departLane="best" departSpeed="max" departPos="random"/>
    <trip id="1443" depart="1038.96" from="7" to="138" type="td_0" departLane="best" departSpeed="max" departPos="random"/>
    <trip id="1444" depart="1039.68" from="348" to="9" type="td_0" departLane="best" departSpeed="max" departPos="random"/>
    <trip id="1445" depart="1040.40" from="614" to="-19" type="td_0" departLane="best" departSpeed="max" departPos="random"/>
    <trip id="1446" depart="1041.12" from="19" to="-381" type="td_0" departLane="best" departSpeed="max" departPos="random"/>
    <trip id="1447" depart="1041.84" from="38" to="613" type="td_0" departLane="best" departSpeed="max" departPos="random"/>
    <trip id="1448" depart="1042.56" from="-125" to="9" type="td_0" departLane="best" departSpeed="max" departPos="random"/>
    <trip id="1449" depart="1043.28" from="-344" to="585" type="td_0" departLane="best" departSpeed="max" departPos="random"/>
    <trip id="1450" depart="1044.00" from="365" to="-579" type="td_0" departLane="best" departSpeed="max" departPos="random"/>
    <trip id="1451" depart="1044.72" from="492" to="585" type="td_0" departLane="best" departSpeed="max" departPos="random"/>
    <trip id="1452" depart="1045.44" from="-330" to="313" type="td_0" departLane="best" departSpeed="max" departPos="random"/>
    <trip id="1453" depart="1046.16" from="379" to="361" type="td_0" departLane="best" departSpeed="max" departPos="random"/>
    <trip id="1454" depart="1046.88" from="585" to="-121" type="td_0" departLane="best" departSpeed="max" departPos="random"/>
    <trip id="1455" depart="1047.60" from="319" to="623" type="td_0" departLane="best" departSpeed="max" departPos="random"/>
    <trip id="1456" depart="1048.32" from="117" to="210" type="td_0" departLane="best" departSpeed="max" departPos="random"/>
    <trip id="1457" depart="1049.04" from="-332" to="7" type="td_0" departLane="best" departSpeed="max" departPos="random"/>
    <trip id="1458" depart="1049.76" from="535" to="123" type="td_0" departLane="best" departSpeed="max" departPos="random"/>
    <trip id="1459" depart="1050.48" from="-496" to="123" type="td_0" departLane="best" departSpeed="max" departPos="random"/>
    <trip id="1460" depart="1051.20" from="-138" to="-361" type="td_0" departLane="best" departSpeed="max" departPos="random"/>
    <trip id="1461" depart="1051.92" from="-344" to="13" type="td_0" departLane="best" departSpeed="max" departPos="random"/>
    <trip id="1462" depart="1052.64" from="-11" to="614" type="td_0" departLane="best" departSpeed="max" departPos="random"/>
    <trip id="1463" depart="1053.36" from="-336" to="-3" type="td_0" departLane="best" departSpeed="max" departPos="random"/>
    <trip id="1464" depart="1054.08" from="326" to="614" type="td_0" departLane="best" departSpeed="max" departPos="random"/>
    <trip id="1465" depart="1054.80" from="504" to="-535" type="td_0" departLane="best" departSpeed="max" departPos="random"/>
    <trip id="1466" depart="1055.52" from="-117" to="3" type="td_0" departLane="best" departSpeed="max" departPos="random"/>
    <trip id="1467" depart="1056.24" from="585" to="505" type="td_0" departLane="best" departSpeed="max" departPos="random"/>
    <trip id="1468" depart="1056.96" from="504" to="589" type="td_0" departLane="best" departSpeed="max" departPos="random"/>
    <trip id="1469" depart="1057.68" from="613" to="-589" type="td_0" departLane="best" departSpeed="max" departPos="random"/>
    <trip id="1470" depart="1058.40" from="592" to="-601" type="td_0" departLane="best" departSpeed="max" departPos="random"/>
    <trip id="1471" depart="1059.12" from="-17" to="-505" type="td_0" departLane="best" departSpeed="max" departPos="random"/>
    <trip id="1472" depart="1059.84" from="-3" to="-326" type="td_0" departLane="best" departSpeed="max" departPos="random"/>
    <trip id="1473" depart="1060.56" from="601" to="523" type="td_0" departLane="best" departSpeed="max" departPos="random"/>
    <trip id="1474" depart="1061.28" from="613" to="336" type="td_0" departLane="best" departSpeed="max" departPos="random"/>
    <trip id="1475" depart="1062.00" from="-330" to="64" type="td_0" departLane="best" departSpeed="max" departPos="random"/>
    <trip id="1476" depart="1062.72" from="313" to="618" type="td_0" departLane="best" departSpeed="max" departPos="random"/>
    <trip id="1477" depart="1063.44" from="361" to="-356" type="td_0" departLane="best" departSpeed="max" departPos="random"/>
    <trip id="1478" depart="1064.16" from="123" to="-333" type="td_0" departLane="best" departSpeed="max" departPos="random"/>
    <trip id="1479" depart="1064.88" from="-496" to="356" type="td_0" departLane="best" departSpeed="max" departPos="random"/>
    <trip id="1480" depart="1065.60" from="-25" to="381" type="td_0" departLane="best" departSpeed="max" departPos="random"/>
    <trip id="1481" depart="1066.32" from="601" to="623" type="td_0" departLane="best" departSpeed="max" departPos="random"/>
    <trip id="1482" depart="1067.04" from="-579" to="9" type="td_0" departLane="best" departSpeed="max" departPos="random"/>
    <trip id="1483" depart="1067.76" from="613" to="-121" type="td_0" departLane="best" departSpeed="max" departPos="random"/>
    <trip id="1484" depart="1068.48" from="125" to="614" type="td_0" departLane="best" departSpeed="max" departPos="random"/>
    <trip id="1485" depart="1069.20" from="614" to="-349" type="td_0" departLane="best" departSpeed="max" departPos="random"/>
    <trip id="1486" depart="1069.92" from="117" to="621" type="td_0" departLane="best" departSpeed="max" departPos="random"/>
    <trip id="1487" depart="1070.64" from="-313" to="492" type="td_0" departLane="best" departSpeed="max" departPos="random"/>
    <trip id="1488" depart="1071.36" from="-349" to="642" type="td_0" departLane="best" departSpeed="max" departPos="random"/>
    <trip id="1489" depart="1072.08" from="-326" to="601" type="td_0" departLane="best" departSpeed="max" departPos="random"/>
    <trip id="1490" depart="1072.80" from="-138" to="365" type="td_0" departLane="best" departSpeed="max" departPos="random"/>
    <trip id="1491" depart="1073.52" from="15" to="601" type="td_0" departLane="best" departSpeed="max" departPos="random"/>
    <trip id="1492" depart="1074.24" from="-608" to="-381" type="td_0" departLane="best" departSpeed="max" departPos="random"/>
    <trip id="1493" depart="1074.96" from="-361" to="-13" type="td_0" departLane="best" departSpeed="max" departPos="random"/>
    <trip id="1494" depart="1075.68" from="-365" to="-210" type="td_0" departLane="best" departSpeed="max" departPos="random"/>
    <trip id="1495" depart="1076.40" from="-11" to="-592" type="td_0" departLane="best" departSpeed="max" departPos="random"/>
    <trip id="1496" depart="1077.12" from="333" to="64" type="td_0" departLane="best" departSpeed="max" departPos="random"/>
    <trip id="1497" depart="1077.84" from="570" to="123" type="td_0" departLane="best" departSpeed="max" departPos="random"/>
    <trip id="1498" depart="1078.56" from="-570" to="17" type="td_0" departLane="best" departSpeed="max" departPos="random"/>
    <trip id="1499" depart="1079.28" from="-17" to="121" type="td_0" departLane="best" departSpeed="max" departPos="random"/>
    <trip id="1500" depart="1080.00" from="517" to="336" type="td_0" departLane="best" departSpeed="max" departPos="random"/>
    <trip id="1501" depart="1080.72" from="313" to="-326" type="td_0" departLane="best" departSpeed="max" departPos="random"/>
    <trip id="1502" depart="1081.44" from="-128" to="585" type="td_0" departLane="best" departSpeed="max" departPos="random"/>
    <trip id="1503" depart="1082.16" from="-383" to="-523" type="td_0" departLane="best" departSpeed="max" departPos="random"/>
    <trip id="1504" depart="1082.88" from="608" to="-13" type="td_0" departLane="best" departSpeed="max" departPos="random"/>
    <trip id="1505" depart="1083.60" from="-326" to="-589" type="td_0" departLane="best" departSpeed="max" departPos="random"/>
    <trip id="1506" depart="1084.32" from="333" to="17" type="td_0" departLane="best" departSpeed="max" departPos="random"/>
    <trip id="1507" depart="1085.04" from="577" to="-17" type="td_0" departLane="best" departSpeed="max" departPos="random"/>
    <trip id="1508" depart="1085.76" from="123" to="326" type="td_0" departLane="best" departSpeed="max" departPos="random"/>
    <trip id="1509" depart="1086.48" from="-618" to="-121" type="td_0" departLane="best" departSpeed="max" departPos="random"/>
    <trip id="1510" depart="1087.20" from="601" to="-326" type="td_0" departLane="best" departSpeed="max" departPos="random"/>
    <trip id="1511" depart="1087.92" from="570" to="-326" type="td_0" departLane="best" departSpeed="max" departPos="random"/>
    <trip id="1512" depart="1088.64" from="-17" to="-344" type="td_0" departLane="best" departSpeed="max" departPos="random"/>
    <trip id="1513" depart="1089.36" from="-332" to="361" type="td_0" departLane="best" departSpeed="max" departPos="random"/>
    <trip id="1514" depart="1090.08" from="332" to="381" type="td_0" departLane="best" departSpeed="max" departPos="random"/>
    <trip id="1515" depart="1090.80" from="-379" to="-492" type="td_0" departLane="best" departSpeed="max" departPos="random"/>
    <trip id="1516" depart="1091.52" from="-349" to="-126" type="td_0" departLane="best" departSpeed="max" departPos="random"/>
    <trip id="1517" depart="1092.24" from="119" to="579" type="td_0" departLane="best" departSpeed="max" departPos="random"/>
    <trip id="1518" depart="1092.96" from="-319" to="-585" type="td_0" departLane="best" departSpeed="max" departPos="random"/>
    <trip id="1519" depart="1093.68" from="-592" to="-504" type="td_0" departLane="best" departSpeed="max" departPos="random"/>
    <trip id="1520" depart="1094.40" from="210" to="319" type="td_0" departLane="best" departSpeed="max" departPos="random"/>
    <trip id="1521" depart="1095.12" from="-336" to="-121" type="td_0" departLane="best" departSpeed="max" departPos="random"/>
    <trip id="1522" depart="1095.84" from="-326" to="-504" type="td_0" departLane="best" departSpeed="max" departPos="random"/>
    <trip id="1523" depart="1096.56" from="-13" to="585" type="td_0" departLane="best" departSpeed="max" departPos="random"/>
    <trip id="1524" depart="1097.28" from="-496" to="-608" type="td_0" departLane="best" departSpeed="max" departPos="random"/>
    <trip id="1525" depart="1098.00" from="-621" to="338" type="td_0" departLane="best" departSpeed="max" departPos="random"/>
    <trip id="1526" depart="1098.72" from="-15" to="15" type="td_0" departLane="best" departSpeed="max" departPos="random"/>
    <trip id="1527" depart="1099.44" from="-332" to="601" type="td_0" departLane="best" departSpeed="max" departPos="random"/>
    <trip id="1528" depart="1100.16" from="-569" to="-9" type="td_0" departLane="best" departSpeed="max" departPos="random"/>
    <trip id="1529" depart="1100.88" from="-365" to="117" type="td_0" departLane="best" departSpeed="max" departPos="random"/>
    <trip id="1530" depart="1101.60" from="-348" to="-381" type="td_0" departLane="best" departSpeed="max" departPos="random"/>
    <trip id="1531" depart="1102.32" from="-126" to="496" type="td_0" departLane="best" departSpeed="max" departPos="random"/>
    <trip id="1532" depart="1103.04" from="210" to="-15" type="td_0" departLane="best" departSpeed="max" departPos="random"/>
    <trip id="1533" depart="1103.76" from="-523" to="15" type="td_0" departLane="best" departSpeed="max" departPos="random"/>
    <trip id="1534" depart="1104.48" from="614" to="313" type="td_0" departLane="best" departSpeed="max" departPos="random"/>
    <trip id="1535" depart="1105.20" from="-9" to="579" type="td_0" departLane="best" departSpeed="max" departPos="random"/>
    <trip id="1536" depart="1105.92" from="381" to="-614" type="td_0" departLane="best" departSpeed="max" departPos="random"/>
    <trip id="1537" depart="1106.64" from="-642" to="589" type="td_0" departLane="best" departSpeed="max" departPos="random"/>
    <trip id="1538" depart="1107.36" from="-614" to="597" type="td_0" departLane="best" departSpeed="max" departPos="random"/>
    <trip id="1539" depart="1108.08" from="-614" to="-138" type="td_0" departLane="best" departSpeed="max" departPos="random"/>
    <trip id="1540" depart="1108.80" from="579" to="379" type="td_0" departLane="best" departSpeed="max" departPos="random"/>
    <trip id="1541" depart="1109.52" from="-623" to="608" type="td_0" departLane="best" departSpeed="max" departPos="random"/>
    <trip id="1542" depart="1110.24" from="365" to="348" type="td_0" departLane="best" departSpeed="max" departPos="random"/>
    <trip id="1543" depart="1110.96" from="13" to="-25" type="td_0" departLane="best" departSpeed="max" departPos="random"/>
    <trip id="1544" depart="1111.68" from="344" to="-332" type="td_0" departLane="best" departSpeed="max" departPos="random"/>
    <trip id="1545" depart="1112.40" from="7" to="64" type="td_0" departLane="best" departSpeed="max" departPos="random"/>
    <trip id="1546" depart="1113.12" from="379" to="-3" type="td_0" departLane="best" departSpeed="max" departPos="random"/>
    <trip id="1547" depart="1113.84" from="-592" to="7" type="td_0" departLane="best" departSpeed="max" departPos="random"/>
    <trip id="1548" depart="1114.56" from="-597" to="9" type="td_0" departLane="best" departSpeed="max" departPos="random"/>
    <trip id="1549" depart="1115.28" from="13" to="577" type="td_0" departLane="best" departSpeed="max" departPos="random"/>
    <trip id="1550" depart="1116.00" from="-365" to="613" type="td_0" departLane="best" departSpeed="max" departPos="random"/>
    <trip id="1551" depart="1116.72" from="585" to="-13" type="td_0" departLane="best" departSpeed="max" departPos="random"/>
    <trip id="1552" depart="1117.44" from="-577" to="-608" type="td_0" departLane="best" departSpeed="max" departPos="random"/>
    <trip id="1553" depart="1118.16" from="-505" to="-383" type="td_0" departLane="best" departSpeed="max" departPos="random"/>
    <trip id="1554" depart="1118.88" from="-612" to="592" type="td_0" departLane="best" departSpeed="max" departPos="random"/>
    <trip id="1555" depart="1119.60" from="361" to="330" type="td_0" departLane="best" departSpeed="max" departPos="random"/>
    <trip id="1556" depart="1120.32" from="-64" to="-614" type="td_0" departLane="best" departSpeed="max" departPos="random"/>
    <trip id="1557" depart="1121.04" from="-589" to="-319" type="td_0" departLane="best" departSpeed="max" departPos="random"/>
    <trip id="1558" depart="1121.76" from="123" to="496" type="td_0" departLane="best" departSpeed="max" departPos="random"/>
    <trip id="1559" depart="1122.48" from="592" to="614" type="td_0" departLane="best" departSpeed="max" departPos="random"/>
    <trip id="1560" depart="1123.20" from="117" to="-19" type="td_0" departLane="best" departSpeed="max" departPos="random"/>
    <trip id="1561" depart="1123.92" from="-381" to="138" type="td_0" departLane="best" departSpeed="max" departPos="random"/>
    <trip id="1562" depart="1124.64" from="-523" to="-613" type="td_0" departLane="best" departSpeed="max" departPos="random"/>
    <trip id="1563" depart="1125.36" from="-577" to="121" type="td_0" departLane="best" departSpeed="max" departPos="random"/>
    <trip id="1564" depart="1126.08" from="126" to="-123" type="td_0" departLane="best" departSpeed="max" departPos="random"/>
    <trip id="1565" depart="1126.80" from="-38" to="-319" type="td_0" departLane="best" departSpeed="max" departPos="random"/>
    <trip id="1566" depart="1127.52" from="126" to="356" type="td_0" departLane="best" departSpeed="max" departPos="random"/>
    <trip id="1567" depart="1128.24" from="-121" to="601" type="td_0" departLane="best" departSpeed="max" departPos="random"/>
    <trip id="1568" depart="1128.96" from="-517" to="-361" type="td_0" departLane="best" departSpeed="max" departPos="random"/>
    <trip id="1569" depart="1129.68" from="338" to="614" type="td_0" departLane="best" departSpeed="max" departPos="random"/>
    <trip id="1570" depart="1130.40" from="577" to="-119" type="td_0" departLane="best" departSpeed="max" departPos="random"/>
    <trip id="1571" depart="1131.12" from="38" to="-505" type="td_0" departLane="best" departSpeed="max" departPos="random"/>
    <trip id="1572" depart="1131.84" from="-38" to="123" type="td_0" departLane="best" departSpeed="max" departPos="random"/>
    <trip id="1573" depart="1132.56" from="319" to="-17" type="td_0" departLane="best" departSpeed="max" departPos="random"/>
    <trip id="1574" depart="1133.28" from="523" to="-313" type="td_0" departLane="best" departSpeed="max" departPos="random"/>
    <trip id="1575" depart="1134.00" from="614" to="-9" type="td_0" departLane="best" departSpeed="max" departPos="random"/>
    <trip id="1576" depart="1134.72" from="381" to="-381" type="td_0" departLane="best" departSpeed="max" departPos="random"/>
    <trip id="1577" depart="1135.44" from="-589" to="336" type="td_0" departLane="best" departSpeed="max" departPos="random"/>
    <trip id="1578" depart="1136.16" from="-332" to="-348" type="td_0" departLane="best" departSpeed="max" departPos="random"/>
    <trip id="1579" depart="1136.88" from="381" to="383" type="td_0" departLane="best" departSpeed="max" departPos="random"/>
    <trip id="1580" depart="1137.60" from="344" to="589" type="td_0" departLane="best" departSpeed="max" departPos="random"/>
    <trip id="1581" depart="1138.32" from="381" to="128" type="td_0" departLane="best" departSpeed="max" departPos="random"/>
    <trip id="1582" depart="1139.04" from="-325" to="-517" type="td_0" departLane="best" departSpeed="max" departPos="random"/>
    <trip id="1583" depart="1139.76" from="-625" to="-313" type="td_0" departLane="best" departSpeed="max" departPos="random"/>
    <trip id="1584" depart="1140.48" from="505" to="597" type="td_0" departLane="best" departSpeed="max" departPos="random"/>
    <trip id="1585" depart="1141.20" from="-119" to="-338" type="td_0" departLane="best" departSpeed="max" departPos="random"/>
    <trip id="1586" depart="1141.92" from="383" to="579" type="td_0" departLane="best" departSpeed="max" departPos="random"/>
    <trip id="1587" depart="1142.64" from="-361" to="116" type="td_0" departLane="best" departSpeed="max" departPos="random"/>
    <trip id="1588" depart="1143.36" from="588" to="365" type="td_0" departLane="best" departSpeed="max" departPos="random"/>
    <trip id="1589" depart="1144.08" from="-38" to="570" type="td_0" departLane="best" departSpeed="max" departPos="random"/>
    <trip id="1590" depart="1144.80" from="-625" to="332" type="td_0" departLane="best" departSpeed="max" departPos="random"/>
    <trip id="1591" depart="1145.52" from="-210" to="-121" type="td_0" departLane="best" departSpeed="max" departPos="random"/>
    <trip id="1592" depart="1146.24" from="-570" to="313" type="td_0" departLane="best" departSpeed="max" departPos="random"/>
    <trip id="1593" depart="1146.96" from="-330" to="592" type="td_0" departLane="best" departSpeed="max" departPos="random"/>
    <trip id="1594" depart="1147.68" from="123" to="-579" type="td_0" departLane="best" departSpeed="max" departPos="random"/>
    <trip id="1595" depart="1148.40" from="-325" to="608" type="td_0" departLane="best" departSpeed="max" departPos="random"/>
    <trip id="1596" depart="1149.12" from="338" to="356" type="td_0" departLane="best" departSpeed="max" departPos="random"/>
    <trip id="1597" depart="1149.84" from="-381" to="-592" type="td_0" departLane="best" departSpeed="max" departPos="random"/>
    <trip id="1598" depart="1150.56" from="-325" to="25" type="td_0" departLane="best" departSpeed="max" departPos="random"/>
    <trip id="1599" depart="1151.28" from="613" to="588" type="td_0" departLane="best" departSpeed="max" departPos="random"/>
    <trip id="1600" depart="1152.00" from="17" to="349" type="td_0" departLane="best" departSpeed="max" departPos="random"/>
    <trip id="1601" depart="1152.72" from="-379" to="-613" type="td_0" departLane="best" departSpeed="max" departPos="random"/>
    <trip id="1602" depart="1153.44" from="-117" to="517" type="td_0" departLane="best" departSpeed="max" departPos="random"/>
    <trip id="1603" depart="1154.16" from="348" to="-117" type="td_0" departLane="best" departSpeed="max" departPos="random"/>
    <trip id="1604" depart="1154.88" from="585" to="336" type="td_0" departLane="best" departSpeed="max" departPos="random"/>
    <trip id="1605" depart="1155.60" from="125" to="-117" type="td_0" departLane="best" departSpeed="max" departPos="random"/>
    <trip id="1606" depart="1156.32" from="-361" to="535" type="td_0" departLane="best" departSpeed="max" departPos="random"/>
    <trip id="1607" depart="1157.04" from="-492" to="64" type="td_0" departLane="best" departSpeed="max" departPos="random"/>
    <trip id="1608" depart="1157.76" from="15" to="-64" type="td_0" departLane="best" departSpeed="max" departPos="random"/>
    <trip id="1609" depart="1158.48" from="-570" to="-579" type="td_0" departLane="best" departSpeed="max" departPos="random"/>
    <trip id="1610" depart="1159.20" from="-361" to="117" type="td_0" departLane="best" departSpeed="max" departPos="random"/>
    <trip id="1611" depart="1159.92" from="25" to="570" type="td_0" departLane="best" departSpeed="max" departPos="random"/>
    <trip id="1612" depart="1160.64" from="-585" to="-19" type="td_0" departLane="best" departSpeed="max" departPos="random"/>
    <trip id="1613" depart="1161.36" from="-625" to="344" type="td_0" departLane="best" departSpeed="max" departPos="random"/>
    <trip id="1614" depart="1162.08" from="504" to="-589" type="td_0" departLane="best" departSpeed="max" departPos="random"/>
    <trip id="1615" depart="1162.80" from="17" to="325" type="td_0" departLane="best" departSpeed="max" departPos="random"/>
    <trip id="1616" depart="1163.52" from="-492" to="-210" type="td_0" departLane="best" departSpeed="max" departPos="random"/>
    <trip id="1617" depart="1164.24" from="-126" to="7" type="td_0" departLane="best" departSpeed="max" departPos="random"/>
    <trip id="1618" depart="1164.96" from="15" to="589" type="td_0" departLane="best" departSpeed="max" departPos="random"/>
    <trip id="1619" depart="1165.68" from="-365" to="379" type="td_0" departLane="best" departSpeed="max" departPos="random"/>
    <trip id="1620" depart="1166.40" from="570" to="-505" type="td_0" departLane="best" departSpeed="max" departPos="random"/>
    <trip id="1621" depart="1167.12" from="-319" to="504" type="td_0" departLane="best" departSpeed="max" departPos="random"/>
    <trip id="1622" depart="1167.84" from="577" to="535" type="td_0" departLane="best" departSpeed="max" departPos="random"/>
    <trip id="1623" depart="1168.56" from="379" to="319" type="td_0" departLane="best" departSpeed="max" departPos="random"/>
    <trip id="1624" depart="1169.28" from="19" to="349" type="td_0" departLane="best" departSpeed="max" departPos="random"/>
    <trip id="1625" depart="1170.00" from="332" to="338" type="td_0" departLane="best" departSpeed="max" departPos="random"/>
    <trip id="1626" depart="1170.72" from="9" to="-38" type="td_0" departLane="best" departSpeed="max" departPos="random"/>
    <trip id="1627" depart="1171.44" from="-589" to="-592" type="td_0" departLane="best" departSpeed="max" departPos="random"/>
    <trip id="1628" depart="1172.16" from="-121" to="365" type="td_0" departLane="best" departSpeed="max" departPos="random"/>
    <trip id="1629" depart="1172.88" from="119" to="-336" type="td_0" departLane="best" departSpeed="max" departPos="random"/>
    <trip id="1630" depart="1173.60" from="332" to="-349" type="td_0" departLane="best" departSpeed="max" departPos="random"/>
    <trip id="1631" depart="1174.32" from="-642" to="517" type="td_0" departLane="best" departSpeed="max" departPos="random"/>
    <trip id="1632" depart="1175.04" from="579" to="348" type="td_0" departLane="best" departSpeed="max" departPos="random"/>
    <trip id="1633" depart="1175.76" from="-625" to="585" type="td_0" departLane="best" departSpeed="max" departPos="random"/>
    <trip id="1634" depart="1176.48" from="492" to="597" type="td_0" departLane="best" departSpeed="max" departPos="random"/>
    <trip id="1635" depart="1177.20" from="-330" to="-17" type="td_0" departLane="best" departSpeed="max" departPos="random"/>
    <trip id="1636" depart="1177.92" from="-25" to="-38" type="td_0" departLane="best" departSpeed="max" departPos="random"/>
    <trip id="1637" depart="1178.64" from="379" to="504" type="td_0" departLane="best" departSpeed="max" departPos="random"/>
    <trip id="1638" depart="1179.36" from="-332" to="349" type="td_0" departLane="best" departSpeed="max" departPos="random"/>
    <trip id="1639" depart="1180.08" from="-517" to="-15" type="td_0" departLane="best" departSpeed="max" departPos="random"/>
    <trip id="1640" depart="1180.80" from="-533" to="492" type="td_0" departLane="best" departSpeed="max" departPos="random"/>
    <trip id="1641" depart="1181.52" from="-496" to="523" type="td_0" departLane="best" departSpeed="max" departPos="random"/>
    <trip id="1642" depart="1182.24" from="-517" to="-38" type="td_0" departLane="best" departSpeed="max" departPos="random"/>
    <trip id="1643" depart="1182.96" from="-383" to="585" type="td_0" departLane="best" departSpeed="max" departPos="random"/>
    <trip id="1644" depart="1183.68" from="-613" to="589" type="td_0" departLane="best" departSpeed="max" departPos="random"/>
    <trip id="1645" depart="1184.40" from="121" to="623" type="td_0" departLane="best" departSpeed="max" departPos="random"/>
    <trip id="1646" depart="1185.12" from="-128" to="601" type="td_0" departLane="best" departSpeed="max" departPos="random"/>
    <trip id="1647" depart="1185.84" from="-623" to="589" type="td_0" departLane="best" departSpeed="max" departPos="random"/>
    <trip id="1648" depart="1186.56" from="-577" to="-505" type="td_0" departLane="best" departSpeed="max" departPos="random"/>
    <trip id="1649" depart="1187.28" from="-125" to="588" type="td_0" departLane="best" departSpeed="max" departPos="random"/>
    <trip id="1650" depart="1188.00" from="-3" to="-344" type="td_0" departLane="best" departSpeed="max" departPos="random"/>
    <trip id="1651" depart="1188.72" from="-588" to="210" type="td_0" departLane="best" departSpeed="max" departPos="random"/>
    <trip id="1652" depart="1189.44" from="579" to="116" type="td_0" departLane="best" departSpeed="max" departPos="random"/>
    <trip id="1653" depart="1190.16" from="-504" to="379" type="td_0" departLane="best" departSpeed="max" departPos="random"/>
    <trip id="1654" depart="1190.88" from="356" to="121" type="td_0" departLane="best" departSpeed="max" departPos="random"/>
    <trip id="1655" depart="1191.60" from="138" to="-333" type="td_0" departLane="best" departSpeed="max" departPos="random"/>
    <trip id="1656" depart="1192.32" from="138" to="-116" type="td_0" departLane="best" departSpeed="max" departPos="random"/>
    <trip id="1657" depart="1193.04" from="-38" to="504" type="td_0" departLane="best" departSpeed="max" departPos="random"/>
    <trip id="1658" depart="1193.76" from="-326" to="504" type="td_0" departLane="best" departSpeed="max" departPos="random"/>
    <trip id="1659" depart="1194.48" from="-621" to="504" type="td_0" departLane="best" departSpeed="max" departPos="random"/>
    <trip id="1660" depart="1195.20" from="-138" to="326" type="td_0" departLane="best" departSpeed="max" departPos="random"/>
    <trip id="1661" depart="1195.92" from="138" to="-608" type="td_0" departLane="best" departSpeed="max" departPos="random"/>
    <trip id="1662" depart="1196.64" from="613" to="-592" type="td_0" departLane="best" departSpeed="max" departPos="random"/>
    <trip id="1663" depart="1197.36" from="-121" to="-344" type="td_0" departLane="best" departSpeed="max" departPos="random"/>
    <trip id="1664" depart="1198.08" from="-570" to="-117" type="td_0" departLane="best" departSpeed="max" departPos="random"/>
    <trip id="1665" depart="1198.80" from="-504" to="577" type="td_0" departLane="best" departSpeed="max" departPos="random"/>
    <trip id="1666" depart="1199.52" from="-333" to="348" type="td_0" departLane="best" departSpeed="max" departPos="random"/>
</routes>
